CBC 奥运会 解说员 就 中国 游泳 运动员 “ 像 猪 一 样 慢 ” 的 评论 道歉
周三 ， 拜伦 · 麦克唐纳  ( Byron MacDonald )  对 14 岁 小将 艾衍含 获得 女子 4x200 米 自由泳 接力赛 第四 名 的 评论 惹怒 了 收看 加拿大 广播 公司  ( CBC )  奥运 现场 直播 的 观众
加拿大 广播 公司 CBC 的 一 名 解说员 说 14 岁 的 中国 游泳 小将 在 比赛 中 “ 出发 时 游 得 比 臭气 散发 还 快 ” ， 最后 “ 却 像 猪 一 样 慢 ” ， 之后 CBC 被迫 对此 道歉 。
解说员 拜伦 · 麦克唐纳 在 女子 4x200 米 自由泳 接力赛 决赛 结束 时 ， 发表 了 一些 自己 的 看法 ， 当时 他 以为 自己 的 麦克风 已经 关掉 。
观众 听到 CBC 解说员 团队 这 位 戴 “ 有色 眼镜 ” 评论 选手 的 拜伦 说 ： “ 那 名 14 岁 的 中国 小 姑娘 犯 了 个 愚蠢 的 错误 。 ”
由于 太 激动 了 ， 开始 出发 时 游 得 比 臭气 散发 还 快 ， 但 后来 像头 猪 一 样 慢 。
还 真是 多亏 她 了 。
现年 14 岁 的 中国 游泳 选手 艾衍含 游 的 是 第二 棒 ， 用时 1 分 57 秒 79 —— 落后 加拿大 的 泰勒·拉克  ( Taylor Ruck )  1.61 秒 ， 继而 使得 加拿大队 缩小 了 与 中国 的 差距 。
整个 加拿大 的 观众 都 被 这 位 解说员 的 语气 及 措辞 给 惊到 了 ， 之后 他们 很 快 在 网络 上 做出 了 反应
Emmett Macfarlane 推送 道 ： “ 那 位 CBC 解说员 说 中国 14 岁 的 游泳 运动员 ‘ 慢 得 像 猪一样 ’ ？ ？ ？ ”
这个 白痴 没有 意识 到 是 在 直播 。
参加 女子 4x200 米 自由泳 接力赛 决赛 的 中国 小将 艾衍含 被 这样 描述 ： “ 那 名 14 岁 的 中国 小 姑娘 犯 了 个 愚蠢 的 错误 。 ”
推特 上 对 拜伦 · 麦克唐纳 的 批评 迅速 在 推特 上 铺天盖地 地 袭来 ， 很多 人 要求 其 退出 解说 。
当 推特 用户 听说 拜伦 · 麦克唐纳 对此 反应 迟钝 时 ， 他们 并未 就此 打住 。
另 一 位 推 特用户 Sarah Paradis 写道 ： “ 哇 # 拜伦 · 麦克唐纳 。
你 代表 的 是 CBC 和 加拿大 ， 你 的 言行 使得 我们 大家 听起来 都 像 一 群 种族 主义者 。 # 真 令 人 讨厌 。
不久后 ， CBC 广播 主持人 Scott Russel 就 拜伦 的 言论 在 直播 中 道歉 ， 他 说 ： “ 我们 对 直播 游泳 选手 表现 的 评论 而 道歉 。 ”
“ 我们 很 抱歉 出现 这 种 不合时宜 的 措辞 。 ”
CBC 向 那些 对 该 言论 有所 回应 的 推特 用户 道歉 90 多次
另 一 名 解说员 Scott Russel 也 代表 拜伦 致歉
CBC 之后 将 他们 的 道歉 复制 粘贴 给 了 其他 90多 位 抗议 拜伦 解说 的 推 特用户
该 频道 也 很 快 做出 了 道歉 并 发布 了 声明 。
我们 对 说出 这样 的话 并将 之 直播 出去 感到 无比 抱歉 。
昨晚 ， 我们 迅速 采取 行动 ， 向 收看 我们 直播 的 观众 以及 在 社交 媒体 上 关注 我们 的 观众 道歉 。
需要 说明 的 是 ， 拜伦 的 解说 针对 的 是 游泳 选手 的 表现 ， 但是 并不 是 针对 她 个人 。
就是说 ， 措辞 确实 不 恰当 ， 拜伦 对此 深感 抱歉 。
周四 下午 ， 麦克唐纳 在 直播 中 道歉 ， 他 说 自己 的 言语 没有 半点 人身 攻击 的 意思 ， 并 企图 借 此 为 自己 的 言论 开脱 。
“ 我 想 花 点 时间 为 自己 昨天 晚上 在 女子 接力赛 结束 后 发表 的 言论 道歉 ， ” 他 在 CBC 奥运 转播 上 如是 说 。
“ 我 只是 评论 游泳 选手 的 表现 ， 而 不 是 针对 其 个人 。 ”
“ 当然 ， 我 没有 不 尊重 的 意思 ， 我 很 抱歉 。 ”
初级 医生 罢工 ： 呼吁 新 的 劳工 行动
初级 医生 代表 号召 联盟 批准 其 针对 新 合同 纠纷 采取 新 的 劳工 行动 。
英国 医学 协会 初级 医生 委员会 将 要求 其 全体 成员 自 九月 初 开始 支持 更 多 的 劳工 行动 。
初级 医生 委员会 表示 ， 部长们 未 解决 对于 合同 的 忧虑 。
初级 医生 与 医科 学生 于 7月份 投票 抵制 与 英国 医学 协会 达成 的 合同 交易 。
参与 投票 的 成员 中 ， 58% 反对 该 合同 交易 。
初级 医生 委员会 主席 Ellen McCourt 在 周四 晚间 于推特 上 发表 的 一 封 致 成员 信中 表示 ， 对于 导致 合同 遭到 抵制 的 问题 ， 政府 “ 一贯 保持 沉默 ” 。
她 表示 ： “ 鉴于 此 ， 初级 医生 委员会 执行 委员会 已 投票 全盘 驳回 提议 的 新 合同 并 呼吁 就 所有 担忧 重新 进行 正式 协商 。 ”
针对 政府 的 沉默 态度 ， 初级 医生 委员会 执行 委员会 已 于 今日 正式 要求 英国 医学 协会 理事会 召开 特别 会议 批准 旨在 从 九月 初 开始 升级 劳工 行动 的 一 项 长期 计划 。
该 纠纷 已 导致 初级 医生 今年 共 参与 六次 罢工 ， 包括 英国 国家 医疗 服务 体系 历史 上 的 首次 全面 罢工 。
英国 医学 协会 初级 医生 领导者 Johann Malawana 博士 在 英国 医学 协会 所 推荐 的 合同 议定 条款 遭到 投票 抵制 之后 辞职 。
在 54,000 名 初级 医生 与 医科 学生 投票 之前 的 会议 中 ， 他 曾 对 英国 医学 协会 成员 表示 ， 该 交易 不错 ， 因此 应该 予以 接受 。
投票 后 ， 卫生部长 Jeremy Hunt 表示 ， 该 合同 将 在 英格兰 医护 人员 中 强制 实施 。
洛杉矶 中央 图书馆 的 惊艳 结构 先睹为快
美国 建筑 史学家 学会 南加利福尼亚 洲 分会 与 新书 《 洛杉矶 中央 博物馆 ： 其 艺术 与 建筑 历史 》 的 作者 阿诺·斯瓦茨曼 和 史蒂芬·吉举办 了 一 场 沙龙 。 观众们 可 通过 此次 活动 进一步 了解 市中心 中央 图书馆 的 历史 。
吉和斯 瓦茨曼 将 讨论 并 分享 1926年 贝特伦·古德西 的 设计 图片 以及 1933年 哈 迪・霍尔兹 曼・弗夫尔 事务所 的 修复 与 扩建 图片 。
此次 沙龙 的 时间 为 ： 8月 21日 下午 2点 至 4 点 ， 地点 ： Salle Moderne ， Art Deco Southwestern School of Law （ 前 Bullocks Wilshire ) ， 3050 Wilshire Blvd 。
参加 者 可以 参观 中央 大厅 、 时代 展室 、 仙人掌 休息室 和 茶室 。
需要 提前 订票 ； SAHSCC 会员 ： 15 美元 ； 非会员 ： 25 美元 。
DTLA 的 开放式 工厂 阁楼 进行 了 一 次 舒适 的 改造 。
庆祝 洛杉矶 中央 图书馆 90 周年 以及 新书 的 发售
犹太 电影 制片人 批评 柏林 酒店 按照 阿拉伯 客户 的 “ 要求 ” 删除 以色列 电话 代码 —— 路透社 新闻
一 位 有 着 犹太 血统 的 法国 电影 制片人 向 媒体 透露 ， 位于 柏林 的 凯宾斯基 酒店 没有 列出 以色列 的 电话 代码 ， 并且 酒店 员工 表示 这 是 按照 阿拉伯 客户 的 “ 要求 ” ， 这 引发 了 舆论 一片哗然 。
犹太人 大 屠杀 纪录片 《 浩劫 》 的 作者 克劳德·朗兹曼 表达 了 他 对 凯宾斯基 酒店 的 失望 ， 并且 在 德国 《 法兰克福 汇报 》 上 发表 了 一 封 公开信 。
在 最近 入住 期间 ， 朗兹曼 想 在 酒店 提供 的 电话 代码 列表 上 找到 以色列 。
但 以色列 没有 在 客人 可以 直接 从 房间 通话 的 国家 之 列 。
以色列 居然 在 2016年 德国 的 首都 柏林 消失了 ？
朗兹曼 写道 。
取而代之 的 是 ， 客人 可以 通过 凯宾斯基 酒店 的 呼叫 中心 拨打 以色列 电话 。
为了 寻求 解释 ， 这 位 电影 制片人 询问 了 酒店 的 前台 。
朗兹曼 在 信中 表示 ， 他 在 前台 得到 的 回答 “ 令 他 感到 震惊 ” 。
酒店 人员 表示 ， 这 是 “ 凯宾斯基 酒店 管理层 刻意 作出 的 决定 ” 。
而 这么 做 的 理由 更 是 让 这 位 电影 制片人 感到 愤怒 。
朗兹曼 引用 了 这 名 员工 的 原话 ： 我们 的 大部分 客人 都 是 阿拉伯人 ， 他们 要求 删除 以色列 的 代码 。 ”
根据 《 南 德 日报 》 的 报道 ， 以色列 驻 德国 大使 雅科 夫·哈达斯·汉德尔斯曼 将 这 件 事 称为 “ 奇耻大辱 ” 。
得知 这 一 事件 ， 我们 感到 大吃一惊 。
这 件 事 本身 就 是 一 个 巨大 的 耻辱 。
而 发生 在 德国 和 那家 连锁 酒店 更 是 丢人 现眼 。
这 件 事 无需 任何 解释 。
“ 我们 希望 该 酒店 能够 得出 正确 的 结论 ， ” 该 官员 表示 。
这 一 事件 在 网上 引发 了 热议 ， 大家 都 认为 这 是 一 桩 丑闻 。
有 人 认为 凯宾斯基 酒店 简直 是 为了 满足 阿拉伯 客户 的 要求 而 “ 卑躬屈膝 ” 。
另 一 个 帖子 直指 酒店 “ 真 不要脸 ” ， 并且 指出 这 家 位于 著名 的 库达姆 大街 的 大街 就 在 一 座 犹太教 会堂 附近 。
据 《 明镜 周刊 》 的 报道 ， 酒店 很 快 对 所有 指控 予以 澄清 ， 声称 一切 都 是 “ 疏忽 ” 并且 向朗 兹曼 表示 “ 歉意 ” 。
《 南 德 日报 》 引用 了 凯宾斯基 代表 的话 ： “ 从来 没有 下达 过 将 以色列 从 快速 拨号 列表 中 删除 的 直接 命令 ” 。
该 报 还 表示 以色列 代码 已 加入 到 列表 中 。
一 户 流氓 家庭 在 遭驱 逐前 毁坏 位于 康沃尔 郡 索尔 塔什 的 廉租房
因 恐吓 邻居 而 遭 驱逐 的 一 户 流氓 家庭 ， 在 离开 前 对 其 所住 廉租 房 进行 了 破坏 ， 造成 了 50000 英镑 的 损失 。
在 遭到 一 长 串 的 投诉 后 ， Tanya Skeldon 与其 丈夫 Shaun Trebilcock 被 赶出 了 位于 康沃尔 郡 索尔 塔什 的 廉租 房 。
在 被 强制 从 该 住所 遣离 后 ， 住房 协会 官员 惊讶 地 发现 这里 遭到 了 严重 破坏 。
墙上 到处 是 洞 ， 地板 被 扯破 了 ， 垃圾 扔 得 满地 都 是 ， 墙 壁上 被 涂 的 乱七八糟 。
遭到 驱逐 后 ， 这 家 人 一直 在 搬家 ， 据说 目前 住在 私人 住宅
康沃尔 郡 住房 协会 房屋 经理 Donna McEvoy 说 ， 她 担心 这 处 房子 已经 无法 挽救 了 。
她 说 ： “ 对于 住在 这里 的 人们 来说 ， 这 就 是 一 场 噩梦 ， 我 不 认为 人 可以 这样 生活 。 ”
现在 有 很多 事情 需要 权衡 ， 因为 这 处 房屋 很 可能 会 成为 康沃尔 郡 一 个 不 太 好 的 元素 。
这 户 家庭 臭名昭著 ， 他们 的 名字 同样 臭名昭著 。
这 对 夫妇 有 三 个 儿子 ， 他们 会 不时 住在 这里 。 警方 表示 ， 这 户 人家 的 恐怖 行为 包括 使用 棒球棍 在 街头 打架 、 恐吓 附近 居民 、 吸毒 、 贩毒 、 大喊大叫 、 争吵 以及 咒骂 。
六月份 ， 这 位 名叫 Skeldon 的 47 岁 租客 收到 了 一 份 反 社会 行为 决议 。
在 这 栋 可能 遭到 拆除 的 房子 里 ， 许多 房间 都 是 放置 许久 的 垃圾
在 这间 曾经 交易 过 毒品 的 房间 里 ， 地板 被 掀起 来 了
邻居 称 ， 经常 看到 他们 在 街头 打架 ， 也 经常 因此 报警
在 给 了 11 周 的 延长期 让 他们 自愿 搬离 后 ， 康沃尔 郡 住房 协会 本 周 强行 将 她 与 她 的 丈夫 驱离 该 住所 。
终于 松了 口气 的 邻居们 为此 欢呼 不已 ， 他们 表示 ， 之前 的 生活 简直 是 人间 地狱 。
一 位 邻居 说道 ： “ 他们 不在乎 任何 人 。 ”
我们 在 他们 隔壁 住 了 20 年 ， 一直 这么 糟糕 。
我们 曾 无数 次 看到 警察 登门 。
“ 今天 早晨 ， 我们 竟 睡 不 着 了 。 ”
我们 早早 就 起床 了 ， 因为 这里 太 安静 了 —— 我们 还 不 习惯 呢 ！
他们 终于 走 了 ， 真是 太 好 了 。
康沃尔 郡 住房 协会 社区 执行 经理 Adam Fitzpatrick 说道 ， 这 户 人家 没能 好好 配合 当地 政府 。
这 家 人 在 这 所 房子 里 住 了 20 年 ， 警察 经常 造访
垃圾 和 旧 玩具 被 扔在 该 廉租 房 杂草 丛生 的 一边
他 补充 说 ： “ 令 人 遗憾 的 是 ， 该 房客 没有 为 她 与 家人 的 行为 而 负 任何 责任 ， 驱逐 是 康沃尔 郡 住房 协会 最后 考虑 的 做法 。 ”
这 是 一 起 非常 难 处理 的 案件 ， 因为 他们 的 行为 非常 极端 ， 而 他们 的 所作所为 也 一定 让 邻居们 感到 万分 恐惧 。
我 感谢 我 的 团队 所 做 的 工作 ， 也 要 感谢 德文郡 与 康沃尔 郡 警方 以及 勇敢 向 我们 提供 信息 的 社区 成员 。
我 希望 此 举 将 给 邻居们 带来 些许 安慰 ， 并 传递 这样 一 个 信息 ： 我们 对 反社会 行为 绝不 容忍 。
Fitzpatrick 先生 表示 ， 他们 的 三 个 儿子 在 不同 时期 都 在 这个 房子 里 住 过 ， 但是 也 说了 ， 他们 都 才 20多 岁 。
在 他们 遭 驱离 后 ， 其中 一 间 卧室 的 地板 上 还 扔 着 一 个 脏 床垫
住房 协会 工人 很 快 将 清理 房子 周围 成堆 的 垃圾
2014年 ， 警方 曾 搜查 了 该 房屋 ， 发现 了 70多 克 大麻 ， 还 发现 了 天平 、 吸毒 用具 及 1,700 英镑 现金 。
认罪 后 ， Skeldon 因 持有 B 类 毒品 及 贩卖 毒品 意图 被 处以 罚款 。
她 声称 ， 钱 是 用来 给 2013年 死于 车祸 的 儿子 Lee Skeldon 买 墓碑 的 。
据 了解 ， 在 无家可归 后 ， Tanya 与其 丈夫 现在 住在 普利茅斯 的 一 处 私人 房屋 。
该 住房 多 间 房间 的 墙上 都 画 满 了 涂鸦 。
警方 表示 ， 他们 将 驱逐 违抗 租户 规则 的 租客 。
德文郡 与 康沃尔 郡 警局 的 Angela Crow 表示 ， 此 次 驱逐 向 其他 继续 违抗 租户 规则 的 租客 发出 了 明确 警告 。
“ 这 一 警告 针对 的 是 那些 认为 自己 的 行为 不 会 受到 指责 ， 以及 那些 受 这 种 行为 摧残 的 人们 ， ” 她 说 。
德文郡 与 康沃尔 郡 警局 绝不 容忍 犯罪 与 反 社会 行为 ， 他们 将 继续 携手 合作 伙伴 保护 我们 的 社区 。
如何 在 持枪 攻 击中 使用 马伽术 保护 自己
这个 世界 很 危险 ， 但是 Dailymail.com 上 的 这个 视频 或许 能 带给 你 一点 安全感 。
我们 向 纽约 的 马伽术 联盟  ( Krav Maga Federation )  大师 Rhon Mizrachi 请教 ， 了解 如何 近距离 应对 持枪 行凶者 。
不论 他 是 从 前面 ， 还是 后面 靠近 你 ， 该 视频 都 会 教 你 如何 转败为胜 。
Mizrachi 说 ， 如果 枪手 从 后面 靠近 你 ， 你 首先 要 做 的 就是 转身 ， 以便 你 能 看到 袭击者 ， 并 “ 清除 火线 ” 。
接着 ， 用 前臂 和 肩膀 夹住 枪 ， 然后 用 你 的 肘部 击打 袭击者 面部 。
接下来 用 膝盖 顶 其 腹股沟 ， 当 袭击者 因 疼痛 而 弯下 身 子时 ， 扭转 他 手中 的 枪 ， 用 枪管 和 后备 枪 组打 他 的 脸 ， 保持 武器 一直 对准 他 。
如果 枪手 从 前面 靠近 ， 也 采用 类似 技巧 —— 让 你 的 身体 不 在 火线 范围 内 ， 夺取 枪 并 扭转 枪口 ， 以便 枪手 不 能 开火 。
与此同时 ， 将 重量 压在 枪 上 并 击打 袭击者 的 胸部 ， 并从 他 紧握 的 手中 扭转 枪口 ， 然后 将 枪口 对准 他 。
听起来 很 复杂 ？
查看 视频 ， 看看 Mizrachi 到底 是 怎么 做 的 。
但是 请 记住 ， 如果 你 不 是 马伽术 大师 的话 ， 要想 摆脱 抢劫 ， 最 安全 的 办法 就 是 交出 现金 。
《 丰盛 大餐 》 中 大 萧条 时期 的 寒酸 食物
1933年 3月 ， 刚刚 当选 为 总统 的 富兰克林· 德拉诺·罗斯福 坐在 总统 办公室 里 享用 午餐 。
作为 一 名 美食家 ， 罗斯福 总统 喜欢 第五 大道 的 美食 ， 比如 鹅肝酱 和 马里兰 炖 水 鱼 。
那天 ， 他 的 菜单 十分 简单 ： 番茄酱 魔鬼 蛋 、 土豆泥 和 作为 点心 的 果脯 布丁 。
珍·齐格曼 表示 ： “ 这 是 为了 在 食物 上 与 正在 受苦 的 人们 同甘共苦 。 ”
她 的 丈夫 安德鲁·科补充 道 ： “ 这 也 体现 了 美国人 的 饮食 方式 。 ”
这 对 居住 在 布鲁克林 高地 的 夫妻 均 为 食品 历史 学家 。
科 先生 的 上 一 本 书 《 炒 杂烩 菜 》 是 关于 美国 的 中餐 ， 而 齐格曼 女士 在 她的 《 97 果园 》 一 书 中 通过 食物 讲述 了 贫民区 租 客们 的 生活 故事 。
他们 共同 编写 的 新 书 《 丰盛 大餐 》 中将 在 周二 由 哈珀 出版社 出版 ， 这 本 书 介绍 的 是 大 萧条 时期 美国 的 食品 历史 。
在 展示 了 一些 食物 方面 的 共同 见解 后 ， 他们 在 艾森 博格 的 三明治 店 中 遇到 了 一 名 记者 。 这个 位于 熨斗 区 的 简单 午餐 柜台 自 1929年 经济 奔溃 时 起 一直 营业 到 现在 。
54 岁 的 齐格曼 女士 点 了 一 份 奶油 芝士 配 碎 橄榄 三明治 ， 而 57 岁 的 科 先生 点 了 火鸡 、 土豆泥 和 蔬菜 拼盘 。
记者 点了 一 份 烘肉卷 ， 这 对 夫妻 认为 这些 菜 适合 讨论 大 萧条 时期 的 饮食 。
齐格曼 女士 说 ： “ 当时 面包 非常 流行 。 ”
当时 有 花生 面包 、 肝脏 面包 、 大豆 面包 。
它们 都 用 一 种 原料 和 一 种 能够 浇在 原料 上 的 便宜 浇头 制成 。
想象 一下 ， 你 的 晚餐 都 是 花生 。
科 先生 扮 了 个 怪相 。
他 说道 ： “ 它们 在 你 的 胃 里 肯定 就 像 铅 一样 。 ”
在 大萧条 发生 前 的 几 年 ， 美国人 顿顿 都 是 自助餐 ， 尤其是 在 郊区 。
一 群 女人 为 男 农场 工人们 烧饭 ， 早餐 、 午餐 和 晚餐 都 有 刚考 出来 的 馅饼 。
一 战 中 ， 正 是 美国人 将 食物 送给 了 饥饿 的 欧洲人 。 《 丰盛 大餐 》 记录 了 这个 国家 是 如何 突然 不再 成为 一 个 富足 之 地 。
科 先生 解释 了 为何 他 和 他 的 妻子 要 写 这 本 书 ： “ 当时 ， 食物 已 成为 令 美国人 感到 不 快 的 主要 话题 。 ”
另 一 个 不愉快 的话 题是 寒酸 的 新 食物 ： 面包 和 炖菜 等 “ 迷之 食物 ” 成为 了 主菜 ， 炖菜 是 “ 最佳 的 剩菜 烹饪 方式 ” ， 齐格曼 女士 说道 ， 这 是 因为 厨师们 可以 使用 酱料 中 的 奶油 掩盖 难吃 的 食材 。
新鲜 的 水果 被 便宜 的 干果 所 代替 。
多 年 来 一直 在 美国人 餐桌 上 担任 主角 的 肉 已 变成 了 一 种 稀有 的 奢侈品 。
奇怪 的 大杂烩 只 考虑 卡路里 ， 比起 味道 、 甚至 是 基本 的 烹饪 常识 ， 人们 最 先 考虑 的 是 营养 。
在 研究 本书 ， 包括 各 种 食谱 的 过程 中 ， 齐格曼 女士 制作 了 一 份 塞满 花生油 的 烤 洋葱 。
科 先生 说道 ： “ 这 在 晚餐 的 餐桌 上 并不 常见 。 ”
齐格曼 女士 表示 ： “ 这 也 太 奇怪 了 ” 。
花生油 与 烤 洋葱 根本 无法 搭配 。
这 是 许多 家庭 经济 餐 的 特点 。
家庭 经济学家们 影响 着 这个 国家 的 饮食 习惯 ， 比如 1923年 至 1943年 担任 联邦 家庭 经济局 主厨 的 路易斯·斯坦利 等人 ， 这 在 历史 上 是 绝无仅有 的 。
他们 在 报纸 和 杂志 中 发布 食谱 和 文章 ， 鼓励 女性 “ 精打细算 ” 并 勇于 将 奶油 意大利 面配 胡萝卜 等 糟糕 的 食物 变成 美食 。
《 丰盛 大餐 》 是 一 顿 丰盛 的 “ 历史 珍味 ” 。
尤其 值得 玩味 的 是 政府 对于 饥饿 民众们 的 回应 ， 比如 总统 市民 赫伯特·胡佛 “ 别人 的 事 我 可 管 不 了 ” 的 态度 。
虽然 他 公开 赞扬 了 童年 时 简单 的 爱荷华州 农舍 ， 但 他 的 饮食 却 像 百万富翁 一般 精致 。
科 先生 表示 ： “ 他 喜欢 吃 欧式 西餐 ， 比如 鱼 伴 黄瓜酱 ” 。
他 穿着 一 件 晚 礼服 ， 在 一 间 镀金 的 餐厅 中 就餐 。
他 显然 脱离 了 人民 。
如果 不 是 妻子 埃莉诺 鼓励 他 在 饮食 上 树立 榜样 ， 罗斯福 总统 可能 也 会 犯 相同 的 错误 。
正 如 本 书 所 言 ， 罗斯福 女士 所 聘用 的 管家 对于 味道 毫 无 兴趣 ， 因此 白宫 里 的 “ 食物 不仅 是 华盛顿 最难 吃 的 食物 ， 更 是 烹饪 最 差 的 食物 。 ”
当 美国 一 回到 正规 ， 许多 大 萧条 时期 的 烹饪 方式 就 被 摒弃 。
齐格曼 女士 表示 ， 所 留下 的 是 我们 对 卡路里 和 营养 的 关注 以及 将 科学 应用 到 烹饪 中 。
这 对 夫妻 表示 在 写 这 本 书 时 ， 他们 进一步 了解 了 齐格曼 女士 母亲 的 饮食 习惯 ， 比如 她 如何 不 把 食物 丢弃 。
科 先生 说道 ： “ 她 非常 害怕 浪费 食物 。 ”
齐格曼 女士 回忆 道 ： “ 她 实际上 让 许多 人生 了 病 。 ”
比如 曾经 发生 过 一起 “ 奶油 泡芙 ” 事件 。
在 撤掉 盘子 后 ， 她 与 科 先生 拿出 了 他们 在家 准备 的 一 份 甜品 ： 这 就 是 罗斯福 总统 在 午餐 中 所 吃 的 果脯 布丁 。
齐格曼 女士 说道 ： “ 这 叫作 奶油 果脯 ， “ 并且 补充 道 为 一 道 普通 的 菜 起 一 个 新潮 的 名字 是 “ 惯用 的 伎俩 ” 。
这道 甜品 中 没有 生 奶油 ， 只有 果脯 、 一点 面粉 、 糖 、 水 和 肉桂 。
大家 都 勉为其难 地 将 调羹 深入 粘稠 的 棕色 糊状 物中 。
意外 的 是 ， 这道 甜品 的 味道 还 不错 。
科 先生 又 吃 了 第二 匙 、 第三 匙 。
他 觉得 这 是 一 道 可以 接受 的 实惠 甜点 ， 便 告诉 妻子 ： “ 加点 碎 核桃 会 更 好吃 。 ”
昆斯费 里 大桥 现 已 通至 法夫
该 斥资 13.5亿 英镑 的 项目 计划 于 2017年 5月 完工
工程师们 已经 把 昆斯费 里 大桥  ( Queensferry Crossing )  的 北桥 面 和 高架桥 连接 到 一起 ， 也就是说 大桥 如今 已 通至 法夫 。
位于 每座 大桥 三 个 桥头堡 附近 的 四处 “ 桥面 风机 ” 合龙 现 已 接近 竣工 ， 而 该 项目 为首 个 合龙 的 大桥 。
起始于 法夫 的 这段 大桥 长 600 米 ， 重 30,000 公吨 。
它 使用 了 10,000 公吨 钢材 、 20,000 公吨 混凝土 和 46 根 斜拉 索 。
该 斥资 13.5亿 英镑 的 项目 计划 于 2017年 5月 完工 。
经济 部长 基思·布朗  ( Keith Brown )  今天 参观 了 现场 ， 成为 首 批 登上 大桥 的 人 之一 。
他 说 ： " 这 是 昆斯费 里 大桥 建造 过程 中 的 一 个 历史性 时刻 。 "
我们 都 见证 了 在 如此 宏大 项目 上 的 工程 作业 ， 光是 建造 该 大桥 的 这 一 段 就 使用 了 超过 30,000 公吨 混凝土 和 钢材 。
尽管 该 桥 的 规模 和 重量 都 很 巨大 ， 但是 完成 高架桥 和 桥面 之间 的 合龙 却 需要 精细 作业 ， 需要 非常 精准 的 装配 。
总的来说 ， 近 79% 的 总 桥面 现 已 安装 完成 ， 最后 一 段 桥面 的 混凝土 桥面 今天 在 Rosyth 浇注 ， 也就是说 所有 桥面 都 已 做好 就 位 准备 。
昆斯费 里 大桥 建造 公司 项目 总监 Michael Martin 说 ： " 不管是 哪个 大桥 项目 ， 第一 次 合龙 都 是 一 个 重大 里程碑 。 "
就 该 了不起 的 项目 而言 ， 此 次 合龙 展现 出 前沿 的 土木 工程 技术 。
安装 最后 一 段 路 面板 并 将 之 连接至 扩大 的 北桥 堡路 面板 之后 ， 接下来 需要 完成 北侧 或者 接近 陆地 一 侧 的 剩余 缺口 合龙 。
完成 该 项 作业 需 把 北部 高架 引桥 南移 700 毫米 。
这 是 一 次 规模 巨大 的 作业 ， 同时 也 是 一 次 非常 精密 的 作业 。
说 它 规模 巨大 ， 是 因为 高架桥 长 222 米 ， 重 约 6,000 公吨 ， 需要 拉出 一 个 约 3% 的 斜度 。
说 它 精密 ， 是 因为 工程 团队 需要 确保 偏差 非常 之小 ， 每 边 只 有 几 毫米 。
令 人 欣慰 的 是 ， 一切 都 进展 得 很 顺利 。
美国 在 女子 曲棍球 赛中 获得 四 连胜 ， 将 与 英国 一决胜负
在 6 比 1 战胜 日本 的 比赛 中 独 中 三 元 的 凯蒂·巴姆于 周四 为 美国 女子 曲棍球队 率先 梅开 二度 ， 帮助 美国队 以 3 比 0 战胜 印度队 。
两 场 比赛 五 粒 进球 堪称 技 惊 四 座 ， 但 27 岁 的 巴姆 却 表示 她 不 知道 自己 有 如此 出色 的 表现 。
她 表示 ： “ 我 对此 一无所知 。 ”
我 不 是 那 种 会 记住 自己 进 过 几 个 球 的 人 。
她 所 知道 的 是 美国队 在 奥运会 上 已 取得 四 连胜 并且 将 与 小组 中 在 周四 以 2 比 0 战胜 了 日本队 后 未尝 败绩 的 英国队 争夺 小组 第一 。
英国 和 美国 在 周六 第一 轮 最后 一 场 比赛 中 狭路 相逢 。
两 队 均 以 晋级 四分之一决赛 ， 这 场 比赛 将 决定 谁 以 小组 第一 的 身份 出现 。
取得 小组 第一 的 球队 将 避免 遇到 强大 的 荷兰队 ， 从而 能够 走得 更远 。 荷兰队 以 另 一 小组 第一 的 身份 出线 。
在 周六 的 比赛 中 ， 美国队 以 惊人 的 表现 创造 了 奇迹 。 要 知道 在 四 年 前 的 伦敦 奥运会 上 ， 美国队 在 12 支 队伍 中 垫底 。
巴姆 也 在 当时 的 那 支 队伍 中 。
巴姆 成长于 宾夕法尼亚州 布鲁贝尔 ， 在 3 岁 时 第一 次 拿起 曲棍球棍 （ 她 的 双胞胎 姐姐 在 德雷克 塞尔 从事 这项 运动 ） 并且 在 16 岁 时 加入 国家队 ， 成为 了 迄今 为止 最 年轻 的 国家队 成员 。
由于 未 能 入选 最终 名单 ， 她 错过 了 2008年 奥运会 。
2012年 ， 她 和 她 的 队友 都 不 被 看好 。
第二 年 ， 英国人 克雷格·帕纳姆 担任 主教练 ， 一切 开始 发生 改变 。
巴姆 表示 ： “ 这 是 一 次 文化 、 心态 和 实质上 的 改变 。 ”
我们 当时 在 伦敦 还 未 达到 目前 的 水平 。
我们 来 了 一 次 彻彻底底 的 翻身 。
周四 晚上 ， 巴姆 在 上半场 以 一 记 近距离 反手 射门 先拔头筹 。
印度 的 在 本 届 比赛 中 还 未尝 胜果 ， 但 这 支 队伍 表现 出 了 惊人 的 顽强 斗志 并且 将 1 比 0 的 比分 保持 到 第三 节 快 结束 时 ， 这时 巴姆 爆发 了 。
她 带 球 沿 球场 左侧 长途 奔袭 ， 随后 内切 到 中路 ， 抽 射 入网 ， 美国队 2 比 0 领先 。
梅利萨·冈萨雷斯 在 第四 节 中期 射入 最后 一 球 。
美国 对 门将 杰基·布里吉斯 在 本 届 比赛 上 首 次 零 封 对手 ， 在 前 三 场 胜利 中 ， 对手 各 打入 一 球 。
这 次 她 是 超常 发挥 。
巴姆 也是 。
帕纳姆 表示 ： “ 我们 现在 的 状态 很 好 ” 。 但 究竟 有 多 好 还要 取决于 周六 比赛 的 结果 。
吉利德 在 与 默克 的 丙型 肝炎 专利 之 争 中 获得 律师费
根据 美国 地区 法官 的 判决 ， 吉列 德 科学 公司 有 权 获得 在 与 制药 公司 美国 默克 集团 的 丙型 肝炎 专利 诉讼 中 所 产生 的 律师费 。
六月 ， 在 美国 法官 发现 默克 公司 存在 违法 行为 ， 包括 作伪证 和 其他 不 道德 行为 之后 ， 吉列 德 免于 支付 因 吉利 德 的 畅销 药品 索非布韦 和 哈沃尼 侵犯 默克 公司 的 两 项 专利 而 产生 的 2亿 美元 赔偿款 。
在 周四 的 诉讼中 ， 美国 地区 法官 贝斯·兰博松·弗里曼 表示 ， 吉利 德 无需 承担 因 辩护 所 产生 的 费用 。
默克 公司 正在 试图 追赶 统治 新 一 代 丙型 肝炎 药物 市场 的 吉列德 。 吉列 德 的 药物 可以 治愈 90% 以上 的 肝炎 患者 。
该 案 最早 要 追溯 到 2013年 ， 当时 吉利德 和 默克 互相 起诉 对方 ， 双方 都 声称 自己 是 吉利德 药物 中的 有效 成分 —— 索 非 布韦 的 实验室 工作 的 所有者 。
电脑 文化 使 “ 选举 舞弊 ” 盛行 穆斯林 地区
Tower Hamlets 前市长 拉赫曼  ( Lutfur Rahman )  因 腐败 去年 惨遭 革职 ， 促使 一 份 政府 报告 的 发表 。
“ 政治 正确性 ” 文化 致使 穆斯林 社区 普遍 存在 的 选举 舞弊 行为 被 视而不见 ， 这 份 具有 杀伤性 的 政府 报告 今天 这样 揭示 道 。
前 内阁 大臣 埃里克·皮克尔斯  ( Eric Pickles )  爵士 指责 警方 、 选举 监管 机构 和 市政厅 因 “ 对 种族 划分 和 宗教 问题 过度 敏感 ” 而 对 滥用 选举 的 证据 视而不见 。
这 位 原 社区 事务 大臣 、 现任 反贪 一 把 手 表示 ， 拿 宗教 立场 恫吓 选民 的 做法 影响 恶劣 ， 警方 应被 获准 在 投票站 外设 立 警戒线 ， 以 此 来 保护 心惊胆战 的 选民 。
他 建议 选民 投票 时 携带 身份 证件 ， 以 证实 自己 的 身份 。
目前 ， 选民 只 需 报出 自己 的 姓名 和 地址 即 可 。
这 份 报告 甚至 建议 在 选民 手指 上 涂上 擦不掉 的 墨水 ， 防止 有 人 二 次 投票 。
埃里克 爵士 说 ， 应 加大 对 举报者 的 保护 力度 。
他 呼吁 增加 媒体 了解 会议 文件 及 非官方 委员会 或 工作组 所 做 决定 的 途径 。
“ 这 不仅仅 是 为了 防范 选举 舞弊 ， 还是 为了 保护 地方 政府 免遭 广泛 的 腐败 文化 以及 与其 密切 联系 在一起 的 金融 诈骗 的 毒害 ， ” 他 说 。
这 份 报告 是 在 东伦敦 发生 Tower Hamlets 选举 丑闻 后 ， 唐宁街 要求 发布 的 。
去年 ， 一 家 特别 选举 法庭 裁定 在任 市长 拉赫曼 存在 一连串 的 腐败 和 违法 行为 ， 应 遭到 革职 。
该 法庭 发现 ， 拉赫曼 “ 非常 可笑 地 滥用 ” 穆斯林 社区 的 宗教 情感 ， 并 对 剑 指 他 种族 歧视 和 伊斯兰 恐惧症 的 指控 闭口不谈 。
据说 ， 拉赫曼 “ 在 竞选 时 宣称 给 他 投票 是 忠诚 穆斯林 教徒 的 宗教 义务 。 ”
多达 300 张 选票 存在 疑点 ， 可能 是 选民 假冒 他人 投票 的 。
埃里克 爵士 说 ， 有 证据 表明 全 国 上下 都 存在 选举 舞弊 行为 。
他 特别 警示 了 邮寄 选举 舞弊 ， 据说 ， 穆斯林 社区 的 资深 成员 对 选民 施加 压力 ， 迫使 这些 选民 给 他们 指定 的 候选人 投票 。
埃里克 爵士 （ 照片 中 ） 就 清理 投票 机制 给出 了 多条 建议 ， 其中 就 包括 带好 身份 证件 ， 以 证实 自己 的 身份
他 在 报告 中 说 ： “ 证据 表明 ， 资深 成员 ， 特别是 巴基斯坦 和 孟加拉国 背景 社区 中的 资深 成员 向 一些 少数 族裔 社区 的 弱势 群体 ， 尤其是 妇女 和 年轻人 ， 施加 压力 ， 让 他们 按照 自己 的 意愿 投票 。 ”
“ 由于 对 种族 划分 和 宗教 ‘ 政治 正确性 ’ 过度 敏感 ， 他们 担心 国家 机构 会 对 这样 的 行为 视而不见 。 ”
埃里克 爵士 提出 了 50 条 清理 选举 机制 的 建议 ， 包括 严禁 政治 活动家 处理 邮寄 投票 文件 以 阻止 “ 投票 收获 ” 。
该 报告 还 要求 严查 登记 信息 以 防止 选民 名册 被 用 于 移民 和 福利 诈骗 。 特雷莎·梅  ( Theresa May )  也 在 考虑 这 份 报告 。
这些 建议 包括 要求 选民 在 投票 前 出示 身份 证件 。
投票 后 在 选民 手指 上 涂上 擦不掉 的 墨水 ， 防止 有 人 二 次 投票 。
系统性 核实 选民 的 民族所 属 以 确保 投票 资格 。
将 自动 邮寄 投票 请求 的 有效 期限 定为 三 年 。
禁止 政治 活动家 及 激进 分子 处理 已 完成 的 邮寄 投票 和 邮寄 投票 信封 。
授权 警方 在 投票站 周围 设立 警戒线 。
修改 法律 条款 ， 使得 能够 更 容易 地 依照 《 1983年 人民 代表法 》   ( Representation of the People Act 1983 )  控告 相关 人员 恐吓 罪 。
规定 在 投票站 拍照 是 违法 的 。
规定 在 投票站 只 可 使用 英语 （ 威尔士 地区 除外 ） 。
加强 培训 ， 确保 工作 人员 严格 执行 “ 选民 单独 去 投票厅 ” 的 规定 。
埃里克 爵士 痛斥 大 都会 警察局  ( Metropolitan Police ) ， 说 他们 在 Tower Hamlets 事件 发生 后 没有 提出 任何 犯罪 指控 ， 着实 令 人 “ 惊讶 不已 ” 。
“ 拉赫曼 及其 选举 干事 存在 不少 腐败 及 违法 行为 ， 因此 遭到 了 选举 法庭 的 撤销 资格 处分 ， ” 他 说 。
依照 刑事 证明 标准 ， 他 在 很多 方面 无可置疑 是 有罪 的 。
他 还 对 市政厅 选举 登记 部门 形同 虚设 的 “ 勾选 框 检查 ” 大加 批评 。
埃里克 爵士 说 ： “ 去年 法庭 对 Tower Hamlets 判决 给 大家 敲响 了 警钟 。 ”
我国 有 着 “ 议会 之 母 ” 的 光荣 传统 ， 然而 某些 机构 私下 偷偷 摸摸 的 选举 舞弊 行为 及 事后 的 万般 抵赖 着实 令 人 担忧 ， 也 威胁 了 这 一 良好 声誉 。
为何 我们 需要 西蒙 、 加布丽埃勒 和 劳瑞
我 就是 这样 评价 今年 的 女子 奥运 体操队 的 ， 原因 不止 一 个 。
首先 ， 从 1984年 起 ， 我 去 了 每 一 届 夏季 奥运会 ， 但 美国 从未 这般 占据 霸主 地位 。
其次 ， 这 支 体操队 有 三 名 优秀 的 体操 运动员 —— 西蒙·拜尔斯  ( Simone Biles ) 、 加布丽埃勒·道格拉斯  ( Gabby Douglas )  和 劳瑞·埃尔南德斯  ( Lauren Laurie Hernandez ) ， 她们 一直 激励 着 众多 有色 人种 女孩 。
这 支 队伍 的 组成 令 所有 人 都 倍感 自豪 ， 因为 里面 包含 了 犹太教 的 阿里·莱斯曼  ( Aly Raisman )  和 天主教 的 麦迪逊·科希安  ( Madison Kocian ) 。
这 支 队伍 终于 看起 像 美国队 了 。
它 还 巩固 了 黑人 及 拉丁裔 女性 在 这 项 运动 中 的 巅峰 地位 。
过去 四 年 里 ， 首屈一指 的 女 体操 运动员 一直 是 非裔 美国人 。
去年 ， 西蒙 和 加布丽埃勒 分列 第一 、 第二 位 。
这太 厉害 了 。
上 届 奥运会 ， 加布丽埃勒·道格拉斯 “ 出人意料 ” 地 成为 了 奥运 冠军 ， 这 令 美国 欢呼 不已 。
如今 ， 全 世界 都 能 见证 三 届 世界 冠军 西蒙·拜尔斯 、 道格拉斯 和 劳瑞·埃尔南德斯 精彩 绝伦 的 表现 。 他们 把 常规 的 体操 技巧 演绎 得 出神入化 。
周四 ， 西蒙 帮助 美国队 在 女子 个人 全能 项目 上 实现 四 连冠 。
她 的 队友 阿里·莱斯曼 斩获 了 银牌 。
我们 登上 了 这 项 运动 的 巅峰 ， 但 在 全 美 体操 教学 课堂 上 却 并非 如此 。
西蒙 、 加布丽埃勒 和 劳瑞 进入 奥运 代表队 的 途径 跟 阿里 及 麦迪逊 一样 。
她们 是 “ 终极 五 人 组 ” ( Final Five ) ， 因为 下届 奥运 体操队 将 由 四 名 体操 运动员 组成 ， 这 是 Marta Karolyi 最后 一 年 执教 。
但是 现实 却是 ， 体操 是 一 项 费用 昂贵 的 运动 ， 体操 运动员 主要 在 私人 体操 俱乐部 进行 训练 ， 她们 的 父母 需要 支付 训练 、 设施 、 差旅 、 服装 、 比赛 及 旅馆 费用 （ 包括 教练 及 体操 运动员 和 家人 的 相关 费用 ） ， 并且 费用 清单 还 在 不断 增加 。
大部分 的 体操 俱乐部 坐落 在 可为 该 项 产业 提供 支持 的 富裕 的 郊区 。
体操 运动员 的 所有 训练 都 在 这些 俱乐部 完成 ， 对 体操 运动员 的 家庭 而言 是 一 笔 长期 的 昂贵 开支 。
拜尔斯 的 教练 艾米·伯尔曼  ( Aimee Boorman )  和 埃尔南德斯 的 教练 Maggie Haney 自 这 两 名 体操 运动员 开始 练 体操 起 一直 执教 她们 。
我们 必须 将 更 实惠 、 更 可及 的 体操 训练 带给 无数 深 受 西蒙 、 加布丽埃勒 和 劳瑞 影响 的 年轻 女孩 。
20 年 前 ， 我 成立 了 自己 的 体操 基金会 。
在 我 的 组织 中 ， 我们 在 黑人 住宅区 向 15,000余 名 城市 青年 （ 主要 是 黑人 和 西班牙 裔 美国人 ） 提供 免费 、 廉价 的 体操 ， 并 培养 出 全 国 乃至 世界 冠军 。
9月份 ， 我们 将 扩大 到 底特律 （ 我 的 家乡 ） ， 向 那些 值得 获得 这 一 学习 机会 并 将 从 这 项 了不起 的 奥运 运动 中 受益 的 年轻 人 提供 高品质 体操 。
体操 有助于 培养 身体 的 力量 、 灵活性 及 协调性 ， 还 有助于 培养 吃苦 耐劳 的 精神 、 自律性 及 决心 。
这些 可为 一 个 人 的 健康 、 学业 及 工作 成功 带来 终身 益处 。
受 这 支 队伍 的 鼓舞 ， 成千上万 名 年轻 女孩 将 学习 体操 ， 这 真的 很 棒 。
参加 运动 意义 重大 ， 对 女孩 来说 尤其 如此 。
这 是 一 个 激动 人心 的 时刻 。
感谢 西蒙 、 阿里 、 劳瑞 、 加布丽埃勒及 麦迪逊 在 赢得 奥运 团体 金牌 过程 中 所 精彩 展现 出来 的 “ 女孩 力量 ” ， 也 感谢 她们 激励 如此 多 背景 各 异 的 年轻 女孩 开启 通向 健康 、 强大 、 成功 之 路 。
一 名 女性 在 瑞士 高速 公路 上 自杀 并被 辗身亡
受害者 于 午夜 躺在 高速 公路 上 。
这 名 试图 自杀 的 女性 于 周四 清晨 在 高速 公路 上 被 多 辆 车 辗过 。 目前 警方 正在 寻找 目击者 。
这 场 事故 发生 在 周四 凌晨 沃州 莫尔日 附近 的 A1 高速 公路 上 。
沃州 警方 表示 ， 一 名 女性 在 深夜 “ 绝望 地 ” 躺在 公路 上 并且 被 多 辆 车 辗过 。
受害者 为 一 名 49 岁 的 瑞士 女性 ， 其 行为 明显 带有 自杀 意图 。 她 被 多 辆 车 辗过 ， 其中 包括 一 辆 货车 。
这 名 女性 当场 死亡 。
警方 透露 ， 多名 涉事 的 驾驶员 已 接受 了 调查 ， 但 部分 驾驶员 仍 未 确认 。 目前 警方 正在 呼吁 他们 以及 事故 目击者 前来 接受 调查 。
吉勒斯·霍夫 施泰特尔 律师 向 《 日内瓦 论坛报 》 表示 ， 目前 已 开始 进行 刑事 调查 ， 这 是 此 类 事件 的 常规 流程 。
但 目前 尚 未 知晓 是否 将 有 驾驶员 面临 指控 。
是否 有 可能 避免 碰撞 ？
霍夫 施泰特尔 表示 ： “ 这 将 由 检察官 来 确定 ” 。
根据 过去 五 年 另 两 起 类似 案件 的 结果 ， 驾驶员 将 不 承担 责任 。
据 该 报 报道 ， 这 两 起 案件 都 是 因为 有 人 在 深夜 走上 高速 公路 所 引起 的 。 最终 的 判决 是 驾驶员 不 可能 预料 到 在 午夜 有 行人 会 穿越 高速 公路 。
去年 ， 一 名 警官 被 指控 因 疏忽 而 致 人 死亡 ， 指控 的 内容 是 2014年 8月 ， 她 在 帕耶讷 附近 的 A1 高速 公路 上 撞击 了 一 名 男子 并且 致 其 死亡 。
法庭 得知 ， 这 名 22 岁 的 受害者 在 饮酒 后 穿过 公路 。
法官 在 调查 后 表示 ， 这 名 女 警察 当时 的 驾驶 行为 完全 合法 ， 而 这 名 男子 出现 在 公路 上 “ 完全 是 意外 且 无法 预料 的 情况 ” ， 而且 这 名 女 警察 事后 拨打 了 急救 电话 。
任何 可 提供 有关 周四 莫尔日 附近 这 起 事故 的 信息 的 人 应 拨打 021 644 83 46 或 021 644 44 44 联系 警方 。
里约 奥运会 上 长相 酷似 凯特 王妃 的 自行 车手 及 撞脸 其他 名人 的 选手 受到 追捧
本 周 ， 2016 里 约 奥运会 上 长相 酷似 凯特 王妃 的 法国 自行 车手 波林·费朗德·普雷沃  ( Pauline Ferrand Prevot )  受到 了 观众们 的 大力 追捧 。
但是 这 位 24 岁 的 奥运 选手 不 是 本届 夏季 奥运会 上 唯一 一 位 撞脸 名人 的 金牌 争夺者 ， 至少 社交 媒体 不 这样 认为 。
因此 ， 为 纪念 里约 奥运会 与 当时 屏幕 上 出现 的 所有 名人脸 ， FEMAIL 整理 了 一 份 撞脸 好莱坞 明星 的 奥运 选手 名单 。
猎人 与 狼 ： 美国 男子 射箭 队员 布莱迪·埃里森  ( Brady Ellison ) （ 左 ） 从小 就 被 比作 莱昂纳多·迪卡普里奥  ( Leonardo DiCaprio )
除了 自行车 赛道 上 撞脸凯特 的 选手 外 ， 很多 网民 很快 发现 某位 射箭 选手 简直 就 是 莱昂纳多·迪卡普里奥 的 孪生 兄弟 。
自从 他 的 酷似 于 《 华尔街 狼人 》   ( Wolf of Wall Street )  主演 造型 的 照片 在 推特 上 曝光 后 ， 美国 男子 射箭 队员 布莱迪·埃里森 就 在 社交 媒体 上 引起 了 巨大 骚动 。
事实上 ， 这 位 射箭 选手 察觉 到 了 社交 媒体 的 炒作 并 承认 打 小 就 有 人 说 自己 长得 像 小 李子 。
“ 我 自认为 除了 络腮胡 以外 ， 并不 是 长得 很像 ， ” 布莱迪 对 《 赫芬顿 邮报 》 ( Huffington Post )  说 。
“ 他 是 一 个 长相 帅气 的 花花公子 ， 所以 我 想 这 是 对 我 的 夸赞 吧 。 ”
2012 伦敦 奥运会 上 最 流行 的 对比 之一 今年 无疑 将 被 找到 更 多 相似之处 ： 英国 跳远 选手 格雷格·卢瑟福  ( Greg Rutherford )  长得 像 极 了 著名 演员 尼尔·帕特里克·哈里斯  ( Neil Patrick Harris ) 。
长着 一 双 会 说话 的 大 眼睛 的 俄罗斯 体操 选手 穆斯塔 芬娜  ( Aliya Mustafina )  被 指 长相 酷似 古巴裔 美国 歌星 格洛丽亚·埃斯特凡  ( Gloria Estefan ) 。
而 在 泳坛 ， 多年来 ， 南非 游泳 运动员 卡梅伦·范德 伯格  ( Cameron van der Burgh )  一直 被 拿来 和 《 欢乐 合唱团 》 ( Glee )  主演 马修 · 莫里森  ( Matthew Morrison )  做 比较 。
换装 ： 该 用户 认为 倪家骏  ( Nathan Adrian )  是 该 《 盗梦 空间 》 ( Inception )  演员 的 “ 运动 版 ”
另外 一 对 老 被 拿来 比较 的 是 网球 明星 拉菲尔·纳达尔  ( Rafael Nadal )  和 演员 乔什·哈奈特  ( Josh Hartnett ) ， 他们 的 浓眉 和 嘴唇 长 得 很 像 。
摘 得 银牌 的 俄罗斯 游泳 选手 艾菲莫  ( Yulia Efimova )  和 演员 安娜丽尼·麦考德  ( Annalynne McCord )  拥有 同样 的 古铜色 皮肤 和 金发 ， 而 美国队 的 倪家骏 则 被 粉丝 比作 “ 运动 版 的 约瑟夫·高登·莱维特  ( Joseph Gorgon Levitt ) ” 。
女 汉子 ： 足球 明星 霍普 · 索罗  ( Hope Solo ) （ 左 ） 和 《 嗜血 法医 》 ( Dexter )  演员 珍妮弗·卡彭特 ( Jennifer Carpenter ) （ 右 ） 拥有 相似 的 脸型 和 眼睛
不是 唯一 的 一 个 ： 一 位 推特 用户 很 开心 地 发现 其他 人也 看到 了 这些 相似之处
传播 理论 ： 据 这 位 用户 说 ， 这 一 对 长得 像 或 许是 有 原因的
一 位 推特 用户 最近 开心 地 在 网上 宣称 “ 其他 网民 也 认为 霍普 · 索罗 和 珍妮弗·卡彭特 实际上 长得 一模一样 。 ”
确实 ， 这 位 美国 足球 明星 和 这 位 《 嗜血 法医 》 主演 拥有 相似 度 极 高 的 脸型 和 眼睛 。
其他 流行 的 对比 包括 克丽·沃尔什·詹宁斯  ( Kerri Walsh·Jennings ) ， 她 的 笑容 几乎 和 女演员 劳拉·琳妮  ( Laura Linney )  的 一模一样 ； 还有 获得 金牌 的 体操 选手 盖 比 · 道格拉斯  ( Gabby Douglas ) ， 她 美丽 而 灿烂 的 笑容 与 《 魅力 四射 》   ( Bring It On star )  明星 加布里埃尔·尤尼恩  ( Gabrielle Union )  的 笑容 如出一辙 。
社区 法律 中心 每 年 将 16万 人 拒之门外
每 年 有 超过 16万 最 弱势 的 群体 被 社区 法律 中心 拒之门外 。 这 项 服务 的 资金 本 已 捉襟见肘 ， 而 现在 又 要 面对 进一步 的 资金 削减 。
在 昆士兰 ， 每 五 个 人 中 有 三 个 人 在 寻求 免费 法律 咨询 和 代理 服务 时 被 拒 ， 其中 大部分 是 老年人 、 移民 、 弱势 的 工人 、 暴力 事件 的 受害人 以及 没有 资源 对抗 不 公正 驱逐 的 人 等 。
社区 法律 服务 的 资金 缺乏 早 已 超过 了 限值 ， 现在 又 要 面临 进一步 的 资金 削减 。
自 明年 六月 起 ， 联邦 政府 为 这些 法律 中心 提供 的 资金 将 再 减少 30% 。
昆士兰 社区 法律 中心 负责人 詹姆斯·法雷尔 表示 ， 根据 最新 的 国家 社区 协会 法律 中心 调查 报告 ， 每 年 有 数千 人 被 拒之门外 。
法雷尔 先生 表示 ， 如果 联邦 政府 不改变 现有 的 决定 ， 这 一 情况 只 会 变得 更 糟 。
他 表示 ： “ 昆士兰 的 社区 法律 中心 长期 处于 资金 不 足 的 状况 ， 这 意味 着 数千 人 将 无法 获得 所需要 的 重要 服务 。 ”
需要 远离 暴力 的 人 、 背负 无法 偿还 的 巨额 债务 的 人 、 面临 分崩离析 的 家庭 、 被 压榨 的 工人 ， 这些 人群 都 面临 着 法律 层面 的 问题 ， 并且 该 报告 显示 他们 无法 获得 所需要 的 帮助 。
联邦 政府 将 自 2017年 6月 起 再 削减 30% 的 资金 ， 这 意味 着 昆士兰 数千 弱势 群体 将 被迫 在 没有 帮助 的 情况 下 面对 复杂 的 法律 问题 。
我们 呼吁 司法 部长 兼 昆士兰 议员 乔治·布兰迪 斯 立刻 撤消 这些 削减 资金 的 决定 ， 让 人们 可以 在 面对 法律 问题 时 获得 所需要 的 帮助 。
去年 ， 州政府 承诺 将 法律 援助 资金 提高 到 国家 平均 水平 。
现在 必须 关注 社区 法律 中心 及其 对应 社区 的 需求 ， 白乐琪 政府 也 必须 投入 到 这 项 重要 的 工作 中 。
Primark 顾客 对 一 名 厚颜无耻地 在 店 中央 试穿 内裤 的 女子 表示 愤怒
一 名 女子 在 一 间 Primark 的 店 中央 当场 脱衣 试 内裤 ， 店内 顾客 不 知 该 朝 哪里 看 。
更 糟糕 的 是 ， 她 还 打量 自己 穿上 后 看起来 如何 ， 然后 将 内裤 脱下 又 放回 货架 。
她 继续 浏览 货架 ， 并 最终 在位 于 Folkestone 的 Bouverie Place 购物 中心 的 这 家 店内 试穿 了 四 条 内裤 。
这 名 女子 在位 于 Folkestone 的 Bouverie Place 购物 中心 的 这 家 Primark 店内 不断 试穿 内裤 ， 然后 又 放回 货架
当时 也 在 店 内 的 Jenny Davidson （ 两 个 孩子 的 母亲 ） 说 ， 试穿 内衣 后 ， 这 名 神秘 女子 “ 再次 穿好 衣服 ， 然后 就 走出 了 商店 ， 什么 都 没 买 。 ”
她 说 ： “ 大家 都 不 敢 相信 自己 所 看到 的 。 ”
她 就 站在 店 中央 ， 从 货架 上 取下 一 条 内裤 ， 脱掉 自己 的 紧身裤 和 内裤 ， 然后 就 这样 穿上 了 。
“ 她 没有 试着 去找 隐蔽 的 地方 去 试穿 —— 她 只是 站在 那里 ， 真是 厚颜无耻 。 ”
“ 当她 把 内裤 再次 脱下 来 的 时候 ， 所有 人 都 被 惊得 目瞪口呆 。 显然 ， 她 还是 不 满意 ， 因为 她 把 内裤 放回 了 货架 。 ”
之后 ， 她 又 像 这样 试 了 三条 ， 最后 发现 都 不 是 自己 喜欢 的 ， 然后 再次 穿好 衣服 ， 走出 店 去 。
“ 她 看似 并不 在意 有 人 在 看 她 —— 或者 也 没有 想过 谁 会 最终 买走 她 试穿 过 的 内裤 。 ”
居住 在 Kent 镇 的 Davidson 女士 （ 33 岁 ） 说 ： “ 一 想到 有 人 会 买走 其他 人 穿过 且 没 被 清洗 过 的 内裤 ， 就 觉得 恶心 。 ”
这 件 事 发生 在 周二 下午 。
Davidson 女士 补充 说 ： “ 待 她 离开 后 ， 店员 显然 要 对 这些 内裤 做 下架 处理 ， 幸好 如此 。 ”
“ 我 讨厌 买回 家 一 条 新 内裤 ， 却 发现 有 另 一 个 女人 试穿 过 并且 没有 被 清洗 过 。 ”
Primark 的 一 位 发言人 说 ： “ Primark 已经 知道 了 8月 9日 （ 周二 ） 发生 在 我们 Folkestone 店 内 的 事情 。 ”
所有 有 问题 商品 均已 下架 。
俄罗斯 总统 普京 解除 谢尔盖·伊万诺夫 办公厅 主任 职务
俄罗斯 总统 弗拉基米尔·普京  ( Vladimir Putin )  出乎意料 地 解除 了 谢尔盖·伊万诺夫  ( Sergei Ivanov )  的 总统 办公厅 主任 职务 。
多年来 ， 伊万诺夫 先生 一直 是 深得 普京 先生 信任 的 核心 集团 的 一 分子 。
现年 63 岁 的 伊万诺夫 如今 已 被 任命 为 环境 与 交通 问题 特别 代表 。
克里姆林宫 的 一 份 声明 称 ， 普京 先生 已 “ 宣布 解除 伊万诺夫 的 俄罗斯 总统 办公厅 主任 一 职 ， ” 但是 没有 给出 原因 。
2012年 开始 担任 伊万诺夫 先生 副手 的 安东·瓦伊诺  ( Anton Vaino )  已 获 任命 为 他 的 接任者 。
瓦伊诺 先生 现年 44 岁 ， 是 一 名 前 外交官 。
他 1972年 出生 在 爱沙尼亚 首都 塔林 ， 毕业于 著名 的 莫斯科 国立 国际 关系 学院  ( MGIMO ) ， 在 东京 大使馆 工作 过 。
后来 ， 他 管理 总统 草案 和 政府 员工 ， 克里姆林宫 网站 （ 使用 俄语 ） 如是 说 。
获 任命 后 ， 他 对 普京 先生 说 ： “ 谢谢 您 的 信任 。 ”
我 认为 本 政府 最 重要 的 任务 就 是 支持 国家 元首 起草 法律 和 控制 指令 实施 。
普京 先生 周五 告诉 俄罗斯 电视台 说 ， 伊万诺夫 先生 自己 要求 辞职 并 推荐 了 瓦伊诺 先生 来 接任 自己 。
这样 的 笑容 令 人 信服 吗 ？
莫斯科 对此 举 感到 不解 。
长期 以来 ， 谢尔盖·伊万诺夫 一直 是 普京 最 亲密 的 助手 之一 ， 跟 普京 一样 ， 也 在 苏联 安全局 （ 克格勃 ） 工作 过 。
作为 办公厅 主任 ， 他 曾 是 该 国 最 具 影响力 的 人士 之一 。
在 国家 电视台 播出 的 一 次 与 普京 总统 的 会 面上 ， 两 人 均称 是 这 位 办公厅 主任 自己 要求 辞职 的 。
尽管 在 镜头 前 满面 笑容 ， 可是 几乎 没 人 信服 —— 特别是 在 议会 选举 之前 的 这个 时候 。
所以 ， 这 是 在 某 种 权力 争夺 中 落败 导致 的 吗 ？
尚 无从 得知 。
但是 ， 官方 说法 —— 一 个 曾 被 视为 总统 候选人 的 人选 突然间 选择 执掌 俄罗斯 的 环境 政策 —— 引来 了 众多 怀疑 。
克里姆林宫 网站 上 引述 了 伊万诺夫 先生 与 普京 先生 的 对话 ， 他 说 ： " 是 的 ， 2012年 初 ， 我 曾 在 一 次 对话 中 请求 你 予以 我 这个 难做 的 职位 ， 甚至 可以 说 是 麻烦 的 职位 ， 四 年 的 任期 。 "
" 结果 是 ， 我 已 担任 总统 办公厅 主任 四 年 八 个 月 啦 。 "
伊万诺夫 先生 于 2011年 12月 担任 此职 。
在此之前 ， 他 担任 副总理 和 国防 部长 。
他 是 俄罗斯 安全 委员会 的 一 员 ， 还 跟 普京 先生 一样 ， 也 是 国家 安全局 前 成员 。
20世纪 90年代 末 ， 当 普京 先生 出任 联邦 安全局 （ FSB ， 前 身为 国家 安全局 ） 局长 时 ， 伊万诺夫 先生 被 任命 为 他 的 副手 。
普京 先生 上台 后 ， 他 又 指定 伊万诺夫 先生 为 他 最 信任 的 五人 之一 。
外界 曾 一度 认为 伊万诺夫 先生 可能 会 在 普京 先生 第二 任期 结束 后 出任 俄罗斯 总统 ， 因为 三 连任 是 违反 宪法 的 。
但是 这 一 职位 最终 归 属于 普京 的 另 一 位 亲密 助手 德米特里·梅德韦 杰夫  ( Dmitry Medvedev ) 。
在 三 年 半 后 重新 任职 总统 之前 ， 普京 先生 担任 俄罗斯 总理 一 职 。
北海 油田 工人 停止 罢工 ， 继续 谈判
首席 谈判 代表 表示 ， 北海 油田 的 工人 停止 了 关于 薪酬 的 罢工 ， 此 次 纠纷 的 各 方 开始 了 新 一 轮 的 谈判 。
荷兰 皇家 壳牌 经营 的 北海 石油 平台 上 出现 了 多 次 针对 油田 服务 公司 Wood Group 的 罢工 。
根据 一 份 联合 声明 ， “ Wood Group 以及 Unite 和 RMT 工会 可以 确认 我们 已 同意 重 启 当前 纠纷 的 解决 进程 。 ”
我们 将从 下周 早些 时候 开始 ， 在 未来 几 周 举行 多 场 全天 会议 ， 重新 审视 这些 问题 。
工会 表示 其 近期 采取 的 行动 是 为了 抗议 最高 可能 达到 30% 的 减薪 ， 而 这 也 是 工会 25年 以来 首 次 采取 这 一 行动 。
Wood Group 今年 因 市场 压力 而 将 北海 承包商 的 报酬 降低 了 约 9% 。
此次 减薪 前 ， 该 公司 在 2014年 将 海上 承包商 的 报酬 降低 了 10% 。
公司 表示 ， 再次 减薪 将 帮助 公司 度过 市场 萧条 的 难关 。
壳牌 已 裁减 了 数千 名 员工 并且 宣布 计划 关停 10 个 国家 的 油气 设备 ， 这 是 因为 公司 在 与 英国 能源 公司 英国 天然气 集团 合并 后 需要 精简 其 业务 。
能源 公司 正在 面临 来自 原油 价格 下降 以及 英国 六月 脱 欧 决定 的 压力 。
苏格兰 议会 成员 戴夫·安德森 在 本 周 早些 时候 与 工会 领导人 会面 ， 共同 探讨 北海 这 一 代 人 最 大 的 劳动 纠纷 。
他 表示 ， 北海 对于 地区 经济 而言 至关 重要 。
戴 夫 在 声明 中 表示 ： “ 在 北海 和 整 个 国家 ， 我们 需要 一 种 服务 于 多数 人 而非 少数 人 的 经济 。 ”
2016年 ， 北海 新 项目 的 支出 预计 不 超过 14亿 美元 ， 而 过去 五 年 的 平均 项目 支出 达到 约 70亿 美元 。
戴 图 理 凭借 Predilection 在 纽马 基特 的 成功 取得 职业 3,000 胜
纽马 基特 的 两场 胜利 助力 戴 图理 取得 职业 3,000 胜 ， 之后 他 喷香槟 庆祝
周五 ， 职业 赛马 骑师 戴 图理  ( Frankie Dettori )  在 纽马 基特  ( Newmarket )  取得 了 他 的 第3,000 场 胜利 。
他 策 着 出自 练 马师 高 仕登  ( John Gosden )  之 手 的 Predilection 在 马道 上 急驰 ， 于 当晚 收获 两 场 胜利 ， 也 借此 实现 了 职业 3,000 胜 。
这 位 现年 45 岁 的 意大利人 是 第六 位 在 平地 赛 领域 取得 这一 里程碑 的 职业 赛马 骑师 。
前 五 位 分别 是 ： 哥顿·李察  ( Gordon Richards )  爵士 、 道格 · 史密斯  ( Doug Smith ) 、 柏葛  ( Lester Piggott ) 、 魏德礼  ( Pat Eddery )  和 嘉逊  ( Willie Carson ) 。
早前 在 Ghayyar 获胜 的 三 届 冠军 骑师 戴 图 理 说 ： “ 这 很 特别 。 ”
我 很 激动 ， 因为 我 的 家人 也 在 现场
我 对 自己 在 纽马 基特 取得 的 成绩 感到 高兴 ， 因为 30 年 前 我 就是 从 这里 起步 的 。
这 不 是 一 场 大 规模 的 赛马会 ， 也 不 是 英国 皇家 爱 斯科 赛马会  ( Royal Ascot ) ， 这 只 是 一 个 有着 20,000 名 观众 的 普通 的 周五 晚上 。
我 很 欣慰 ， 也 很 谦恭 。
戴图理 在 获胜 后 牵 来 了 Predilection ， 引起 了 全场 欢呼
在 障碍赛 领域 ， 有 两 名 骑师 取得 了 这 一 成就 ， 他们 分别 是 冠军 骑师 理查德 · 约翰逊  ( Richard Johnson )  和 现已 退役 的 20 届 冠军 麦考伊  ( Anthony McCoy )  爵士 ， 其中 麦考伊 爵士 在 其 破纪录 的 职业 生涯 中 取得 了 超过 4,300 场 胜利 。
柏葛 是 九 届 德 比赛 冠军 ， 在 其 职业 生涯 中共 取得 了 4,493 场 胜利
戴图理 是 当代 最 棒 的 骑师 之一 ， 所以 他 取得 这一 里程碑式 成就 也 就 不足为奇 了 ， 在 他 之前 取得 这一 成就 的 人 不 多 。
他 时尚 而 健硕 ， 但是 真正 让 他 在 称重 室中 脱颖而出 的 却 是 他 在 战术 上 的 理性 。
他 是 一 位 了不起 的 马术 大使 ， 多年来 ， 他 的 热情 和 魅力 为 这 项 运动 吸引 了 大量 粉丝 。
几 周 前 ， 我 在 Epsom 跟 戴图理 说 ， 如果 他 不仅仅 是 一 个 周末 与 大赛 骑师 ， 他 应该 已经 能 取得 6,000 场 胜利 了 ！
说 真的 ， 戴 图 理 堪称 英国 三十 年 来 最 好 的 马术 获胜者 ， 这 一 点 太 重要 了 。
他 性格 活泼 ， 这 对 英国 赛马 来 说 是 好事 ， 但是 除此之外 ， 他 还是 一 位 不可思议 的 骑师 。
戴图理 以 其 标志性 的 跳跃 下马 动作 庆祝 这 一 里程碑
从 跳跃 冲线 到 跳跃 下马 ， 二十年 来 ， 戴 图 理 一直 是 英国 平地 赛 领域 的 典型 代表 。
他 的 职业 生涯 如 过山车 一般 。
他 获得 了 多 场 大 赛的 冠军 ， 其中 包括 1996年 在 英国 皇家 爱 斯科 赛马会 取得 的 著名 的 “ 七 连胜 ” ， 但是 ， 他 也 遭遇 了 坠机 事件 ， 还 因 服用 禁药 遭到 禁赛 。
三 年 前 ， 当 他 在 六 个 月 禁期 结束 后 重回 赛场 时 ， 曾 一度 很 吃力 。 但是 ， 他 表现 出 了 惊人 的 性格 优势 ， 并 终于 重 回 巅峰 ， 给 那些 持怀疑 态度 的 人 当头 一 棒 。
他 或许 做 不 了 太长 时间 了 —— 戴 图 理 之前 曾 说 过 ， 他 希望 至少 能 参赛 到 50 岁 前 。
开普勒 测量 昂宿星 团 恒星 的 自转 速度
这 项 开普勒 太空 望远镜 的 最新 使命 帮助 天文学家 采集 了 最 完整 的 昂宿星 团 恒星 自转 速度 。
新 数据 正在 帮助 天文学家 了解 为何 该 星团 的 恒星 有 不同 的 自转 速度 以及 自转 周期 与 星球 组成 的 关联 。
帕萨迪纳 加州 理工 学院 红外 处理 分析 中心 研究 科学家 卢萨·雷布尔 在 新闻 发布会 上 表示 ： “ 我们 希望 通过 比较 我们 的 结果 与 其他 星团 进一步 了解 恒星 质量 、 年龄 、 甚至 其 太阳系 历史 之间 的 关系 。 ”
昂宿星 团 距离 地球 445 光年 。
该 星团 中的 许多 恒星 诞生 于 约 1.25亿 年 前 ， 目前 还 刚刚 达到 成年期 。
它们 达到 了 一 生 中 最 高 的 自转 速度 。
在 达到 最高 自转 速度 时 ， 这些 成熟 的 恒星 射出 大量 恒 星风 。
当 这些 恒星 风 穿过 恒星 的 磁场 时 ， 它们 会 对 恒星 产生 制动 作用 。
随着 恒星 年龄 的 增加 ， 其 自转 速度 开始 减慢 。
开普勒 通过 追踪 可 识别 的 恒星 黑子 （ 如同 太阳黑子 ） 出现 的 时间 测量 各 恒星 的 自转 速度 。
最新 的 自转 速度 数据集 表明 质量 较 大 的 恒星 的 自转 速度 慢 于 质量 较 小 的 恒星 。
雷 布尔 将 恒星 比作 舞者 ， 体型 较 大 的 舞者 旋转 时 的 速度 慢 于 体型 较 小 的 舞者 。
雷 布尔 表示 ： “ 在 昂宿星 团 的 ‘ 芭蕾舞 表演 ’ 中 ， 我们 发现 自转 速度 较 慢 的 恒星 往往 质量 较 大 ， 而 自转 速度 最 快 的 恒星 往往 是 最 轻 的 恒星 。 ”
由于 昂宿星 团 距离 较近 ， 因此 可以 作为 比较 恒星 质量 与 自转 速度 的 理想 宇宙 实验室 。
雷 布尔 表示 ： “ 昂宿星 团 为 年轻 与 年迈 恒星 的 双向 旋转 理论 模型 奠定 了 基础 。 ”
关于 恒星 如何 、 何时 以及 为何 减慢 自转 速度 并且 “ 收起 自己 的 舞鞋 ” ， 我们 仍 有 许多 需要 了解 的 知识 。
雷 布尔 和 她 的 同事 在 三 篇 新论 文中 详细 阐述 了 他们 对 昂宿星 团 自转 速度 的 最新 分析 。 这 三 篇 论文 不久 将 发布 在 《 天文学 期刊 》 上 。
法国 法院 驳回 拆除 丛林 难民营 中 商店 的 请愿书
法国 一 家 法院 驳回 了 加莱 政府 意在 拆除 “ 丛林 ” 难民营 中 几十 家 临时 搭建 的 商店 及 餐馆 的 请愿书 。 该 难民营 中 目前 居住 着 上 千 名 难民 。
在 该 法 院本 周 的 听证会 上 ， 加莱 政府 辩称 法国 政府 应 有 权 拆除 该 难民营 内 总计 72 间 临时 搭建 的 商店 。 民众 在 难民营 中的 这些 商店 里 销售 从 香烟 到 能量 饮料 在内 的 商品 、 提供 理发 服务 ， 还 在 临时 搭建 的 餐馆 中 以 50 美分 （ 40 便士 ） 的 价格 卖茶 或 以 几 欧 元 的 价格 售卖 基本 餐点 。
加莱 省长 办公室 认为 这些 地方 应被 拆除 ， 因为 它们 是 不 缴税 的 平行 经济 ， 还 存在 火灾 和 卫生 隐患 。
人道 主义 团体 却 对 法院 表示 这些 商店 和 餐馆 极为 重要 ， 因为 国家 支持 的 协会 及 其他 团体 所 提供 的 免费 食物 根本 无法 满足 该 难民营 不断 增长 的 难民 的 需求 。
他们 称 ， 这些 临时 搭建 的 商店 和 餐馆 经常 为有 需要 之人 提供 庇护所 及 免费 食物 。
里尔 一 家 法院 裁定 ， 没有 法律 依据 来 驱逐 这 72 间 临时 商店 的 经营者 ， 但 表示 加莱 省长 的 担忧 “ 完全 可以 理解 ” 。
Jean · François Molla 法官 表示 ， 这些 杂货店 、 咖啡馆 及 餐馆 的 作用 远 不 止 简单 地 向 那些 “ 生活 在 极其 危险 条件 下 ” 的 难民 提供 食物 。
他 说 ， 这些 地方 是 难民 和 志愿者 之间 平静 的 汇合点 。
其中 一 个 遭到 拆除 威胁 的 地方 就 是 该 难民营 的 “ Jungle Book Kids ” 咖啡馆 ， 该 非 营利性 小店 每 天 提供 200 份 食物 、 英语 及 法语课 ， 还 为 该 难民营 中 数百 名 无人 陪伴 的 弱势 未 成年人 提供 庇护 建议 。
170000多 人 签署 了 请愿书 来 保护 这间 咖啡馆 。
一 封 给 《 卫报 》 ( Guardian )  的 信中 写道 ， 关闭 这 间 咖啡馆 “ 将 是 这些 儿童 （ 很多 儿童 只有 八 岁 ） 的 一 场 大 灾难 。 ”
Help Refugees 和 L'Auberge des Migrants 这 两 家 慈善 组织 周五 预计 ， 丛林 难民营 中的 难民 数量 已 突破 9000 ， 这 也 是 继 夏季 难民 人数 激增 以来 的 最高 水平 。
每 天 2 英镑 的 药物 可 降低 心脏病 发作 威胁
相关 官员 建议 将 一 种 每天 2 英镑 的 药物 推广 给 更多 患者 并且 要 延长 服药 时间 ， 之后 数以千计 的 心脏病 患者 将从 这 种 药物 中 受益 。
抗凝 血 药 替 卡 格雷  ( ticagrelor )  可 降低 心脏病 患者 的 心脏病 复发 风险 。
这 种 药物 在 心脏病 发作 后 持续 服用 12 个 月 ， 可 降低 中风 或 心脏病 再次 发作 的 风险 。
英国 国家 医疗 服务 体系  ( NHS )  下属 监管 机构 国家 卫生 与 临床 优化 研究所  ( NICE )  建议 患者 持续 服药 四 年 ， 以便 进一步 降低 心脏 血管 疾病 的 风险 。
但是 现在 ， NHS 监管 机构 NICE 建议 给 患者 持续 服药 四 年 ， 以便 进一步 降低 心脏 血管 疾病 的 风险 。
在 英格兰 ， 每 年 有 大约 140,000 人 罹患 心脏病 ， 其中 有 四分之一 会 继续 遭遇 心脏病 复发 或 出现 中风 。
心脏病 发作 和 中风 是 脂肪 物质 在 动脉 壁 沉积 形成 斑块 导致 的 。
如果 斑块 断开 ， 就 会 导致 血栓 ， 进而 阻碍 血 流入 心脏 ， 导致 心脏病 发作 。
如果 血栓 移动 ， 就 会 进入 血流 ， 阻碍 血 流入 大脑 ， 导致 中风 。
已经 经历 过 一 次 心脏病 发作 的 患者 ， 心脏病 再次 发作 的 风险 更 高 。
替 卡 格雷 由 英国 公司 阿斯利康  ( AstraZeneca )  制造 ， 以 倍 林 达  ( Brilique )  为 商品名 进行 销售 ， 可通过 减少 血栓 的 形成 来 降低 发病 风险 。
今日 发布 的 NICE 指导 草案 建议 患者 服用 90 mg 的 替 卡 格雷 12 个 月 时间 ， 之后 的 三 年 每 天 服用 60 mg 替 卡 格雷 和 两 次 阿斯匹林 。
NICE 卫生 技术 评估 中心 主任 Carole Longson 教授 说 ： “ 尽管 有 有效 的 二 级 预防 治疗 ， 但是 有 多 达 四分之一 有 过 心脏病 发作史 的 患者 会 再次 发病 或 中风 ， 通常 会 造成 严重 后果 。 ”
对 复发 的 恐惧 会 对 一 个 人 的 生活 品质 造成 很 大 的 负面 影响 。
证据 表明 ， 替 卡 格雷 与 阿司匹林 一起 服用 可 有效 降低 那些 经历 过 心脏病 发作 之 患者 心脏病 复发 及 中风 的 风险 。
替 卡 格雷 的 临时 推荐 将 为 成千上万 受益 的 人们 提供 更 多 的 治疗 选择 ， 对此 我们 深 感 欣慰 。
由于 有关 替 卡 格雷 在 三 年 后 的 疗效 及 安全 ， 特别是 出血 风险 的 信息 很 有限 ， 该 指导 草案 并不 建议 在 这 一 期限 之后 继续 用 其 治疗 。
里德 ： 希拉里 若 当选 总统 将 提名 加兰德 进入 最高 法院
参议院 民主党 领袖 哈里·里德  ( Harry Reid )  说 ， 他 确信 若 民主党 总统 候选人 希拉里·克林顿 ( Hillary Clinton )  当选 总统 ， 她 将 提名 加兰德  ( Merrick Garland )  法官 进入 最高 法院 。
参议院 共和党人 自 巴拉克·奥巴马  ( Barack Obama )  总统 三月份 提名 加兰德 以来 ， 一直 阻止 对 加兰德 进行 确认 。
参议院 多数党 领袖 米奇·麦康奈尔  ( Mitch McConnell )  表示 ， 下 届 总统 将 选择 此 人 来 接替 已故 最高 法院 法官 斯 卡利亚  ( Antonin Scalia ) 。
里德 在 周四 的 一 次 电话 会议 上 说 ， 他 预测 希拉里 会 选择 “ 有一些 可信度 ” 的 加兰德 。
里德 的 一 位 女 发言人 随后 说 ， 里德 没有 就是否 会 提名 加兰德 直接 与 希拉里 对话 ， 并 说 他 只是 猜测 。
他 对 加兰德 大加 赞赏 ， 并 说 希拉里 的 团队 不 希望 因 新 人选 而 “ 搅局 ” 。
加兰德 是 美国 哥伦比亚 特区 联邦 巡回上 诉法院 的 首席 法官 。
里德 说 ， 阻止 加兰德 提名 的 共和党人 是 共和党 总统 候选人 唐纳德·特朗普  ( Donald Trump )  的 “ 宠臣 ” 与 “ 成就 者 ” 。
他 说 特朗普 不 适合 当 总统 。
唐纳德·特朗普 竞选 团队 因 工作 人员 拔枪 而 被 起诉
纽约 ： 特朗普 的 竞选 团队 因 其 北 加利福尼亚洲 负责人 于 2月份 驾驶 一 辆 吉普车 时拔枪 指向 一 名 工作 人员 后 不 作为 而 被 起诉 。
该 州 竞选 团队 的 前 软件 培训 师 文森特·博迪尼于 周三 在 位于 夏洛特 的 州法庭 上 描述 了 该 事件 。
博迪尼 表示 ， 之前 他 希望 这 件 事情 能够 在 内部 解决 ， 但 在 等待 了 数 月 后 他 意识 到 “ 这 不 可能 发生 ” 。
根据 博迪尼 的 描述 ， 这 位 名叫 厄尔·菲利普 的 负责人 “ 拔出 了 一 把 手枪 ， 将 右手 食指 放在 板机 上 ， 并且 将 枪口 对准 文森特 的 膝盖骨 。 ”
在 向 当地 和 地区 竞选 团队 领导层 投诉 后 ， 博迪尼 从 卷宗 中 了解 到 至少 还有 四 个 人 经历 了 相同 的 事情 。
博迪尼 在 投诉 中 表示 ： “ 没有 开枪 不 代表 不 会 造成 伤害 。 ”
就 在 该 案件 发生 两 天 前 ， 这 位 共和党 总统 候选人 在 北卡罗来纳 州 告诉 群众 ， 如果 他 的 对手 希拉里·克林顿 当选 并且 挑选 她 所 喜爱 的 法官 ， 那么 “ 支持 第二 修正案 的 人 ” ， 也就是 枪支 持有人 和 枪支 爱好者 可能 会 采取 行动 ， 这 一 发言 引发 了 众怒 。
特朗普 的 竞选 团队 表示 ， 媒体 对 他 的 话 断章取义 ， 他 并没有 提倡 暴力 。
博迪尼 在 投诉 中 要求 竞选 团队 为 自己 的 疏于 监督 进行 赔偿 ， 同时 也 要求 菲利普 为 自己 的 袭击 、 殴打 和 精神 伤害 进行 赔偿 。
特朗普 发言人 霍普·希克斯未 立即 对 这 一 消息 予以 回应 。
无法 联系 到 菲利普 。
据 夏洛特 当地 的 一 家 新闻社 WCCB 报道 ， 菲利普 于 近期 离开 了 竞选 团队 。
他 的 咨询 公司 Innovative Consulting Services 未 对 来电 立刻 进行 回复 。
共和党 总统 候选人 唐纳德·特朗普 的 竞选 团队 饱受 争议 。
本 案 双方 为 博迪尼 与 特朗普 总统 竞选 公司 ， 16-CS-14300 ， 梅克 伦堡 县 （ 夏洛特 ） 高等 法院 普通 庭 。
《 Treats 》 ： 裸体 日历 “ 男女 都 喜爱 ”
《 Treats 》 杂志 将 携手 摄影师 David Bellemere 拍摄 一 组 灵感 源自 20世纪 70年代 Pirelli 的 2017年 日历 。
此次 ， 他们 计划 为 其 2017 NU Muses 日历 寻找 新 一 代 顶级 模特 ， 而非 著名 的 裸体 人 。
《 Treats 》 总裁 Steve Shaw 今年 早些 时候 表示 ， 他们 以 裸体 为主 的 杂志 不同于 老派 的 《 花花公子 》 ， 因为 “ 后者 面向 男性 。 ”
而 我们 则 面向 女性 。
显然 ， 他 认为 这 组 日历 也 是 这样 。
“ 我们 需要 展示 让 女性 和 男性 都 感觉 自在 的 永恒 而 经典 的 裸体 ， 而 这 次 正是 受 此 启发 ， ” Shaw 在 一 次 日历 推介 发布会 上 如是 说 。
女性 会 乐于 参与 此次 拍摄 ， 因为 它 是 一 个 美丽 的 艺术品 。
模特们 可 在线 提交 照片 应聘 ， 也 可 亲自 到 洛杉矶 和 纽约 的 公开 招募 现场 应聘 。
苏格兰 皇家 银行 将 不再 为 苏格兰 以外 客户 服务
据 苏格兰 皇家 银行 首席 执行官 透露 ， 银行 将 简化 为 一 个 后勤 部门 。
苏格兰 皇家 银行 将 不再 为 苏格兰 以外 的 客户 服务 。
罗斯 · 麦克尤恩 告诉 英国 广播 公司 苏格兰 分部 ， 苏格兰 皇家 银行 品牌 曾经 致力于 其 全球 雄心 壮志 。
但 八 年 前 濒临 倒闭 ， 不得不 接受 救助 从 那时 开始 便 放弃 了 那样 的 追求 。
那段 时间 ， 品牌 策略师 使用 ‘ RBS ’ 来 保护 其它 消费 金融 品牌 。
集团 曾 耗费 数百万 英镑 以 赞助 橄榄球 六 国 赛 和 温 布尔 顿 网球 锦标赛 冠军 安迪·穆雷 等 方式 赞助 国际 体育 赛事 。
但是 现在 ， 正确 的 做法 是 让 更 多 的 国家 品牌 崭露头角 。
苏格兰 皇家 银行 将 为 苏格兰 客户 所用 ， 但 不 会 回复 原样 。
在 英格兰 和 威尔士 ， 所有 在 总部 及 证券 交易所 以外 的 提法 将 更改 为 国民 西敏寺 银行 。
阿尔斯特 银行 品牌 已 用于 爱尔兰 共和国 与 北爱尔兰 自治区 的 客户 。
还 有 一些 其它 更 突出 的 较小 私人 银行 品牌 ， 例如 顾资 银行 、 Adam &amp ; Co 、  Drummond 与 Holt ' s Military Bank 。
麦克尤恩 先生 曾 在 因弗内斯 郡 客户 与 员工 的 参观 之 旅 中 接受 采访 。
他 告诉 英国 广播 公司 苏格兰 分部 说 ： “ 苏格兰 皇家 银行 品牌 将 最终 成为 我们 的 投资者 品牌 ， 同时 也 是 员工 受雇 品牌 之一 ， 因为 目前 更大 意义 上 我们 已 成为 一 个 拥有 众多 品牌 的 银行 。 ”
由于 该 银行 本身 成为 一 个 国际 品牌 ， RBS 也 成为 全球 品牌 。
目前 ， 我 要 说 的 是 ， 我们 不再 重点 关注 全球 ， 我们 已 将 目光 转向 本土 。
每 一 个 品牌 代表 着 各自 所在 行业 的 不同 ， 而 我们 的 员工 通过 不同 品牌 为 客户 服务 。
苏格兰 皇家 银行 已 表明 不 会 继续 赞助 六 国 锦标赛 ； 同时 ， 已 努力 提升 不同 品牌 在 体育 赛事 赞助 的 形象 。
首席 执行官 表示 ： “ 现在 到了 成为 一 家 多 品牌 银行 的 时候 ， 因为 私下 我们 一直 在 探求 如何 成为 一 家 更 好 的 服务 于 客户 的 银行 。 ”
如果 三 年 前 我们 立志 成为 一 家 拥有 众多 品牌 的 大 银行 将 备受 嘲讽 。
目前 我们 重点 关注 客户 需求 ， 并且 我 相信 您 已 注意 到 了 这些 变化 。
我 认为 我们 可以 重新 启动 这些 品牌 ， 而且 现在 时间 正合适 。
Snapchat 的 “ 动漫 ” 效果 被 指 讽刺 亚洲人
Snapchat 表示 这 一 滤镜 的 灵感 来自 动漫 ， 但 一些 观察者 认为 它 带有 种族 色彩 。
Snapchat 的 1.5亿 名 日常 用户 可以 通过 其滤 镜 工具 改变 现实 并且 将 人像 变得 滑稽 可笑 。
你 可以 把 自己 变成 一 颗 菠萝 、 一 只 狗 或 一 个 罗伊·利希滕斯坦画 中 的 角色 。
这些 透镜 具有 钝化 、 弯曲 特征 的 效果 ， 每 天 产生 3000多万 张 经过 修饰 的 自拍 。
任何 失误 都 会 立刻 被 公众 所 注意 。
Snapchat 透镜 曾 受到 批评 ， 该 应用 被 指 鼓动 扮演 黑人 或者 以 白色 皮肤 为 美 。
因此 ， 当 该 应用 本 周 为 一些 用户 提供 了 一 个 可以 创造 斜眼 、 怪 牙 和 粉脸 效果 的 滤镜时 ， 一些 评论家 将 其 称为 对 亚洲 “ 黄种人 ” 的 种族 讽刺 。
他们 甚至 认为 这些 反复 出现 的 问题 是否 意味 着 该 公司 在 多样性 上 存在 较 大 的 问题 。
在 Snapchat 表示 其 删除 该 功能 后 ， 周三 The Verge and Motherboard 的 报道 引发 众怒 。
该 公司 的 解释 是 ： 该 滤镜是 对 动漫 角色 致敬 ， 而非 讽刺 亚洲人 。
但 对于 经历 过 种族 主义 的 观察者 而言 ， 该 滤镜 让 他们 想起 了 现实 中 具有 伤害 性 的 刻板印象 。
其他 人也 坚决 反对 这些 动漫 形象 。
一 名 针对 这些 照片 发表 了 推特 并且 被 广泛 分享 的 韩裔 美国 艺术 生在 一 封 电子 邮件 中 表示 ， 这些 滤镜 “ 至少 是 令人 感到 难受 和 不适 的 ” 。
她 还 表示 ： “ 很 难 区分 极度 恶心 的 亚洲 讽刺 形象 与 滤镜 的 效果 。 ”
虽然滤 镜中 不只是 黄种人 ， 但 黄种人 被 极端 贬低 。
Snapchat 并不 是 唯一 一 家 触及 这些 文化 底线 的 公司 。
从 公司 董事会 到 好莱坞 以及 我们 携带 的 设备 ， 美国 文化 似乎 一直 在 提倡 多样性 与 包容性 。
Snapchat 庞大 的 年轻 群体 由于 比 老 一 辈 更加 注重 种族 的 多元化 ， 因此 可能 会 十分 敏感 。
当 Snapchat 的 一 个 滤镜 产生 了 侮辱 用户 的 形象 时 ， 25 岁 的 朱凯蒂 （ 音译 ） 在 周四 的 采访 中 表示 ： “ 相比 以前 ， 此 类 事物 更难 逃过 人们 的 视线 。 ”
周四 ， 在 Medium 担任 产品 经理 和 工程师 的 朱 女士 决定 删除 她 的 Snapchat 帐号 并且 鼓励 他人 也 这么 做 。
在 一 篇 为 Medium 所 写 的 文章 和 一 次 电话 采访 中 ， 她 表示 自己 认为 种族 方面 的 争议 反映 了 Snapchat 在 招聘 过程 中 缺乏 种族 多样性 。
朱 女士 批评 该 公司 的 员工 大多数 为 白人 ， 领导层 全部 为 男性 并且 在 文章 的 最后 加上 了 一 个 标签 ： # DeleteSnapchat 。
作为 一 名 华裔 美国人 ， 朱 女士 表示 ： “ 要么 他们 的 员工 中 没有 各色 人种 ， 所以 才 能 作出 这样 的 决定 ， 要么 他们 的 员工 中 有一些 有色 人种 ， 但 他们 的 职位 无法 让 他们 畅所欲言 。 ”
其他 观察者 分享 了 她 没有 被 Snapchat 回应 的 投诉 。
该 公司 并 未 发布 有关 员工 多样性 的 数据 ， 并且 表示 自己 是 一 家 私人 公司 。
周四 ， Snapchat 拒绝 讨论 其 员工 的 种族 背景 ， 但 一 名 发言人 称 ， 该 公司 近期 雇用 了 一 名 招聘 人员 专门 负责 关注 内部 比例 较 低 的 人群 以及 推动 内部 包容性 方面 的 工作 。
朱 女士 表示 ， 她 将 关闭 她 的 Snapchat 帐号 ： “ 我 想 知道 他们 是否 需要 更多 像 我们 这样 反对 这 一 行为 的 用户 。 ”
海伦 · 格拉芙 和 希瑟·斯坦宁 受 身患 癌症 的 教练 的 鼓舞 ， 夺得 赛艇 金牌
毫不 夸张 地说 ， 这 是 最 让 人 感动 的 一 块 金牌 。
从 第一 次 划桨 开始 到 现在 ， 海伦 · 格拉芙 和 希瑟·斯坦宁 已 接受 了 220 次 惩罚性 拉举 训练 ， 而 她们 在 Estacio da Lagoa 夺得 的 这 块 金牌 具有 更 非凡 的 的 意义 。
虽然 划桨 的 只 有 她们 两 人 ， 但 船上 还 有 一 个 人 —— 教练 罗宾 · 威廉姆斯 —— 的 声音 一直 陪伴 着 她们 冲击 连续 第二 块 女子 双人 桨 奥运会 金牌 ， 这 是 英国 首 对 达到 这 一 高度 的 赛艇 女子 组合 。
她们 已 保持 了 39 场 不败 纪录 ， 具有 绝对 的 优势 。
我们 所 看到 的 是 这 两 名 天才 运动员 在 水面 上 优雅 前行 ， 但 这 并不 是 这一 胜利 的 全部 。
在 每 一 块 赛艇 金牌 的 背后 都 有 许多 自愿 帮助 的 人 ， 正 是 他们 的 不断 奉献 创造 了 不同 ， 而 其中 帮助 最 大 的 莫过于 一 位 30 个 月 前 得知 自己 身患 癌症 、 不 知道 自己 能否 活着 看到 这 一 天 的 教练 。
正 如 他 所 说 ， 死亡 随时 可能 到来 。
我 患上 了 膀胱癌 ， 他们 为我 做 了 手术 。
如果 不 做 手术 的话 ， 癌细胞 会 扩撒 到 全身 。
这样 ， 情况 会 糟糕 得 多 。
这 会 略微 改变 你 的 看法 。
威廉姆斯 在 2013年 12月 被 确诊 为 癌症 。
幸运 的 是 ， 他 在 2014年 年初 开始 了 治疗 ， 将 影响 降到 最低 ， 虽然 在 这种 情况 下 这么 说 可能 并不 合适 。
我 需要 拿到 工资 ， 因此 我 必须 赶快 好 起来 。
这 对 我 来说 是 一 种 激励 。
我 住在 医院 里 ， 虽然 他们 说 走 几 步 就 足够 了 ， 但 我 还是 每 次 绕着 病房 走上 20 英尺 、 30 英尺 、 50 英尺 。
这 就 是 一切 的 起点 。
赛艇 运动 本身 是 一 次 旅程 ， 而 这 让 这 段 旅程 变得 更 长 一点 。
在 夺金 的 那 一 刻 ， 她们 首先 想到 的 是 威廉姆斯 。 今天 早上 的 威廉 姆斯 比 平时 略微 健谈 一些 ， 这 是 为了 克服 他 的 焦虑 。
曾 是 皇家 炮兵团 队长 的 斯坦宁 之后 将 前往 阿富汗 ， 她 表示 ： “ 我 这 周 的 心情 很 不 好 ， 可能 有 点 极端 ， 但 这 块 金牌 的确 意义 非凡 。 ”
它 反复 告诉 我 这 对于 我 而言 有 多 重要 ， 我 、 海伦 以及 罗宾 付出 了 多 大 的 努力 。
这 是 海伦 、 罗宾 和 我 努力 了 三 年 的 回报 。
如果 没有 罗宾 ， 我们 还 只是 无名小卒 ， 非常 感谢 他 ， 他 是 全世界 最 棒 的 教练 。
我 不 可能 找到 比他 更 棒 的 训练师 和 教练 。
海伦 · 格拉芙 和 希瑟·斯坦宁 在 五 年 中 未尝 败绩 。
这 对 组合 所 设置 的 惩罚 力度 是 她们 的 对手 所 无法 比拟 的 。
即便是 在 最后 的 500 米 ， 新西兰队 和 丹麦队 开始 逼近 时 ， 斯坦宁 和 格拉芙 仍 有 大量 的 体能 储备 。
当时 真是 惊心动魄 。
海伦 叫 着 ： “ 保持 节奏 、 保持 节奏 ” 。
不 被 对手 所 影响 的确 非常 重要 。
我们 有 一 个 很 好 的 开始 ， 同时 我们 并没有 期盼 着 做 什么 惊天动地 的 大 事 。
我们 没有 去 想 今天 的 荣耀 ， 我们 只是 想着 划好 每 一 桨 和 赢得 这 场 比赛 ， 并且 我们 做到 了 。
这 对 组合 花了 一 年 时间 决定 自己 的 未来 。
格拉芙 下 个 月 将 与 电视 探险 员 史蒂夫·巴克沙尔 结婚 。
不过 现在 ， 她 只 想 享受 当下 。
我 不 想 说 这 是 我 的 最后 一 场 比赛 。
这 会 给 我 带来 太 大 的 压力 。
在 伦敦 ， 我 用 了 约 六 个 月 时间 才 意识 到 我 是 奥运 冠军 。
这 是 一 种 全新 的 体验 ， 而 我 感到 十分 紧张 。
现在 已 过去 了 约 4 分钟 。
她 表示 “ 我 感觉 好 多 了 。 ”
“ 身 中 数 弹 ” 的 6 岁 Mahaj Brown 在 费城 枪击案 中 幸免
警方 称 ， 一 名 六 岁 的 男孩 在 费城 遭到 枪击 ， 这 也 是 本周 该 市 第二 个 中 枪 的 六 岁 儿童 。
孩子 的 祖父母 向 CBS Philadelphia 证实 ， 遭 枪击 的 孩子 是 Mahaj Brown 。
他们 说 ， Brown 的 腹股沟 、 腿 、 胳膊 和 腹部 等 部位 有 多 处 枪伤 ， 但是 孩子 在 送医 途中 是 清醒 的 。
“ 他 遭 了 不少 罪 ， 小小 的 身体 被 子弹 打得 千疮百孔 ， ” 他 的 祖母 Delores Melendez 对 电视台 说 。
我 简直 不 敢 相信 。
这 名 男孩 在 医院 的 情况 很 危急 ， 已经 接受 了 多 次 手术 。
他 的 家人 告诉 电视台 说 ， 孩子 有望 康复 。
他 原本 要 开始 在 当地 一 所 小学 读 一 年 级 了 。
Brown 是 Germantown 地区 遭到 枪击 的 四 人 之一 。
其他 遭到 枪击 的 三 人 中 ， 两 人 29 岁 ， 一 人 32 岁 。
据 CBS Philadelphia 称 ， 其中 一 名 29 岁 的 受害者 情况 危急 ； 另 两 名 受害者 情况 稳定 。
电视 台称 ， 这 名 孩子 与 那 名 29 岁 的 情况 危急 的 受害者 是 在 汽车 前 座上 被 发现 的 。
另 两 名 受害者 不 在 车上 ， 警方 正在 调查 是否 受伤 人员 中 就 有 枪手 。
调查 人员 告诉 CBS Philadelphia ， 看起来 像是 多名 枪手 交火 。
现场 发现 了 不少 攻击性 武器 的 弹壳 ， 由此 可 推断 他们 使用 的 是 不同 的 攻击性 武器 。
由此 判断 ， 这 无疑 是 一 场 持续 战 。
街道 两 边 的 人行道 上 都 有 弹壳 。
“ 所以 ， 由此 可 见 当时 现场 有 多 名 武装 人员 处于 激战 状态 ， ” 费城 警察 局长 Anthony Ginaldi 对 电视台 说 。
该 地区 有 不少 房屋 及 车辆 受损 。
尚 未 实行 抓捕 行动 ， 据说 ， 警察 在调 看 监控 录像 。
周二 ， 还有 一 名 六 岁 儿童 （ 女孩 ） ， 在 位于 West Oak Lane 社区 的 家门口 玩耍 时 ， 被 流弹 射中 胳膊 。
她 目前 正在 康复 ， 警察 仍在 追捕 嫌犯 。
神秘 鱼 惊 现 Banff 一 花园
Banff 的 一 位 居民 发现 有 鱼 惊现 自家 花园 ， 随后 发出 了 求助 。
Kevin Bain 认为 这 75 条 鱼 可能 是 被 海上 龙卷风 刮来 的 沙鳗 。
Bain 先生 居住 在 距离 大海 约 500 米 的 地方 ， 他 在 Periscope 上 发布 了 这 一 奇怪 场景 的 视频 ， 希望 有 人 能 为 他 解释 为何 会 出现 这些 两 英寸 长 的 鱼 。
英国 必须 传递 奥林匹克 精神 并且 对 希思罗 机场 进行 扩建
希思罗 也 将 为 我们 的 社区 、 伦敦 以及 整个 国家 带来 活力 与 繁荣 。
对于 我 而言 ， 这 是 希思罗 的 魅力 所在 ， 正如 在 2012年 伦敦 奥运会 时 ， 我们 竭尽全力 保证 我们 的 国家 和 地区 能够 从 这些 赛事 中 获益 。
奥运会 使 斯特拉特福 德和 东区 受益匪浅 。
并且 我们 将 通过 为 希思罗 附近 的 当地 民众 和 企业 创造 机会 再次 造福 这 一 地区 。
仅 就 我们 的 本地 社区 而言 ， 我们 将 创造 10,000 个 新 学徒 岗位 、 40,000 个 新 工作 岗位 并且 让 机场 周围 的 年轻 人 摆脱 失业 困境 。
正 如 2012年 伦敦 奥运会 前 ， 有些 人 认为 希思罗 的 扩建 工程 过于 庞大 。
我 被 告知 英国 将 无法 为 奥运会 做好 准备 ， 并且 我们 将 在 全世界 面前 丢脸 。
质疑者 对于 2012年 奥运会 的 怀疑 是 错误 的 ， 并且 他们 对于 希思罗 项目 的 怀疑 也 将 被 证明 是 错误 的 。
虽然 总是 会 出现 需要 克服 的 障碍 ， 但 希思罗 正在 解决 每 一 个 所 面临 的 问题 。
如同 奥运会 ， 希思罗 是 为 大多数 人 而非 少数 人 所 开展 的 基础 设施 项目 。
扩建 工程 将 创造 多达 18万 个 新 工作 岗位 、 带来 2110亿 英镑 的 经济 增长 ， 为 机场 周围 和 全 英国 留下 一 笔 技术 与 就业 财富 。
我们 有 一 支 出色 的 希思罗 项目 团队 。 该 团队 已 准时 并且 在 预算 范围 内 完成 了 110亿 英镑 的 基础 设施 投资 项目 ， 包括 连续 五 年 当选 全球 最佳 机场 航站楼 的 T5 航站楼 和 位于 全球 最 繁忙 的 两 条 跑道 之间 的 T2 航站楼 。
现在 ， 他们 准备 以 160亿 英镑 的 私人 投资 建设 第三 条 跑道 。
英国 成功 地 举办 了 2012年 伦敦 奥运会 ， 而 我 相信 希思罗 机场 扩建 项目 也 将 取得 巨大 的 成功 。
现在 正 是 我们 传递 奥林匹克 精神 并 扩建 希思罗 机场 的 好 时机 ， 这样 我们 就 能 为 我们 的 未来 保驾 护航 并且 创造 一 笔 使 全 英国 感到 骄傲 的 技术 与 就业 财富 。
保罗·戴顿 勋爵 是 希思罗 机场 董事会 主席 和 前 英国 财政部 商务 参赞
俄罗斯 与 土耳其 ： “ 格格不入 联盟 ” ？
一 个 手势 结束 一 场 危机 。
俄罗斯 与 土耳其 领导人 周二 进行 会见 ， 双方 握手 并 宣布 正式 结束 长达 八 个 月 的 口水战 与 经济 制裁 。
然而 ， 当 弗拉基米尔·普京 在 一 座 圣彼德斯堡 宫殿 金碧辉煌 的 大厅 中 迎接 土耳其 总统 时 ， 我 有种 强烈 的 感觉 ： 此 次 和解 是 安卡拉 最 希望 看到 的 。
是的 ， 双方 确实 握手 了 。
然而 ， 即使 是 按照 普京 先生 一向 内敛 的 标准 来看 ， 普京 也 只是 浅浅 微笑 ， 几乎 未 流露 出 热情 之意 。
据 报道 ， 雷杰普·塔伊普·埃尔多安 则 五 次 提到 “ 好 朋友 ” 普京 。
我 记 不 清 了 。
同时 ， 他 承诺 与 俄罗斯 的 关系 将 回归 至 危机 发生 前 的 水平 ， 甚至 达到 更 高 水平 。
次日 ， 此间 一 家 报纸 写到 ， 埃尔多安 先生 则 表现 的 好像 什么 都 没 发生 一样 。
但是 ， 我 认为 他 的 热情 暗示 了 某些 相反 的 东西 。
然而 ， 普京 先生 持续 冷淡 的 态度 说明 他 什么 都 没有 忘记 。
实际上 ， 他 在 开场白 中 提到 的 第一 件 事 便是 此 次 危机 的 原因 ： 土耳其 于 叙利亚 边境 击落 一 架 俄罗斯 战机 。
莫斯科 当时 的 反应 很 激烈 。
普京 先生 针对 该 事件 进行 猛烈 抨击 ， 指责 安卡拉 在 背后 暗算 莫斯科 。
来自 所谓 朋友 的 攻击 更 让 人 难以 接受 。
双方 很 难 ， 甚至 不 可能 重新 建立 真正 的 信任 。
自 11月份 开始 ， 俄罗斯 民意 也 有所 扭转 。
数月 来 ， 被 政府 控制 的 媒体 对 安卡拉 进行 了 令 人 震惊 的 全力 进攻 。
突然 之间 ， 土耳其人 似乎 要 为 所有 事情 负责 。
其中 ， 最 严重 的 是 来自 高级 官员 的 指责 ： 埃尔多安 先生 的 家人 从 所谓 伊斯兰国 控制 的 叙利亚 地区 的 非法 石油 交易 中 获利 。
他 已 断然 否认 该 种 说法 。
然而 ， 圣彼德斯堡 传来 的 消息 显示 ， 是 时候 该 向前 看了 。
毕竟 此 次 会面 的 前提 是 普京 收到 土耳其 总统 埃尔多安 的 道歉 。
俄罗斯 可以 宣布 胜利 了 。
对于 安卡拉 来说 ， 休战 的 好处 显而易见 。
首先 ， 埃尔多 安在 上 个 月 政变 失败 后 险些 被 赶 下台 ， 因此 他 需要 所有 朋友 的 支持 。
不断 的 恐怖 袭击 显然 已 对 他 造成 很大 打击 。
同时 也 有 经济 动机 。
俄罗斯 制裁 对 土耳其 打击 很 大 ， 尤其是 禁止 每 年 可 输送 几百万 俄罗斯 游客 至 土耳其 海岸 的 包机 服务 。
该 数字 已 大幅 下滑 近 90% 。
随着 航班 恢复 ， 俄罗斯 的 旅行社 与 包机 公司 必 将 松 一 口 气 。
他们 将 迎来 季末 地中海 旅游 潮 。
国家 电视台 甚至 在 本 周 预测 ， 一旦 土耳其 农产品 进口 重新 放开 ， 水果 及 蔬菜 的 价格 将 下降 。
莫斯科 报纸 Vedemosti 的 一 篇 报道 称 ： “ 游客 去 了 ， 番茄 回来 了 。 ”
对于 莫斯科 来说 ， 此 次 访问 也 具有 额外 的 政治 价值 。
安卡拉 对于 西方 世界 对 接管 意图 的 微弱 反应 感到 愤怒 。
此外 ， 安卡拉 对于 加入 欧盟 谈判 的 缓慢 进展 及 普京 的 插手 长期 感到 不满 ， 普京 热衷于 利用 政治 寒意 以及 削弱 土耳其 与 西方 世界 的 关系 。
由于 在 政变 失败 后 拥护 当选 当局 ， 俄罗斯 领导人 必将 获得 安卡拉 的 加分 。
注意 ， 这 对于 一直 对 政权 更迭 怀抱 根深蒂固 恐惧 的 莫斯科 来说 是 一 种 馈赠 。
因此 ， 在 这个 金碧辉煌 的 海边 宫殿 所 举行 的 会面 使 俄罗斯 与 土耳其 两 个 被 西方 世界 拒绝 与 虐待 的 国家 结成 盟友 ， 一 位 分析师 将 其 描述 为 “ 格格不入 联盟 ” 。
然而 ， 尽管 公开 和解 ， 但 双方 仍 存在 重大 分歧 。
叙利亚 是 关键 因素 之一 。 莫斯科 近日 在 叙利亚 扮演 和事佬 的 角色 ， 而 俄罗斯 与 土耳其 却 支持 相反 派别 。
可以 预见 到 的 是 ， 在 经过 近 三 个 小时 的 初步 谈话 后 ， 两 位 总统 在 发布会 上 表示 ， 尚未 谈及 那个 话题 。
土耳其 总统 刻意 回避 关于 双方 分歧 的 问题 ， 而 普京 则 予以 强调 。
双方 就 如何 在 叙利亚 问题 上 求同存异 未 达成 明确 共识 。
在 北大西洋 公约 组织 成员国 土耳其 击落 俄 战机 所 带来 的 数月 公开 敌对 及 引发 大型 灾难 的 可能 下 ， 两 国 领导人 再次 重启 对话 肯定 是 件 好事 。
28 岁 厨师 被 发现 死于 旧金山 一 家 商场
近日 刚 搬至 旧金山 的 一 位 28 岁 厨师 本 周 被 发现 死于 当地 一 家 商场 的 楼梯间 。
但 受害人 的 哥哥 表示 想 不 出 有 谁 会 想要 加害于 他 ， 并 称 “ 一切 终于 好 起来 了 。 ”
旧金山 验尸官 办公室 表示 ， 周三 早上 于 西 田 购物 中心 发现 的 尸体 确认 为 28 岁 旧金山 居民 Frank Galicia 。
旧金山 警察局 称 该 起 死亡 案件 被 裁定 为 他杀 ， 并 正在 进行 调查 。
受害人 的 哥哥 Louis Galicia 对 美国 广播 公司 位于 旧金山 的 电台 KGO 表示 ， 之前 在 波士顿 做 流水线 厨师 的 Frank 于 六 个 月 前 在 旧金山 的 Sons &amp ; Daughters 餐馆 找到 一 份 流水线 厨师 的 理想 工作 。
Sons &amp ; Daughters 餐馆 的 一 位 发言人 表示 ， 他们 对于 Frank 的 死 感到 “ 非常 震惊 ” 。
该 发言人 称 ， “ 我们 是 相处 得 像 亲密 无间 的 一 家 人 的 一 个 小 团队 ， 我们 将 深深 怀念 他 。 ”
在 这个 悲痛 的 时刻 ， 我们 向 Frank 的 家人 及 朋友 表达 我们 深切 的 同情 与 哀悼 。
Louis Galicia 称 Frank 起初 住在 招待所 里 ， 但是 最近 “ 一切 终于 好 起来 了 。 ”
Louis Galicia 告诉 KGO ： “ Frank 找到 一 间 公寓 ， 同时 在 跟 一 个 女孩 交往 。 ”
Louis Galicia 表示 ， 他 想 不 出 有 谁 会 想要 加害 他 的 弟弟 。
Frank 拥有 善良 的 心地 及 宽阔 的 胸怀 。
Louis Galicia 称 ： “ Frank 经常 为 家人 烹饪 晚餐 。 ”
他 从不 愿意 与 家人 争吵 。
他 是 一 个 随从 大家 意见 的 人 。
Louis Galicia 说 ： “ 世上 的 所有 事物 都 有 可能 出错 ， 但 Frank 称 得 上 是 一 个 每 天 都 发光 的 外粗 内秀 之人 。 ”
有线 索 人士 请 拨打 旧金山 警察局 举报 电话 415-575-4444 。
苏格兰 自行 车手 卡尔姆·斯金纳 夺得 自行车 金牌 后 载誉 而 归
苏格兰 自行 车手 卡尔姆·斯金纳 昨晚 在 里约 自行车 赛场 男子 团体 竞速赛 帮助 英国 三 人 组继 2012年 伦敦 奥运会 之后 成功 卫冕 奥运会 金牌 。
这 位 23 岁 的 格拉斯哥 自行 车手 代替 了 他 的 苏格兰 同胞 —— 克里斯·霍伊 爵士 ， 成为 了 队伍 的 中坚 。 当年 轻 的 斯金纳 击败 夺冠 热门 新西兰队 并 载誉 而 归时 ， 就 连 这 位 传奇 自行 车手 也为 他 感到 骄傲 。
四 年 前 ， 英国队 一鸣惊人 ， 而 霍伊 夺得 了 个人 六 块 奥运会 金牌 中 的 第五 块 。
英国队 在 三 月 伦敦 的 世界 单车 场地 锦标赛 上 仅 名列 第六 ， 霍伊 自此 退役 。 然后 ， 英国队 再 创 辉煌 。
在 北京 奥运会 到 伦敦 奥运会 期间 ， 英国队 的 问题 在于 换掉 了 “ 第一 圈 专家 ” 杰米·斯塔夫 。
车队 正是 在 辛德斯 出现 时 才 这么 做 的 。
霍伊 的 退役 也 留下 了 一 个 空白 ， 而 奇恩·伊玛迪 和 马特·克兰 普顿 都 想来 填补 这个 空白 。
在 看到 斯金纳 的 潜力 后 ， 英国 男队 教练组 坚持 让他 入选 国家队 ， 而 斯金纳 最终 也 不负众望 。
斯金纳 的 搭档 是 四 年 前 与 霍伊 一同 夺得 金牌 的 辛德斯 和 肯尼 。 三 人 在 资格赛 中 刷新 了 奥运会 纪录 ， 但 这 一 成绩 在 第一 轮 被 新西兰队 所 超越 。
而 这 三 位 英国 自行车赛 最终 击败 对手 ， 夺得 金牌 。
虽然 辛德斯 稍有 落后 ， 但 肯尼 为 团队 取得 领先 ， 斯金纳 将 这 一 领先 优势 保持 到 了 最后 。
战略 的 改变 是 这 一 逆转 的 关键 ， 辛德斯 选择 了 较 大 的 飞轮 ， 因此 速度 较慢 ， 而 这 让 肯尼 ， 尤其是 斯金纳 能够 保持 速度 。
霍伊 以 BBC 评论员 的 身份 观看 了 比赛 。 斯金纳 、 肯尼 和 辛德斯 在 登上 领奖台 时 看到 了 他 。
23 岁 的 格拉斯哥 自行 车手 斯金纳 表示 ： “ 这 让 我 受宠若惊 。 ”
我 只是 尽 我 所 能 ， 让 自己 扬名 立万 而已 。
我们 在 决赛 中 创造 了 奥运会 纪录 并且 击败 了 世界 冠军 。
这太 令 人 难以 置信 了 。
没有 什么 比 这 场 胜利 更 棒 了 。
在 2012年 伦敦 奥运会 上 与 肯尼 和 霍伊 夺得 金牌 后 ， 辛德斯 承认 在 起步 不 佳 的 情况 下 故意 摔 落在 赛道 上 。
后来 ， 他 撤回 了 这 番 评论 ， 而 英国队 的 对手们 也 无法 上诉 。
而 这 次 的 胜利 没有 任何 此 类 问题 。
辛德斯 表示 ： “ 这 就 像 在 伦敦 ， 站台 上 都 是 英国 的 国旗 。 ”
我们 在 三 个 月 前 才 刚刚 组队 。
我们 已经 丢掉 了 很多 世界 冠军 ， 所以 能够 卫冕 奥运 冠军 太 令 人 感到 惊讶 了 。
这 对于 在 北京 奥运会 和 伦敦 奥运会 上 夺得 10 块 场地 自行车赛 金牌 中 的 7 块 的 英国队 而言 只是 一 场 比赛 、 一 块 金牌 而已 。
如果 这 象征 着 过去 五 个 月 我们 所 取得 进步 ， 那么 我们 将 在 未来 五天 继续 在 自行车 馆 取得 成功 。
根据 肯尼 所 展现 的 状态 ， 他 并非 没有 可能 再 现 霍伊 在 一 届 奥运会 上 夺得 三 块 金牌 的 壮举 。
如果 是 这样 的话 ， 比霍伊 年轻 12 岁 并且 同样 在 3月 23日 （ 这 一 天 似乎 是 英国 体育界 的 神圣 日子 ， 史蒂夫·雷德格 雷夫 、 莫 · 法拉 和 罗杰·班尼斯特 也 是 在 这 一 天 出生 的 )  出生 的 肯尼 将 拥有 6 块 金牌 和 1 块 银牌 。
这 一 成绩 与 霍伊 持平 。
肯尼 接下来 将 出战 于 今天 开始 、 为期 三 天 的 竞速赛 。
这 位 28 岁 的 博尔顿 人 表示 ： “ 我 暂时 会 专注 于 这 项 比赛 。
团队 赛 始终 是 最 棒 的 。
你 可以 与 队友 一起 赢得 比赛 。
坦率 地 讲 ， 一 个 人 获胜 有点 孤独 。
辛德斯 表示 ： “ 如果 他 能 夺得 另 两 块 金牌 ， 那么 他 应该 会 被 授予 爵士 封号 。 ”
这 是 当天 唯一 一 场 产生 奖牌 的 比赛 ， 但 英国队 收到 了 其他 好 消息 。
布拉德利·威金斯 爵士 、 艾德·克兰西 、 史蒂文·伯克 和 欧文·杜尔以 最 快 成绩 晋级 四人四 公里 团体 追逐赛 。
他们 的 成绩 是 351.943 。
而 2012年 伦敦 奥运会 金牌 获得者 的 世界 纪录 是 351.659 。
第一 轮 和 决赛 （ 晚上 10点42 分 ） 于 今天 第二 比赛 日 举行 ， 威金斯 无疑 将 成为 万众瞩目 的 焦点 。
昨天 他 在 资格 赛前 与 比赛 官员 发生 了 争执 ， 当时 比赛 官员 让他 测量 身高 。
在 将 于 明天 结束 的 女子组 比赛 中 ， 劳拉·特洛特 、 乔安娜·罗瑟尔·尚德 、 埃莉诺·巴克 和 来自 米尔 盖 的 凯特·阿奇 博尔德 以 新 的 世界 纪录 413.260 晋级 。
英国队 依靠 强大 的 其 场地 自行 车队 在 奥运会 中期 占据 主动 并且 囊获多 枚 奖牌 。
在 北京 和 伦敦 奥运会 上 展现 其 绝对 统治 地位 后 ， 英国 自行 车队 在 前往 里约 的 过程 中 让 大家 略 感 失望 。
期间 发生 了 许多 波折 ， 包括 四月 技术 总监 肖恩·萨顿因 性别 歧视 和 欺凌 指控 而 辞职 以及 霍伊 、 维多利亚 · 彭德尔顿 等 传奇 人物 的 退役 。
但 自行车 馆 的 首个 比赛 夜 足以 证明 英国队 将 再度 上演 关键 时刻 达到 巅峰 状态 的 传奇 。
视频 报告 显示 ： 小头 睡鲨 是 寿命 最 长 的 脊椎 动物
科学家 表示 ， 小头 睡鲨  ( Greenland shark )  是 地球 上 寿命 最 长 的 脊椎 动物 。
一直 研究 鲨鱼 的 Julius Nielsen 说 ， 据 资料 记载 ， 有 一 头 雌性 小头 睡鲨 的 年龄 预计 介于 272 岁 至 512 岁 之间 ， 体长 达 五 米 。
帕特里克·罗伊 辞去 雪崩 队 主帅 一 职
帕特里克·罗伊于 周四 辞去 科罗拉多 雪崩 冰球队 主教练 兼 副总裁 一 职 ， 他 表示 自己 在 球队 决策 层面 没有 发言权 。
科罗拉多 执行 副总裁 总经理 乔·萨奇斯 确认 了 这 一 消息 并且 表示 俱乐部 将 立刻 开始 寻找 新 的 主教练 。
五十 岁 的 罗伊 在 声明 中 表示 ： “ 在 过去 三 年 中 ， 我 怀着 活力 、 激情 与 决心 履行 科罗拉多 雪崩 队 主教练 兼 副总裁 的 职责 。 ”
我 在 整个 夏季 认真 思考 了 该 如何 改进 这 支 球队 ， 使 其 具备 更上一层楼 的 实力 。
为此 ， 这 位 主教练 和 副总裁 的 目标 必需 与 俱乐部 的 目标 相 一致 。
他 还 必需 在 影响 球队 表现 的 决策 中 拥有 发言权 。
但 目前 ， 这些 条件 还未 满足 。
萨奇斯 于 2013年 5月 23日 聘请 罗伊 ， 他 对 罗伊 为 球队 做出 的 贡献 表示 感谢 。
萨奇斯 表示 ： “ 帕特里克 在 今天 告诉 了 我 他 的 决定 。 ”
我们 对 他 为 俱乐部 所 作出 的 贡献 表示 感谢 ， 并且 希望 他 在 未来 一帆风顺 。
罗伊 在 2013 - 14 年 执教 雪崩 队 的 首 个 赛季 中 被 提名 为 杰克 · 亚当斯 奖 联盟 最 佳 教练 。
他 帮助 俱乐部 获得 了 112 分 ， 位居 中部 分区 第一 。 但 科罗拉多 队 在 季 后 赛 第一 轮 就 被 明尼苏达队 所 淘汰 ， 在 最近 两 年 均 与 季 后 赛 失之交臂 。
2015-16 赛季 ， 雪崩 队 的 成绩 为 39 胜 39 平 4 负 ， 最终 以 5 分之差 失去 了 西部 大联盟 赛区 的 第二 张 外卡 资格 。
作为 名人 堂 守门员 ， 罗伊 共 赢得 过 四 座 斯坦利杯 ， 在 为 蒙特利尔 加拿大人 队 和 雪崩 队 效力 时 各 获得 两 座 。
西蒙·拜尔斯摘得 女子 体操 全能 冠军
忘掉 压力 。
忘掉 炒作 。
西蒙·拜尔斯  ( Simone Biles )  不 受 这 一 切 的 影响 。
跳马 时 充满 活力 。
平衡木 上 游刃有余 。
自由 体操 动作 惊艳 。
整体 表现 非常 精彩 。
现在 ， 终于 成为 了 奥运 冠军 。
这 位 19 岁 的 美国 体操 运动员 周四 摘 得了 全能 冠军 ， 充分 在 奥运 赛场 上 展示 了 她 在 体操 方面 领先 世界 的 天赋 。
她 以 62.198 的 总分 远 超 银牌 得主 、 “ 终极 五 人 组 ” ( Final Five )  队员 莱斯曼  ( Aly Raisman )  和 铜牌 得主 俄罗斯 选手 穆斯塔 芬娜  ( Aliya Mustafina ) 。
来自 美国 的 西蒙 - 拜尔斯于 周四 在 巴西 里约热内卢 举 的 2016年 夏季 奥运会 的 艺术 体操 女子 个人 全能 决赛 上 进行 了 平衡木 表演 。
拜尔斯 帮助 美国队 在 奥运会 女子 体操 个人 全能 上 实现 了 四 连冠 ， 她 个人 在 本 届 奥运会 上 共 夺得 五 枚 奖牌 ， 进一步 印证 了 她 是 这 一 代 ， 也可能 是 有史以来 ， 最 优秀 的 体操 队员 。
当 看到 自己 总分 的 那 一 刻 ， 拜尔斯 忍不住 流下 泪水 。 她 终于 结束 了 这 一 漫长 的 旅程 。
拜尔斯 因此 跻身 像 迈克尔 - 菲尔普斯  ( Michael Phelps )  一样 的 “ 几十 年 一 遇 运动员 ” 的 行列 ， 他们 将 各自 领域 的 体育 项目 提升 到新 高度 ：
拜尔斯 最近 三 年 一直 称霸 赛场 ， 共 夺得 15 枚 世界 锦标赛 奖牌 ， 其中 包括 十 枚 金牌 。 怀揣 志向 的 她 每 日 刻苦 训练 ， 以 达到 更 高 的 精确度 。 1984年 奥运 冠军 玛莉·卢·雷顿  ( Mary Lou Retton )  称 ： “ 拜尔斯 是 我 见 过 的 最 棒 的 体操 运动员 。 ”
在 巴西 还 有 最后 一 场 比赛 ， 但 这 场 比赛 与其 说 是 拜尔斯 与 其他 体操 选手 的 竞争 ， 不如 说 是 她 自己 与 巨大 期望 压力 之间 的 较量 。
如果 拜尔斯 没有 满载 金牌 回到 她 位于 德克萨斯州 斯普林的家 ， 大家 一定 会 非常 失望 。
来自 美国 的 西蒙·拜尔斯 （ 左 ） 与 莱斯曼 相互 拥抱 ， 她们 在 8 月份 （ 周四 ） 巴西 里约热内卢 举办 的 2016年 夏季 奥运会 的 艺术 体操 女子 个人 全能 决赛 上 分别 获得 金牌 与 银牌 。
拜尔斯于 周二 斩获 第一 枚 金牌 ， 给 即将 退役 的 国家队 教练 卡 罗利  ( Martha Karolyi )  的 欢送会 奉上 一 份 惊喜 的 厚礼 。
尽管 拜尔斯 坚称 自己 在 常年 占据 冠军 宝座 的 过程 中 并没有 计划 未来 ， 但 事实 不完全 是 这样 的 。
拜尔斯 自由 体操 当中 的 一 段 —— 包括 她 标志性 的 翻腾 串连 的 那 一 段 ， 配 的 是 拉丁 音乐 ， 而 这 段 音乐 正 是 她 在 与 里约 奥运会 场馆 仅 有 一 街 之 隔 住所 里 常听 的 。
这 绝 非 巧合 。
这个 在 婴儿 时期 被 祖父母 收养 ， 并 在 一 次 体育馆 实地 考察 旅行 时 被 教练 艾米·伯尔曼  ( Aimee Boorman )  的 母亲 发现 的 女孩 现 已 成长 为 中坚 力量 。
自从 2013年 夏季 以来 ， 拜尔斯就 没有 在 全能 比赛 中 失手 过 ， 只要 想 赢 ， 她 就 一定 会 赢 。
穆斯塔芬娜 两 次 旋转 后 的 稍稍 领先 只是 一 个 幻觉 。
平衡木 与 自由 体操 两 个 项目 的 卫冕 世界 冠军 拜尔斯 埋伏 以待 。
她 的 平衡木 得分 15.433 ， 自由 体操 得分 15.933 。
在 等待 最后 比分 出来 的 时候 ， 莱斯曼 轻轻 抱 了 一下 拜 尔斯 。 当 拜尔斯 得知 自己 取得 梦寐以求 的 成绩 后 ， 顿时 留下 了 眼泪 。
莱斯曼 的 表现 有点 像是 对 四 年 前 的 复仇 ， 当时 她 并列 第三 ， 但 在 决胜局 中 输给 了 穆斯塔芬娜 。
但 这 一 次 ， 这 位 被 美国人 戏称 为 “ 奶奶 ” 的 22 岁 队长 遥遥领先 。
她 在 自由 体操 结束 后 向 人群 飞吻 ， 宣告 回归 ， 但 这样 的 回归 以前 有时 却 看起来 存在 疑问 。
拜尔斯才 19 岁 。 从 本 周 早些 时候 起 ， 其 消息 就 在 推特 上 病毒 般 传播 开来 。 就 拜尔斯而言 ， 其 人生 已 被 赋予 了 全新 意义 。
波特兰 冶炼厂 的 未来 因 供电 合同 的 取消 而 充满 不确定性
由于 为 工厂 供电 的 电力 公司 透露 了 一 名 工厂 所有 人 将 终止 一 份 供应 合同 ， 从而 使 所有 供应 合同 失效 ， 位 于 维多利亚 的 波特兰 铝 冶炼厂 以及 工厂 数百 名 工人 目前 正 面临 着 不确定 的 未来 。
这 一 举措 发生 在 维多利亚 政府 决定 不 继续 发放 保证 工厂 运营 的 补贴 之后 。
这 笔 为期 20 年 的 固定 补贴 将 在 11月 终止 。
美 铝 公司 波特兰 工厂 的 2000 名 工人 可能 面临 失业 。
一旦 工厂 关闭 ， 可能 有 多达 2000 人 直接 或 间接 失业 。
并且 由于 该 工厂 的 用电量 占到 维多利亚 全部 电力 输出 的 约 10% ， 因此 可能 还 会 产生 连锁 反应 。
2014年 ， 美 铝 公司 关闭 了 汉 瑞 角 冶炼厂 ， 这 导致 了 去年 安格尔 西岛 发电厂 的 关闭 。
美 铝 公司 波特兰 冶炼厂 目前 正在 亏损 并且 面临 关闭 风险 。
此 举 是 在 对 工厂 未来 几 年 作出 预测 之后 作出 的 ， 最初 的 原因 是 澳元 的 走强 ， 而 最近 则 是 因为 工厂 产品 的 价格 。
AGL 通过 拉特 罗布 山谷 老 埃 杨发 电厂 为 这 座 大型 铝 冶炼厂 提供 电能 。 该 公司 预测 另外 三 名 工厂 所有 人 也 将 终止 其 协议 。
工厂 的 最大 股东 是 一 家 美铝 公司 和 氧化铝 公司 的 合资 公司 ， 而 中国 的 中信 集团 和 日本 的 丸红 株式会社 也 持有 少量 股份 。
该 合资 公司 表示 ： “ AGL 预计 波特兰 工厂 将 继续 运营 ， 也就是说 这座 冶炼厂 将 继续 产生 电力 需求 。 ”
AGL 表示 这些 合同 是 本来 应该 自 2016年 11月 起 生效 的 “ 对冲 合同 ” 。
合同 的 终止期 为 12 个 月 ， 因此 它们 将 在 2017年 终止 。
该 电力 公司 表示 ： “ 因此 ， AGL 仍 预测 这些 合同 将 在 2017 财年 继续 产生 收入 。 ”
自 2018 财年 起 对 AGL 可能 产生 的 任何 收入 影响 目前 都 受到 期货 市场 对于 批发 电价 的 乐观 展望 。
AGL 表示 ， 公司 已 在 “ 终止 活动 预期 ” 中 减记 了 1.87亿 美元 的 合同 价值 。
美 铝 公司 表示 ， 决定 终止 这些 合同 “ 不 会 影响 美 铝 公司 经营 该 冶炼厂 或 保证 该 冶炼厂 电力 供应 的 能力 ” 。
这 家 美国 公司 表示 其 在 2010年 与 老 埃杨 签署 了 一 份 为期 20 年 的 合同 ， 该 合同 本来 将 在 今年 11月 生效 ， 但 该 公司 没有 解释 为何 退出 该 合同 。
分析家 对于 位于 维多利亚 的 波特兰 冶炼厂 以及 位于 纽卡斯尔 附近 的 托马戈 工厂 是否 会 因为 行业 糟糕 的 经济 形势 而 关闭 持 谨慎 态度 。
针对 分析师 在 本 周 早些 时候 发表 的 评论 ， AGL 运营 主管 史蒂芬·米克尔森 表示 波特兰 每 年 的 用电量 达到 约 600 兆瓦 ， 托马戈 工厂 达到 约 900 兆瓦 。
如果 两 家 工厂 关闭 ， 则 电力 市场 的 需求量 会 大大 减少 。
他 表示 ： “ 作为 一 家 电力 公司 ， 这 对于 我们 来说 可 不 是 一 个 好 消息 ” 。
国会 小组 表示 ， 军事 官员 扭曲 了 ISIS 的 情报
一 个 国会 小组 在 周四 发布 的 报告 中 指出 ， 美国 中央 司令部 的 官员 更改 了 情报 报告 ， 将 在 伊拉克 和 叙利亚 对抗 伊斯兰国 的 战争 情况 描述 得比 实际 情况 更为 乐观 。
这 份 中期 报告 来自 一 个 由 众议院 军事 委员会 、 情报 委员会 和 众议院 拨款 委员会 国防 分委会 共和党 主席 组建 的 专项 工作 小组 。 报告 称 ， 中央 司令部 情报 分析员 存在 “ 广泛 的 不满 ” ， 这些 分析员 表示 上级 正在 篡改 他们 对于 美国 与 伊斯兰 国 之 战 的 评估 。
位于 佛罗里达州 坦帕 的 中央 司令部  ( Centcom )  是 负责 监管 美国 在 中东 和 中亚 地区 的 军事 行动 的 军事 总部 。
根据 一 份 关于 该 报告 的 新闻 ， “ 经过 中央 司令部 高级 领导者 审核 的 情报 对于 美国 反恐 行动 的 描述 比 实际 情况 更 乐观 ， 并且 始终 比 其他 情报 机构 的 分析 更 乐观 。 ”
加利福尼亚州 共和党 代表 表示 ： “ 中央 司令部 的 行为 难以 令 人 接受 。 一边 是 我们 的 战士 饱受 战争 之 苦 ， 另 一 边 则 是 高层 政策 制定者 收到 错误 的 分析 。 ”
中央 司令部 的 领导层 问题 已 延伸 到 该 机构 的 最高层 。
该 报告 详细 指出 了 2014年 和 2015年 中央 司令部 在 描述 和 分析 美国 培训 伊拉克 军队 方面 长期 存在 的 问题 。
虽然 没有 确定性 的 证据 表明 ， 奥巴马 政府 的 高层 官员 下令 更改 这些 报告 ， 但 根据 报告 的 描述 ， 这些 分析员 感到 自己 受到 了 来自 中央 司令部 领导者 的 压力 ， 迫使 他们 对 伊斯兰国 （ ISIS 或 ISIL )  的 威胁 发表 更 乐观 的 意见 。
该 报告 称 ， “ 在 2015年 上半年 ， 许多 中央 司令部 的 新闻稿 、 声明 和 国会 证言 比 实际 情况 要 乐观 得 多 。 ”
比如 ， 一 名 中央 司令部 的 官员 公开 表示 可能 最 早 在 2015年 4月 或 5月 采取 一 次 大型 军事 行动 夺回 摩苏尔 。
伊拉克 第二 大 城市 摩苏尔 目前 仍 在 伊斯兰国 的 控制 之下 。
堪萨斯州 共和党 代表 迈克·蓬佩奥 在 一 份 声明 中 表示 ： “ 经过 数 月 的 调查 ， 这 一 结果 已 十分 明显 。 ”
自 2014年 中期 到 2015年 中期 ， 美国 中央 司令部 的 大部分 高层 情报 官员 操控 了 司令部 的 情报 产品 ， 隐瞒 了 伊拉克 伊斯兰国 的 威胁 。
共和党 在 从 分析员 那里 得知 有关 伊斯兰国 的 情报 被 操控 后 ， 成立 了 一 个 专项 工作 小组 。
随着 调查 的 继续 ， 继 周四 发布 的 这篇 报告 后 将 会 有 更 多 发现 。
国防部 总 检察长 也 对 中央 司令部 进行 了 长期 调查 。
众议院 情报 委员会 的 民主党 成员 于 周四 公布 了 其 调查 结果 ， 与 共和党 专项 工作 小组 的 部分 结论 相 一致 。
委员会 民主党 领袖 代表 谢安达 在 一 份 声明 中 表示 ： 2014年 至 2015年 期间 ， 中央 司令部 针对 伊斯兰国 和 伊拉克 维和 部队 的 情报 评估 制定 了 一 项 过于 狭隘 的 流程 。 ”
谢安达 先生 表示 ， 该 流程 “ 妨碍 了 情报 的 发布 ” 、 降低 了 分析员 的 士气 并且 “ 无法 接受 不同 的 意见 。 ”
但 谢安达 先生 与 民主党人 还 表示 ， 他们 未 发现 任何 证据 能够 证明 白宫 试图 给 中央 司令部 的 分析员 施加 压力 ， 从而 时 他们 的 结论 符合 “ 预设 或 政治 叙事 。 ”
《 野兽 日报 》 在 周二 报导 了 国会 调查 的 初步 结果 。
去年 八月 ， 《 纽约 时报 》 报导 了 在 收到 中央 司令部 分析员 的 投诉 后 ， 五角大楼 总 检察长 开始 进行 调查 。
五角大楼 发言人 海军 少校 帕特里克 · 埃文斯 在 一 份 声明 中 表示 ， 在 总检察长 的 调查 未 结束 前 ， 国防部 不 对 这 份 国会 报告 发表 任何 评论 。
但 他 表示 ： “ 专家 有 时会 对 复杂 数据 的 解读 产生 分歧 ， 而 情报 机构 和 国防部 鼓励 就 这些 重要 的 国家 安全 主题 进行 健康 的 对话 。 ”
此 次 调查 的 影响 已 超过 了 美国 领导 的 在 伊拉克 和 叙利亚 的 轰炸 行动 是否 取得 （ 越来越 多 国防部 官员 所 声称 的 )  成功 这 一 问题 。
但 去年 ， 这些 主张 使 公众 质疑 奥巴马 总统 可以 在 多 大 程度 上 信任 中央 司令部 所 发布 的 伊拉克 、 阿富汗 、 利比亚 和 其他 危机 地区 的 军事 行动 评估 。
有关 伊斯兰 国情 报的 批评 令 人 想起 出 十多 年 前 的 争议 ， 当时 中央 司令部 情报 分析员 格雷戈里 · 胡克 撰写 了 一 篇 研究 文章 ， 文中 指出 乔治·布什 的 政府 不顾 众多 分析员 的 反对 ， 坚持 派遣 小 规模 的 部队 前往 伊拉克 并且 几乎 没有 考虑 2003年 入侵 后 的 情况 。
胡克 先生 在 此次 关于 伊斯兰 国情 报的 反对 活动 中 扮演 了 关键 角色 。
去年 ， 有 官员 表示 ， 胡克 先生 的 团队 所 得出 的 结论 是 针对 伊斯兰 国 炼油厂 的 空袭 并未 大幅 削减 恐怖 组织 的 经济 收入 ， 因为 该 恐怖 组织 建造 了 临时 炼油厂 继续 在 黑市 上 出售 石油 ， 而 这 与 所 公布 的 声明 大相径庭 。
根据 《 时代 周刊 》 9月 的 报道 ， 中央 司令部 未 对外 公布 这 一 发现 。
当 多名 律师 审阅 了 有关 对于 战争 作出 过度 乐观 评估 的 参议院 证词 后 ， 中央 司令部 指挥官 劳埃德·奥斯汀 三世 去年 饱受 批评 。
奥斯汀 将军 于 4月 退役 ， 目前 由 约瑟夫·沃特尔 接替 他 在 中央 司令部 的 职位 。
英国队 在 七人制 橄榄球赛 中 获得 银牌 ， 斐济队 夺得 金牌
在 周四 晚上 的 七人制 橄榄球赛 决赛 中 ， 英国队 未 能 在 斐济队 面前 延续 之前 的 出色 表现 ， 被 斐济队 以 43 比 7 在 里约 蒂奥多 罗 体育场 击败 。
斐济队 凭借 在 控球 、 抢断 、 回避 、 配合 、 跑动 和 力量 方面 无懈可击 的 表现 夺得 金牌 ， 这 也 是 该 国 有史以来 的 首 块 奥运会 奖牌 。
银牌 对于 被 击败 的 英国队 而言 也 算是 一 个 不 小 的 安慰 ， 这 块 银牌 是 英国 代表团 当天 获得 的 第三 块 银牌 。 这 一 成绩 足以 让 英国 橄榄 球队 感到 骄傲 ： 他们 在 首次 进入 奥运会 的 七人制 橄榄球赛 上 一 路 击败 了 新西兰 、 阿根廷 和 南非 。
当天 早些 时候 ， 英国队 以 7 比 5 险 胜 南非队 ， 这 可能 影响 了 他们 在 决赛 中 状态 。
但 无论 如何 ， 现在 的 斐济队 足以 击败 一 支 精神 饱满 的 15 人 球队 。
明天 ， 至少 有 一 个 英国人 将 戴上 一 块 金牌 ， 这 对于 英国队 而言 可能 是 一 种 安慰 ， 但 也 可能 不 是 。 这个 英国人 就是 来自 温 布尔顿 的 斐济队 主教练 本·瑞恩 ， 他 曾 担任 英国队 的 主教练 。
英国队 能 取得 今天 的 成绩 实属 不易 。
八 年 前 ， 在 瑞恩 的 执教 下 ， 他们 在 阿德莱得 国际 七人制 橄榄球赛 上 未尝 胜果 。
而 现在 ， 他们 离 冠军 仅 一 步 之 遥 。
虽然 他们 受到 了 巨大 的 打击 ， 但 也 取得 了 十分 惊人 的 进步 。
斐济 开场 就 占据 优势 ， 使 英国队 毫 无 招架 之 力 。
对于 汤姆·米切尔 和 他 的 队友 而言 ， 这 就 像 撞上 了 一 连串 正在 行驶 的 公共 汽车 。 当 欧西·科林尼索 冲入 角旗 区时 ， 这 支 世界 系列赛 冠军 球队 已经 以 5 比 0 的 比分 遥遥领先 了 。
比赛 仅仅 过 了 四 分钟 ， 杰瑞·图怀 又 在 右翼 触地 得分 。
12 比 0 ， 英国队 几乎 没有 碰到 过 球 。
米切尔 的 强力 阻截 让 巨人 一般 的 里昂 • 那 卡拉瓦 没有 第三 次 得分 ， 但 这 仅仅 是 延缓 了 斐济 得分 的 速度 。
在 7 分钟 时 ， 亚萨·卫莱马鲁 在 右角 触地 。 17 比 0 ， 英国队 雪上加霜 。
那 卡拉瓦 又 得 一 分 ， 而 比赛 … … 的 上半场 还 剩 1 分钟 。
然后 ， 瓦特莫·拉沃沃 冲破 英国队 的 防守 ， 直达 得 分线 。
中场 休息 时 ， 比分 已经 是 29 比 0 。
斐济人 就 好像 生来 就是 打 7 人 制 橄榄球 的 ， 而 英国队 仍 是 初出茅庐 。
情况 就是 这样 。
英国队 在 下半场 作出 了 巨大 的 改变 并且 在 整整 四 分钟 里 冲击 着 斐济人 的 防线 ， 就 上半场 而言 ， 这 一 表现 已经 很 好 了 。 但 之后 斐济队 打出 精彩 的 配合 ， 由 乔舒亚·图埃索瓦 再次 得分 。
丹·诺顿 为 英国队 创造 了 得分 的 机会 ， 他 在 左角 触地 ， 将 比分 更 改为 36 比 7 ， 但 比赛 早 已 在 南海 岛国 的 掌控 中 ， 他们 的 球迷 在 站台 上 高声 歌唱 、 挥舞 旗帜 、 载歌载舞 。
斐济队 的 精彩 表现 令 人 不得不 拍手称快 。
马塔·威廉 在 最后 时刻 阻止 了 斐济队 的 一 次 无所谓 的 进攻 。
终场 哨声 响起 ， 斐济人 拥抱 在一起 ， 而 完败 的 英国队 只 能 遗憾 退场 。
当天 早些 时候 ， 斐济队 在 半决赛 中 以 20 比 5 击败 了 日本队 ， 而 英国 对在 一 场 激烈 的 半决赛 对决 中 险胜 南非队 。
上 半场 凯尔·布朗 帮助 南非队 取得 领先 ， 但 丹·诺顿 在 下半场 凭借 出色 的 脚法 破门 得分 。
之后 ， 英格兰队 安东尼 的 兄弟 马库斯 · 沃森 用 精彩 的 拦截 确保 了 球队 的 胜利 ， 最终 英国队 夺得 银牌 。
美国 支持 的 部队 宣布 他们 已 从 伊斯兰 国手 中 夺回 曼比季
部队 发言人 于 周五 表示 ， 城内 残留 的 伊斯兰 国士 兵 已 全部 离开 ， 美国 支持 的 部队 已 完全 控制 土耳其 边境 附近 的 北部 城市 曼比季 。
在 躲进 城内 的 激进 分子 离开 后 ， 叙利亚 民主 力量  ( SDF )  现在 正在 对 全城 进行 扫荡 。
叙利亚 民主 力量 同盟 曼 比 季 军事 委员会 的 莎兰·达尔维什 告诉 路透社 ， 他们 已 解救 了 2,000多 名 被 激进 分子 劫持 的 平民 。
他 告诉 路透社 ： “ 曼比季 现在 全 在 我们 的 控制 之下 ， 但 我们 仍 在 进行 扫荡 。 ”
克林顿 夫妇 2015年 收入 为 1075万 美元 ， 缴纳 了 34.2% 的 联邦 税
希拉里·克林顿 于 周五 公布 了 其 2105 年 的 纳税 申报单 ， 申报单 显示 这 位 民主党 总统 候选人 和 她 的 丈夫 2015年 的 收入 为 1075万 美元 ， 并且 缴纳 了 34.2% 的 联邦 税 。
2015年 ， 克林顿 夫妇 的 慈善 捐款 金额 为 100万 美元 ， 其中 大部分 捐助 给了 克林顿 基金会 ； 前 总统 比尔·克林顿 的 演讲 费 达到 近 530万 美元 ， 而 前 国务卿 凭借 一 本 关于 她 在 国务院 任职 期间 的 书 从 出版商 西蒙 与 舒斯特 那里 获得 了 300万 美元 的 收入 。
克林顿 的 竞选 伙伴 —— 弗吉尼亚州 联邦 国 参议员 蒂姆·凯恩 和 他 的 妻子 安妮·霍尔顿 公布 了 10 年 的 纳税 申报单 。
两 人 2015年 缴纳 了 20.3% 的 联邦 税 。
克林顿 的 竞选 助手 詹妮弗·帕尔米耶 里 在 一 份 声明 中 表示 ： 希拉里·克林顿 和 蒂姆·凯恩 将 继续 成为 财务 透明 的 标杆 。 ”
与 之 形成 鲜明 对比 的 是 ， 唐纳德·特朗普 以 虚假 的 理由 进行 掩盖 并且 收回 了 他 之前 所 作出 的 公布 纳税 申报单 的 承诺 。
虽然 法律 没有 要求 ， 但 按照 惯例 ， 美国 总统 候选人 应 公开 他们 的 纳税 申报单 。
作为 一 名 纽约 商人 ， 特朗普 以及 他 的 律师 将 美国 国税局 的 审计 作为 拒绝 公布 纳税 申报单 的 理由 。
克林顿 竞选 助手 伊恩·萨姆斯 在 推特 上 表示 由 你们 做主 ， 并且 附上 了 民主党 候选人 的 纳税 申报单 链接 。
周四 ， 特朗普 的 特别 法律 顾问 迈克尔·科恩 向 CNN 表示 ， 在 审计 完成 前 他 不 会 允许 特朗普 公布 纳税 申报单 。
批评 特朗普 的 人 ， 包括 2012年 共和党 总统 候选人 米特·罗姆尼 和 其他 共和党人 表示 特朗普 拒绝 公布 纳税 申报单 会 引发 对其 资本 净值 、 慈善 捐款 、 商业 交易 和 各 种 其他 关系 的 质疑 ， 包括 与 俄罗斯 的 关系 。
克林顿 抓住 这 一 问题 猛烈 抨击 ， 于 周五 发布 了 一 段 网络 视频 ， 突出 高调 的 民主党人 敦促 特朗普 公布 其 纳税 情况 。
周四 ， 她 在 密歇根州 的 经济 政策 演讲 中 提出 了 这个 问题 。
她 对 众人 说 ： “ 几十 年 来 ， 他 拒绝 像 其他 总统 候选人 那样 公布 自己 的 纳税 申报单 。 ”
根据 《 政客 新闻网 》 的 报道 ， 特朗普 在 上世纪 九十年代 有 两 年 几乎 没有 缴纳 过 一 分 钱 的 税 ， 《 纽约 时报 》 商业 专栏 作家 于 周五 引用 了 多 位 税务 律师 和 会计 的话 ， 他们 均 表示 目前 的 情况 可能 依然 如此 。
联邦 税 已 成为 总统 竞选 中 的 一 大 问题 。
克林顿 用 身价 亿万 的 投资家 沃伦 · 巴菲特 的 名字 命名 了 一 条 规定 ， 保证 年 收入 超过 100万 美元 的 人 至少 缴纳 30% 的 税 。
奥巴马 总统 也 支持 这 项 提议 。
上 周 ， 克林顿 在 伯克 希尔·哈撒韦 公司 所在 的 内布拉斯加州 奥马哈 举行 了 一 次 集会 ， 巴菲特 在 会上 要求 特朗普 见面 并 交换 纳税 申报单 。
巴菲特 表示 ， 他 也 正在 接受 IRS 的 审计 ， 特朗普 “ 害怕 的 ” 不 是 税务 机关 ， 而是 选民 。
克林顿 竞选 小组 所 公布 的 最 早 的 纳税 申报单 为 2007年 。
目前 居住 在 纽约 查 巴克 的 克林顿 夫妇 在 2007年 至 2014年 期间 所 缴纳 的 平均 联邦 税率 达到 约 32% ， 综合 税率 约 40.5% 。
克林顿 夫妇 2015年 的 纳税 申报单 显示 ， 与 大部分 美国人 不同 ， 他们 的 工资 收入 只有 100 美元 。
他们 的 主要 投资 是 低 成本 的 指数 共同 基金 ， 并且 克林顿 夫妇 的 分红 和 利息 收入 为 109,000 美元 。
凯文·卓鲍 报道 ； 乔纳森 · 奥迪 斯 编辑
保加利亚 8 个 月 来 首 次 出现 通货膨胀
国家 统计 结果 表明 ， 7月 保加利亚 的 月 通货膨胀率 为 1% 。
这 是 几 年 来 （ 自 2012年 6月 起 ） 最高 的 通货膨胀率 。 去年 10月 （ 通货膨胀率 0.2% ） 之后 ， 通货膨胀率 首次 突破 零点 。
相比 之前 的 12 个 月 （ 2014年 8月 至 2015年 7月 ） ， 过去 12 个 月 （ 2015年 8月 至 2016年 7月 ） 的 年平均 通货膨胀率 （ 以 消费者 价格 指数 衡量 ） 为 -0.8% 。
相比 2016年 6月 ， 2016年 7月 的 消费者 价格 指数 为 101.0% ， 即 月 通货膨胀率 为 1.0% 。
今年 至今 的 通货膨胀率 （ 2016年 7月 相对于 2015年 12月 ） 为 -0.2% 。 相比 2015年 7月 ， 2016年 7月 的 年 通货膨胀率 为 -0.2% 。
相比 上 月 ， 下列 几 类 消费品 的 价格 在 2016年 7月 出现 上涨 ： 食品 和 非 酒精 饮料  ( 1.7% ) 、 交通  ( 1.8% ) 、 娱乐 与 文化  ( 6.3% ) 、 餐厅 与 酒店  ( 1.2% ) 、 其他 商品 与 服务  ( 0.3% ) 。
价格 出现 下降 的 有 服装 与 鞋类  ( 2.2% ) 、 家具 、 家电 和 常规 维护  ( 0.5% ) 、 医疗  ( 0.1% ) 。
与 上 月 价格 持平 的 有 酒精 饮料 和 烟草 、 住房 、 水 、 电 、 天然气 和 其他 燃料 、 通信 、 教育 。
驳回 杰里米 · 亨特 提议 后 ， 初级 医生 计划 发起 进一步 罢工
部长们 起初 希望 通过 接受 英国 医学 协会  ( BMA )  官员 修改 后 的 合同 来 结束 这 场 由 变化 引发 的 纠纷 ， 但是 37,000 名 参与 投票 的 初级 医生 中 ， 有 58% 反对 该 合同 。
7月 ， 亨特 先生 透露 计划 强制 实行 合同 ， 他 说 英国 国家 医疗 服务 体系  ( NHS )  目前 处于 “ 真空 地带 ” ， 稍有 延误 便 会 损害 员工 和 患者 的 利益 。
新 合同 首先 提到 修改 初级 医生 通宵 与 周末 工作 惯例 ， 以 改善 非 正常 工作 时间 的 护理 情况 。
昨天 晚上 ， BMA 初级 医生 委员会 主席 Ellen McCourt 博士 在 一 份 声明 中 说道 ： “ 初级 医生 对 拟议 的 合同 仍 有 着 严重 担忧 ， 尤其 担心 它 会 加剧 当前 的 劳动力 危机 ， 也 未 能 公平 地 对待 所有 医生 。 ”
距离 首 批 医生 签署 新 合同 仅 剩 八 周 时间 了 ， 我们 需要 取得 进展 ， 时间 不 多 了 。
BMA 努力 通过 谈判 解决 纠纷 ， 但是 大家 却 不 愿意 参与 ， 有时 政府 则 以 沉默 应对 。
尽管 如此 ， 就 在 上个 月 我们 还是 得到 了 杰里米 · 亨特 的 承诺 ， 他 说 自己 的 大门 始终 敞开 。
“ 杰里米 · 亨特 现在 需要 采取 行动 了 ， 取消 强制 执行 ， 解决 初级 医生 ” 担心 的 问题 。
如果 他 不 这样 做 ， 初级 医生 明确 表示 他们 已经 准备 好 采取 进一步 的 劳工 行动 了 。
上次 罢工 发生 在 4月 底 ， 导致 近 13,000 台 常规 手术 和 100,000 例 预约 延期 ， 因为 护士 和 会诊 医生 为 纠察线 上 的 医生 打 掩护 。
部长们 起初 希望 通过 接受 BMA 修改 后 的 合同 来 结束 这 场 由 变化 引发 的 纠纷 。
BMA 希望 为 合同 所 涉及 的 54,000 名 初级 医生 争取 更 好 的 周末 工资 。
NHS Employers 首席 执行官 Daniel Mortimer 呼吁 初级 医生 不要 再 上演 任何 罢工 了 。
Mortimer 先生 说 ： “ 劳工 行动 收效 甚微 ， 相反 却 会 对 已然 倾注 全力 的 队伍 和 服务 造成 压力 ， 导致 患者 、 护理 人员 及 其 家人 的 担心 、 忧虑 及 混乱 。 ”
过去 两 个 月 里 ， 我们 不断 与 初级 医生 委员会 进行 谈判 ， 并 和 卫生部 及 其他 部门 一起 积极 回应 他们 对 监护人 角色 和 举报 揭发 的 担忧 。
雇主们 希望 继续 积极 探讨 其他 重要 话题 —— 如 部署 、 培训 的 灵活性 、 针对 那些 在 职业 生涯 中断 后重 上岗 之 人 的 其他 培训 、 培训 成本 、 对 课程 提纲 的 共同 认知 、 进修 假 和 医疗 领域 的 性别 工资 差异 ， 这些 说明 了 雇主 、 英格兰 健康 教育 组织  ( Health Education England )  和 卫生部 对 11月 、 2月 及 5月 与 BMA 达成 的 协议 很 重视 。
警方 使用 催泪 瓦斯 和 橡胶 子弹 驱逐 抗议 的 巴西 学生
周四 ， 在 巴西 圣保罗 ， 学生 在 抗议 政府 公共 教育 体系 改革 的 过程 中 与 警方 发生 了 冲突 。
警方 使用 催泪 瓦斯 和 橡胶 子弹 驱逐 抗议者 。
此次 事件 的 起因 是 执法 部门 官员 试图 驱散 学生 ， 因此 警方 使用 了 橡胶 子弹 和 催泪 瓦斯 。
几百 名 学生 参加 了 此 次 游行 ， 表达 了 他们 对 这些 方案 的 不满 。
为了 节省 资金 ， 圣保罗州 州长 奥克明 计划 关闭 100 所 公立 学校 ， 30万 名 学生 将 转校 。
一些 参加 抗议 的 学生 通过 墙上 的 涂鸦 表达 了 对 临时 总统 米歇尔·特梅尔 的 不满 。
就 在 最近 的 一 次 抗议 发生 前几天 ， 抗议者 集体 走上 街头 ， 支持 被 国家 参议院 弹劾 的 总统 迪尔玛·罗塞夫 。
NASA 气候 模型 ： 金星 上 曾 适合 人类 居住
根据 NASA 新 气候 模型 的 预测 ， 金星 上 曾 适合 人类 居住 。
NASA 戈达德 太空 研究所 的 科学家 开发 了 一 个 可 探索 金星 过去 情况 的 模型 ， 该 模型 所 使用 的 工具 和 算法 与 气候 科学家 所 使用 的 十分 类似 。
该 模型 用于 确定 表面 高温 、 无水 并且 大气层 充满 二氧化碳 的 金星 是否 曾经 有 类似于 地球 的 环境 。
此前 ， 科学家 认为 金星 自转 速度 较慢 是 因为 其 大气层 较厚 。
但 最新 的 模拟 表明 金星 可能 曾经 有 一 个 较 薄 、 类似于 地球 的 大气层 而且 当时 的 自转 速度 同样 较慢 。
该 模型 还 能 显示 金星 早期 的 地形 。
金星 的 干燥 地区 可能 比 地球 多 ， 但 曾经 有 足够 的 水 和 地理 变化 来 孕育 生命 并且 防止 快速 蒸发 。
早期 ， 照射 在 金星 上 的 阳光 亮度 比 地球 暗 了 30% 。
戈达德 太空 研究所 科学家 安东尼·德尔·杰尼奥 在 新闻 发布会 上 解释 说 ： “ 在 戈达德 太空 研究所 的 模型 模拟 中 ， 金星 缓慢 的 自转 使 其 一 侧 的 白天 时间 长达 近 两 个 月 。 ”
这 使 表面 变暖 并且 产生 了 能够 形成 厚 云层 的 雨水 ， 厚 云层 就 像是 一 把 伞 一样 为 地面 阻挡 了 大部分 太阳 的 热量 。
模拟 的 结果 是 金星 的 平均 气候 温度 实际上 比 现在 的 地球 还 低了 几度 。
该 模型 所 模拟 的 金星 演化 与 之前 行星 科学家 推测 的 相近 。
尽管 金星 上 可能 曾经 存在 生命 ， 但 在 几十亿 年 的 过程 中 ， 金星 暴露 在 过高 的 温度 与 紫外 线下 。
星球 上 的 海洋 蒸发 ， 水蒸汽 也 被 紫外线 烧尽 。
随着 氢的 逃逸 ， 所 留下 的 只有 较厚 的 二氧化碳 大气层 和 致命 的 温室 气体 效应 ， 从而 形成 了 我们 今天 所 知道 的 金星 。
研究 人员 在 《 地球 物理 研究 通讯 》 期刊 中 发表 了 新 的 金星 气候 模型 的 模拟 结果 。
