记者 8月 12日 获悉 ， 北京 2022年 冬奥会 和 冬 残奥会 组织 委员会 发布 公告 表明 ， 北京 冬奥组委 继承 北京 冬奥 申委 会徽 、 标志 等 知识 产权 。
未 经 北京 冬奥组委 许可 ， 任何 人 不得将 北京 冬奥 申委 会徽 、 标志 用于 商业 目的 。
新 建成 的 乌鲁木齐 站位 于 乌鲁木齐市 高铁 片区 ， 整个 建筑 面积 约 有 10万 平方米 。
地上 1 、 2 层 为 进站 、 候车厅 及 办公 、 商业 用房 ， 地下 1 层 是 出站 层 。
目前 ， 乌鲁木齐 站 是 新疆 最 大 的 综合 交通 枢纽 ， 集 高铁 、 轨道 交通 、 公交 、 出租 等 为 一体 ， 可 实现 各 种 换乘 方式 无缝 对接 。
站台 层 南 北 两 侧 和 出站 层 北侧 共 有 3 个 售票厅 ， 配置 了 39 个 人工 售票 窗口 和 34 台 自动 售 取票机 。
检票 方面 ， 在 候车 大厅 东西 两 侧 共 有 30 个 通道 ， 旅客 可 根据 车票 上 的 检票口 编号 ， 进行 快速 查验 、 候车 。
如果 需要 帮助 ， 可 就近 按动 站 内 设置 的 41 个 呼唤 按钮 进行 选择 ， 就 可以 获得 及时 服务 。
从 7月 1号 起 ， 老 客站 ， 也就是 乌鲁木齐 南站 的 旅客 列车 就 分步 开行 到了 乌鲁木齐 站 。
也就是说 ， 所有 动车 和 30 对 出疆 列车 都 可以 在 乌鲁木齐 站 停车 。
现在 两 个 站 均 可以 买票 乘车 ， 他们 之间 的 列车 通行 时间 在 10 分钟 左右 ， 旅客 需要 注意 票面 始发 和 终点站 的 具体 站名 。
乌鲁木齐 新 客站 的 正式 投入 运营 将 成为 新疆 打造 全国性 综合 交通 城市 的 重要 平台 ， 推进 “ 丝绸之路 经济带 ” 和 新区 建设 。
塔吉克斯坦 “ 阿维斯塔 ” 通讯社 11日 援引 塔 央行 的 消息 称 ， 今年 前 7 个 月 塔国 的 通货膨胀率 为 3.7% 。
报道 指出 ， 今年 前 7 个 月 塔国 的 通货膨胀率 为 3.7% ， 其中 7月份 的 通胀率 为 0.6% ， 而 近 一 年 的 通胀率 为 6% 。
报道 称 ， 塔 政府 的 目标 是 计划 将 2016年 的 年 通胀率 控制 在 7.5% 的 水平 ， 而 2015年 塔国 的 通胀率 为 5.1% 。
另外 ， 报道 还 指出 ， 在 塔国 2016年 的 经济 发展 和 通胀 的 问题 上 ， 塔 政府 与 一些 主要 的 国际 金融 机构 的 预测 存在 着 一定 的 出入 。
根据 塔 贸易 和 经济 发展部 的 预测 ， 2016年 塔 国 的 经济 增长 将 达到 7% ， 而 国家 的 通胀 也 基本 是 在 这 一 水平 之上 。
而 亚洲 开发 银行 、 世界 银行 和 国际 货币 基金 组织 则 是 对于 塔国 2016年 经济 发展 和 通胀 水 则 纷纷 给出 了 不同 的 预测 。
对于 这 两 项 指标 ， 亚洲 开发 银行 的 预测 为 4.2% 和 7% ， 世界 银行 的 预测 为 4.8% 和 7.5% ， 国际 货币 基金 组织 的 预测 为 3.4% 和 8.2% 。
据悉 ， 尽管 受到 了 国际 经济 不景气 、 俄罗斯 卢布 贬值 以及 侨汇 减少 等 一系列 不利 外部 因素 的 影响 ， 但是 2015年 塔国 的 经济 还是 实现 了 6% 的 增长 。
各地 要 将 违规 发布 医疗 广告 、 投诉 举报 集中 、 既往 被 多 次 处罚 的 医疗 机构 作为 抽查 重点 。
国家 卫生 计生委 、 国家 中医药 管理局 将 适时 组织 对 部分 省份 专项 监督 检查 工作 开展 情况 进行 督查 。
据 媒体 披露 ， 由于 此前 资本 大 规模 涌入 互联网 医药 ， 造成 目前 产品 同 质化 的 问题 严重 ， 投资 热潮 渐 退 ， 资本 进入 观望 期 。
另 据 香港 艾力彼 医院 管理 研究 中心 数据 显示 ， 创业 一 年 内 的 互联网 医疗 公司 大量 死亡 ， 约 20% 的 初创 互联网 医疗 企业 已 不复 存在 。
然而 ， 就 在 大部分 互联网 医疗 企业 挣扎 在 A轮 或 B 轮 的 融资 路上 的 时候 ， 有 几 家 细分 领域 领先 企业 仍 能 获得 资本 热 捧 。
看来 ， 互联网 医疗 创业 断 不 可 “ 一窝蜂 ” ， 而是 要 看准 市场 需求 ， 沉得 下 心 做专 ， 做深 。
鱼跃 出资 1200.00万 元 ， 占 注册 资本 的 40% ， 九 州 通 器械 公司 出资 1800.00万 元 ， 占 注册 资本 的 60% 。
近年 来 ， 随着 国家 在 医疗 信息化 方面 的 政策 支持 ， 电子化 、 集成化 的 供应链 管理 系统 逐步 进入 各 级 医院 。
此 次 鱼跃 与 九州 通 的 合作 正是 瞄准 了 市场 的 需求 ， 帮助 医院 搭建 先进 供应链 管理 系统 ， 并 以 此 为 契机 谋求 更 多 合作 。
与 很多 互联网 医疗 公司 贪大 求全 不同 ， iBaby 从 最初 就 专注 于 互联网 产科 垂直 领域 ， 深耕 孕妈 和 医生 两 端 。
孕妈 不仅 可以 免费 24 小时 和 一对一 的 主管 医生 问诊 ， 还 可以 付费 定向 寻医 问诊 。
而 在 医生 端 ， iBaby 通过 采取 组织 专家 给 基层 医生 开展 在线 讲座 、 同行 交流 、 病例 讨论 等 微 讲座 的 形式 ， 打破 地域 限制 。
目前 医生 端 开设 三 个 板块 ， 分别 为 医生 继续 教育 、 医生 社交 和 医生 求助 。
提供 包括 在线 学习 、 病例 讨论 、 学术 交流 ； 同 医院 、 同 科室 医生 之间 社交 平台 ； 医患 关系 或 个人 生活 所需要 的 法律 援助 、 创业 支持 等 服务 内容 。
据 媒体 报道 ， CEO 王磊 近日 表示 阿里 健康 “ 愿意 沉下 心 来 ” 拿下 健康 大 数据 。
互联网 公司 、 数据 公司 缺少 专业性 ， 在 同 一 词条 上 的 书写 方法 上 都 达 不 到 统一 。
阿里 目前 在 医疗 健康 领域 的 布局 分为 三 块 ， 分别 是 阿里 健康 、 天 猫 医药 馆 和 支付 宝 未来 医院 。
王磊 坦言 ， 医疗 健康 创业 会 比 其他 行业 要 难 ， “ 这 不仅仅 是 有 多少 钱 的 事情 ， 还要 沉得 下 心 ， 耐得住 寂寞 慢慢 去做 。 ”
经查 ， 2016年 7月 27日 ， 原 赣州市 定南 县委 书记 陈阳霞 到 省纪委 报到 上班 ， 担任 党风 政风 监督室 主任 （ 副 厅长级 ， 试用期 一 年 ） 。
当晚 饮用 的 红酒 由 黎 友才 个人 提供 ， 其他 费用 由 刘 某某 个人 承担 。
江西省 纪委 通报称 ， 陈阳霞 、 程子亮 等 人 在 私人 会 所 组织 和 接受 吃请 ， 违反 了 中央 八 项 规定 精神 ， 触犯 了 党 的 纪律 。
陵水 警方 现已 介入 调查 ， 陵水 交通 部门 也 将 加大 力度 整治 非法 营运 车辆 。
“ 8月 4日 的 冲突 警方 还 没有 调查 结果 ， 8月 11日 零时许 ， 另外 两 名 司机 的 出租车 在 住处 又 被 打 砸了 。 ”
“ 现在 的 三轮车 多 在 夜间 非法 营运 ， 希望 主管 部门 也 能 加大 力度 进行 整治 。 ”
南海 网 记者 从 陵水 黎族 自治县 公安局 了解 到 ， 警方 目前 已经 受理 这 两 起 案件 的 报案 ， 两 起 案件 的 起因 、 何人 所为 、 是否 有 关联 等 都 在 进一步 调查 中 。
陵水 交通 运输 局 交通 管理站 站长 王文义 说 ， 陵水 交通 部门 在 今年 初 开始 整治 非法 营运 载客 三轮车 ， 共 取缔 613 辆 非法 营运 载客 三轮车 。
下 一 步 ， 交通 部门 将 向 县政府 申请 ， 联合 多 部门 加大 力度 对 全县 的 三轮车 、 摩托车 、 黑车 等 非法 营运 车辆 进行 整治 。
作为 2014年 的 首 轮 12 号 新秀 ， 萨里奇 将 在 下 赛季 正式 登陆 NBA ， 并 加盟 费城 76 人 队 。
萨里奇 身为 一 个 年轻 的 欧洲 球员 ， 很多 球迷 对 他 并不 是 很 了解 ， 但是 通过 本届 奥运会 ， 相信 萨里奇 的 表现 给 人们 留下 了 很 深 的 印象 。
上 一 场 克罗地亚 险胜 西班牙 的 比赛 ， 萨里奇 在 最后 时刻 成功 封盖 掉 保罗 - 加 索尔 试图 将 比赛 拖入 加时 的 篮下 进攻 。
近日 ， 76 人 队 主帅 布雷特 - 布朗 给予 萨里奇 很 高 的 评价 ， 这 位 马刺 系 主帅 认为 他 在 萨里奇 看到 了 年轻 时 的 马努-吉诺 比利 的 影子 。
很 显然 ， 萨里奇 已经 展现 出 了 他 的 天赋 ， 并且 让 76 人 对 他 充满 期待 。
克罗地亚 在 本 届 奥运会 上 的 前 两 场 比赛 ， 萨里奇 一共 得到 24 分 、 17 个 篮板 和 12 次 助攻 。
上半场 ， 萨里奇 展现 出 了 他 在场 上 拉开 空间 的 能力 ， 通过 与 队友 的 挡拆 之后 ， 他 在 三 分 线外 能 命中 投篮 。
虽然 目前 这 支 76 人 的 内线 囤积 了 不少 有 天赋 的 年轻 球员 ， 但是 他们 并不 具备 萨里奇 的 外线 能力 。
从 盖帽 到 发动 长传 快攻 并 完成 助攻 ， 当今 NBA 赛场 上 能 做到 这 点 的 内线 球员 屈指可数 。
自从 本 届 奥运会 开始 以来 ， 萨里奇 在 3 场 比赛 里 场 均 得到 13 分 、 8 个 篮板 和 5 次 助攻 ， 表现 堪称 全面 。
里瓦斯 市长 维尔 弗雷多·洛佩斯 在 教师 培训 现场 表示 尼加拉瓜 政府 各 机构 正在 通力 协作 ， 与 HKND 集团 一起 推进 环境 管理 计划 并 开展 植树 活动 。
作为 运河 项目 开发商 的 HKND 集团 始终 遵循 国际 最佳 惯例 ， 按 国际 标准 修建 运河 ， 最大 限度 地 保护 尼加拉瓜 的 生态 环境 。 ”
大学生 通过 理论 和 实践 结合 ， 带领 中 小 学生 一 起 种树 ， 教育 尼加拉瓜 下 一 代 如何 绿化 环境 。
尼加拉瓜 国立 农业 大学 自然 资源 和 环境 系 的 教授 弗朗西斯科·雷耶斯 全程 带队 参与 了 植树 造林 教育 项目 。
我们 有 理由 相信 同样 由 HKND 集团 主导 的 跨洋 大 运河 项目 将 会 为 广大 尼加拉瓜 人民 带来 更 多 的 裨益 ， 为 当地 创造 更 多 的 就业 机会 。 ”
为了 保证 植树 造林 的 长期 效果 ， HKND 集团 还 出品 了 植树 造林 培训 画册 ， 分发 给 里瓦斯 省 所有 1.5万 中 小 学生 ， 旨 在 为 师生 及 家长 提供 长期 的 技术 指导 。
可惜 ， OPEC 最新 月报 显示 出 7月 原油 产量 继续 增加 ， 沙特 产量 更 创下 新高 。
这 份 报告 不 禁令 市场 对 OPEC 的 信誉 产生 怀疑 ， 油价 复苏 的 道路 恐怕 仍然 布满 荆棘 。
本周一 ， OPEC 轮值 主席 兼 卡塔尔 能源 大臣 萨达 表示 ， OPEC 将 在 9月 26 - 28日 的 国际 能源 论坛 期间 举行 非正式 会议 。
OPEC 周三 公布 的 月报 显示 ， 包括 加蓬 在内 的 整个 OPEC 组织 7月 产量 上升 4.6万 桶 / 日 ， 至 3311万 桶 / 日 。
OPEC 还 在 月报 中 表示 ， 原油 价格 低廉 已 促使 全球 炼油商 生产 更 多 精炼 油品 ， 从而 加重 了 市场 供应 过剩 的 程度 。
受 此 消息 影响 ， 再加上 美国 上调 原油 产量 预期 和 原油 库存 意外 增加 ， 国际 油价 连续 两 日 收跌 。
截至 周三 收盘 ， 纽约 商品 交易所 9月 交货 的 轻质 原油 期货 价格 下跌 2.48% ， 10月 交货 的 伦敦 布伦特 原油 期货 价格 下跌 2.07% 。
路透社 认为 ， 提议 召开 的 产油国 会议 不太可能 令 供应 明显 收紧 ， 美国 能源 信息 署 公布 的 数据 也 打压 市场 人气 。
伊朗 官方 通讯社 Fars 周三 援引 伊朗 石油 部长 赞加内 的 发言 称 ， 伊朗 的 日 原油 产量 最 高 为 385万 桶 ， 这 是 2008年 以来 的 最高 水平 。
召开 会议 的 消息 刚出 ， 俄罗斯 能源 部长 诺瓦克 就 表示 ， 当前 油价 下 没有 进行 新 一 轮 冻产 谈判 的 必要 。
上次 产油国 召开 会议 已经 是 4 月份 的 事情 ， OPEC 成员国 未 能 就 任何 措施 达成 协议 。
BMIResearch 石油 与 天然气 分析师 理查兹 （ Emma Richards ） 表示 ， 市场 和 媒体 可能 对 OPEC 将 召开 的 会议 反应 过度 。
加拿大 皇家 银行 大宗 商品 策略 主管 克 罗夫特 （ Helima Croft ） 表示 ， OPEC 通过 释放 他们 将 促成 协议 的 信号 来 改变 市场 的 情绪 。
这个 手段 就 像是 引开 人 视线 的 烟雾 与 镜子 （ 故意 给 人 错误 印象 ） 。
德国 商业 银行 大宗 商品 研究 主管 温 伯格 （ Eugen Weinberg ） 称 ， 人们 认为 OPEC 试图 通过 9月 会议 稳定 市场 的 可能性 很 低 。
这 很 可能 进一步 破坏 市场 对 OPEC 的 信心 ， 毕竟 这个 组织 上演 过 一 次 “ 狼 来 了 ” 。
本报讯 10日 ， 南通市 政府 在 上海 国际 会议 中心 举办 沪 通 产业 合作 恳谈 活动 ， 180 多 家 上海 企业 受邀 参加 ， 20 个 亿 元 以上 沪通 产业 对接 项目 现场 签约 。
集中 签约 的 20 个 项目 总 投资 80.63亿 元 ， 涉及 新 能源 、 新 材料 、 现代 服务业 等 多 个 行业 。
在 太仓市 东 林村 的 集体 大 棚里 ， 48 岁 的 王雪芬 正 带着 工人 给 梨树 喷洒 农药 。
全 村 150 亩 果园 ， 10多 个 树种 ， 只 需要 12 位 工人 加 1 位 技术 工程师 。
去年 5万 块 钱 一共 ， 像 我 这个 年龄 ， 如果 在 工厂 打工 肯定 拿 不 到 这个 钱 。
去年 ， 东 林村 村级 收入 达到 2200万 元 ， 其中 农业 总 收入 占比 近 一半 。
村 书记 苏齐芳 ： 人均 土地 种植 面积 每 年 在 提升 ， 刚 开始 50 亩 ， 现在 已经 超过 100 亩 ； 亩均 效益 每 年 在 增加 ， 职业 农民 的 收入 也 每 年 都 有 增长 的 余地 。
股份 量化 到 每 一 个 村民 ， 苏南 农村 集体 经济 改革 的 最大 亮点 就 在于 明晰 农村 集体 经营性 资产 产权 并 探索 政经 分开 。
2015年 7月 ， 无锡市 锡 山区 安 镇 街道 14 个 农村 经济 合作 组织 与 所在 村 村委会 “ 分账 管理 ” ， 村委会 履行 农村 公共 事务 管理 ， 合作 组织 则 主要 从事 经营 。
两 个 机构 两 本 账 ， 互 不 “ 搭界 ” ， 防止 村干部 参与 集体 资产 经营 发生 腐败 现象 。
江苏省 农委 副主任 祝 保平 介绍 说 ， 江苏 下 一 步 将 继续 推动 社区 股份 合作制 改革 ， 鼓励 农民 联合 发展 ， 建立 村级 的 民主 权力 运行 机制 。
祝保平 ： 进一步 把 改革 往前 推进 ， 搞 社区 股份 合作 ， 把 资产 量化 到 社员 ， 固定 到 农户 ， 形成 明确 的 产权 。
通过 互联网 + ， 落实 他 的 知情权 ， 决策 的 参与权 及 民主 管理 的 监督权 ， 三 个 权利 落实 给 农户 ， 确实 让 它 变成 规范 的 股份 合作 的 运行 机制 。
目前 ， 苏南 农村 新 集体 经济 主要 形成 了 资产 租赁 型 、 企业 股份 型 、 农业 开发型 、 联合 发展型 4 种 发展 模式 。
原 标题 ： 江苏 一 养殖场 2000 只 鸡 被 法院 查扣 场主 擅自 变卖 获刑
判决 生效 后 ， 因李 某 没有 自动 履行 判决 确定 的 义务 ， 王 某 向 沭阳 法院 申请 强制 执行 。
2014年 10月 16日 ， 沭阳 法院 作出 民事 裁定 ， 裁定 对 李 某 所有 养殖场 内 蛋鸡 2000 只 予以 扣押 ， 未经 允许 不得 转移 、 变卖 。
李 某 在 收到 扣押 裁定 后 ， 在 未经 沭阳 法院 许可 的 情况 下 ， 私自 将 该 养殖场 内 被 扣押 的 部分 蛋鸡 卖掉 。
至 2015年 3月 8日 沭阳县 公安局 勘查 时 ， 养殖场 内 只 剩 蛋鸡 142 只 。
邓亚萍 在 14 年 的 运动 生涯 中 ， 共 拿到 18 个 世界 冠军 ， 成为 中国 奥运 历史 上 第一 个 夺得 四 枚 奥运 金牌 的 人 。
她 在 乒坛 排名 连续 8 年 保持 世界 第一 ， 是 乒乓球 史上 排名 “ 世界 第一 ” 时间 最 长 的 女运 动员 。
2010年 9月 26日 ， 任 人民 日报社 副秘书长 兼 人民 搜索 网络 股份 公司 总经理 ， 正厅级 干部 。
日前 ， 她 将 和 俞敏洪 联手 共同 打造 国内 第一 家 体育 产业 创新 创业 平台 。
中国 体坛 上 也 有 这样 一 群 明星 教练 ： 他们 在 运动员 时代 风光 无限 ， 为 国家 赢得 无数 荣耀 ； 退役 后 将 多年 所 学 传授 于 后来者 ， 培养 出 中 夺 冠军 。
作为 中国 男子 体操 首位 世界 冠军 ， 黄玉斌 退役 后 选择 拿起 教鞭 。
从 女队 教练 到 男队 教练 ， 再 到 总教练 ， 黄玉斌 打造 了 一 支 “ 奥运 金 团 ” ， 更 率队 在 北京 奥运会 取得 了 9 金 1 银 4 铜 的 神话 战绩 。
此后 ， 田亮 一直 广告 代言 不断 ， 更是 在 近年 扮演 了 “ 牛郎 ” 、 “ 雷锋 ” 等 重要 角色 。
尽管 还 没有 被 证实 ， 但 诸多 消息 源 都 表示 ， 苹果 2016年 秋季 发布会 将 在 9月 举行 ， iPhone7 真 要 来 了 。
虽然 苹果 公司 并未 回应 ， 但 有关 新 iPhone 的 功能 、 配置 已经 陆续 有 消息 放出 ， 甚至 网上 连 iPhone7 “ 真 机 模型 ” 图片 都 有 了 。
新 一 代 iPhone 可 谓 “ 万众瞩目 ” ， 火热 、 紧俏 、 有钱 无货 … … 如果 你 想 第一 时间 购买 到 正品 ， 一定 要 选择 一 个 好 渠道 ， 比如说 ， 苏宁 。
这 加剧 了 人们 对于 新 手机 的 失望 ， “ 它 加长 了 ， 却 根本 不 能 投射 全息 图像 ! 这 一 代 iPhone 糟 透 了 。 ”
iPhone7 像 其他 iPhone 一样 ， 出生 之前 就 伴随 着 无数 秘闻 。
另外 ， 还有 多 个 消息 源 声称 ， 新 一 代 iPhone 将 取消 3.5mm 耳机 接口 ， 转而 使用 蓝 牙 连接 和 充电 接口 ， 这 将 为 苹果 增加 第二 个 扬声器 提供 空间 。
能 佐证 这 一 消息 的 另 一 证据 是 ， 早 在 2014年 苹果 就 允许 耳机 厂商 生产 通过 充电 接口 连接 的 耳机 产品 。
这些 消息 或真或假 ， 答案 直 到 苹果 2016 秋季 发布会 才 能 揭晓 。
但 这 并不 妨碍 业内 人士 看好 iPhone7 的 前景 —— 许多 人 认为 ， iPhone7 将 很 有 可能 成为 苹果 对 iPhone 系列 的 最后 一 次 大幅 升级 。
虽然 从 不久 前 市场 研究 机构 IDC 公布 的 数据 来看 ， iPhone 的 市场 份额 有所 下滑 。
其中 ， 高盛 将 苹果 的 股票 维持 “ 买入 ” 评级 ， 而 BMO 的 分析师 则 认为 iPhone7 将 收获 一 份 历史性 的 销售 成绩 。
同时 博通 公司 的 CEO Hock Tan 也 表示 ， 苹果 未来 的 营收 增加 将 有 可能 超过 20% ， 而 这 完全 得益于 iPhone7 的 推出 。
有 7% 的 受访者 表示 他们 有 购买 iPhone7 的 打算 ， 而 两 年 前 计划 购买 iPhone6 的 人数 比例 只 有 4% 。
据 了解 ， 目前 持有 iPhone6 或 6 Plus 的 用户 群体 有 20% 计划 购买 iPhone7 ， 这 是 一 个 相当 高 的 比例 。
其次 ， 有 专家 分析 ， 大部分 果粉 都 喜欢 隔代 更换 自己 的 iPhone 手机 。
据 统计 ， 在 所有 的 iPhone 用户 中 ， 有 大约 26% 的 用户 已经 2 年 没有 更换 手机 了 ， 也就是 差不多 有 1.2亿 的 用户 的 iPhone 已经 用了 2 年 。
有 媒体 称 ， iPhone7 生产 期间 ， 台湾 遭遇 数次 地震 ， “ 台积电 生产 设施 的 受 破坏 程度 超出 想象 ， 并 有可能 对 初期 的 iPhone7 供应 产生 影响 。 ”
供需 矛盾 会 影响 普通 用户 ， 是 时候 选择 一 个 好 渠道 ， 第一 时间 低价 入手 正品 iPhone7 。
据 知情 人士 透露 ， 近期 ， 苏宁 高层 与 苹果 公司 频频 见面 ， 目的 就是 为了 准备 充足 的 货源 。
运营商 已经 与 苏宁 谈妥 ， 可以 预见 的 是 ， 随着 双方 的 深度 合作 ， 必然 会 为 用户 带来 更 低 的 价格 和 更 贴心 的 服务 。
“ 最低 的 价格 ， 消费者 可能 ‘ 一 天 只 需 7 元 钱 ， 就 能 购买 iPhone7 ’ 。 ”
充足 的 货源 与 多样 的 优惠 ， 让 购买 iPhone7 不 再 “ 压力 山 大 ” ， 而 苏宁 的 物流 ， 更 是 会 把 这 种 美好 变成 更 直观 的 体验感 。
也许 ， 你 半夜 就 会 接到 电话 ， “ 您 好 ， 苏宁 易 购 ， 您 的 iPhone7 到 了 。 ”
很多 NBA 球员 都 证明 了 自己 的 实力 。 但是 有 人 进步 就 有 人 衰落 。
无论是 因为 年龄 的 增大 还是 出场 时间 被 限制 ， 每 个 赛季 都 有 一些 球员 的 表现 会 出现 退步 。
当然 了 ， 有些 “ 退步 ” 可能 仅仅 是 数据 的 缩水 ， 这些 球员 的 实力 可能 并未 下降 。
即便 韦德 仍 是 联盟 里 最 好 的 得分 后卫 之一 ， 但是 他 在 公牛 的 表现 应该 不 会 有 热火 那么 好 了 。
他 和 隆多 组成 的 后场 射程 有限 ， 当家 球星 巴特勒 的 三 分 命中率 也 只有 32.8% ， 这 让 他们 下 赛季 的 进攻 会 打 得 很 拥挤 。
来到 了 风城 ， 闪电侠 势必 把 球 权 更多 地 让给 巴特勒 和 隆多 ， 自己 很 可能 在 常规赛 选择 养生 打法 。
奥卡福 的 情况 比较 尴尬 ， 作为 上 赛季 76 人 的 第一 选择 ， 他 在 新 赛季 不得不 和 西蒙斯 以及 恩比德 竞争 上场 时间 和 球权 。
这 一 竞争 可能 不 会 来 的 很 快 ， 西蒙斯 还 需要 适应 NBA 赛场 ， 恩比德 也 要 尽快 从 伤病 中 完全 恢复 ， 但是 奥卡福 能否 在 76 人 的 长 人阵 中 有 位置 还是 个 问题 。
上 个 赛季 ， 奥卡福 32% 的 得分 来自 低位 进攻 ， 这 一 比例 高于 考辛斯 、 武切 维奇 和 布鲁克·洛佩斯 ， 同时 他 的 使用率 也 高居 联盟 前 40 。
随着 西蒙斯 已经 展现 了 出色 的 控球 前锋 潜质 ， 恩比德 也 拥有 着 更 适合 NBA 比赛 的 身材 ， 奥卡福 的 地位 恐怕 很 难 再 那么 稳固 了 。
过去 两 个 赛季 ， 汤普森 的 使用率 已经 稳定 在 了 联盟 前 20 ， 而 这 也 是 他 生涯 最 出色 的 两 个 赛季 。
不过 问 题是 ， 随着 杜兰特 的 到来 ， 汤普森 的 使用率 一定 会 下降 ， 这 势必 将 影响 他 的 发挥 。
这 一 影响 将 不仅 是 出手 次数 的 影响 ， 汤神 的 持球 进攻 在 下 赛季 肯定 也 会 大大 减少 ， 这 在 某些 方面 也 会 降低 对手 对 他 的 防守 难度 。
杜兰特 的 到来 一定 会 让 勇士队 的 球员们 数据 缩水 ， 但 这 其中 缩水 最 严重 的 恐怕 就 是 汤普森 了 。
但 这 并不 意味 着 汤神 的 水平 退步 ， 这 更 像是 他 为 球队 整体 做出 了 牺牲 。
帕克 在 上个 赛季 表现 得比 数据 反映 的 要 好些 ， 不仅 是 因为 他 的 篮下 效率 来到 了 生涯 最高 ， 他 和 阿尔德里奇 的 化学 反应 也 让 马刺队 受益 。
邓肯 退役 ， 吉诺 比利 宣布 再 战 一 年 ， GDP 的 组合 最终 也 走到 了 尽头 ， 作为 三 个 人 里 最 年轻 的 一 个 ， 法国 跑车 的 油箱 里 也 没有 多少 油 了 。
在 得到 了 第三 枚 总 冠军 戒指 之后 ， 只有 贾巴尔 、 乔丹 和 拉 塞尔 比 詹姆斯 赢得 了 更 多 的 常规赛 MVP ， 而 乔丹 是 唯一 一 个 FMVP 比 詹姆斯 多 的 人 。
哦 ， 对了 ， 詹姆斯 刚刚 为 克利夫兰 带来 了 过去 52 年 里 第一 座 职业 体育 冠军 奖杯 。
来到 了 职业 生涯 第 14 个 赛季 的 詹姆斯 需要 更 好 的 保证 体力 ， 为 季后赛 做好 准备 。
因此 ， 在 常规赛 里 ， 詹姆斯 的 数据 很 可能 进一步 下滑 ， 他 会 把 更 多 的 重担 分给 欧文 来 承担 ， 不过 他 仍然 会 轻松地 成为 联盟 前 三 的 球员 。
群发 诈骗 短信 达到 一定 数量 ， 即使 未 诈骗 得手 ， 也 可以 诈骗罪 论处 。
河南省 南阳市 卧龙区 人民 法院 审理 查明 ， ２０１５年 ９月 ３０日 至 １０月 ４日 ， 被 告人 李会旺 先后 在 桐柏县 、 南阳 城区 利用 伪 基站 设备 发送 诈骗 信息 。
同 年 ， １０月 ５日 １０ 时许 ， 被告人 再次 来到 南阳市 卧龙区 某 宾馆 房间 内 利用 伪 基站 群发 诈骗 短信 时 ， 被 公安 民警 抓获 。
经 评估 ， 该 伪 基站 设备 在 ２０１５年 １０月 ４日 发送 短信 ６２２２８ 条 ， 造成 ６２２２８ 个 手机 用户 人均 通讯 中断 ８ 秒 以上 至 １０ 分钟 以下 。
法院 经 审理 认为 ， 被 告人 李会旺 利用 伪 基站 对 不 特定 多数 人 发送 诈骗 短信 共计 ６２２２８ 条 ， 其 行为 已 构成 诈骗罪 。
对于 辩护人 提出 的 被告人 被 抓时 系 未遂犯 、 未 造成 后果 ， 认罪 态度 较好 ， 建议 对 其 从轻 处罚 的 意见 予以 采纳 。
综合 被告人 犯罪 性质 、 认罪 态度 等 情节 ， 以 诈骗罪 判处 其 有期 徒刑 ４年 零６ 个 月 ， 并 处罚金 １万 元 。
从 表面 上 看 ， 网络 社交 平台 扩大 了 交际 圈 ， 降低 了 人们 的 孤独感 。
网络 社交 的 势力 范围 越发 广泛 ， 不仅 逐渐 取代 传统 的 电话 联络 ， 甚至 渗入 到 线下 真实 的 生活圈 ， 悄然 改变 当下 民众 的 社交生活 。
线上 社交 的 好处 是 显而易见 的 ， 比如 方便 快捷 ， 所以 特别 容易 受到 年轻 族群 的 青睐 。
一 项 针对 大 学生 社交 习惯 的 调查 显示 ， 57% 的 大学生 每 天 使用 手机 的 时间 超过 5 小时 ， 日常 生活 基本 “ 机 不 离手 ” 。
“ 社交 网络 具有 低 成本 、 传输 速度 快 、 多 人 同时 交流 等 特点 ， 符合 当代 大学生 的 需求 。 ”
扩大 人际 关系 圈 ， 更 平等 地 对话 ， 避免 社交 顾虑 ， 才 是 我们 越发 深 爱 线上 聊 的 主要 原因 。
刚进 公司 的 新人 热爱 跟 同事 线上 交流 ， “ 因为 才 进 单位 大家 不 太 熟 ， 通过 社交 平台 的 点赞 评论 ， 关系 才 比 以前 近 了 许多 ” 。
爱 交友 的 也 常 用 线上 交流 ， “ 之前 跟 朋友 因为 一些 误会 有 段 时间 没 联络 了 ， 后来 在 一 个 大群 里 先 对话 几 句 才 又 热络 起来 。 ”
IT 工程师 吴言 是 深度 网络 社交 爱好者 ， 他 大部分 的 社交 生活 都 发生 于 线上 ， 网络 联系人 更 数 倍于 线下 朋友 圈 人数 。
吴言 自己 也 坦言 在 网络 上 更 “ 如鱼得水 ” 。
“ 可以 在 自己 方便 愿意 的 时候 回复 朋友 ， 因为 有 很多 斟酌 字句 的 时间 ， 表述 也 能 更 清楚 。 ”
“ 隐藏 在 ID 之下 的 你来我往 避免 了 面对 面 的 人际 碰撞 ， 不仅 有 了 回旋 的 余地 ， 甚至 给 了 彼此 更 多 思忖 言行 的 时间 和 空间 。 ”
“ 不同 身份 的 人 有 了 同样 发言 的 权利 和 效率 ， 现实 生活 中 的 种种 社交 顾虑 ， 在 网络 空间 似乎 都 一下 消除 。 ”
然而 吴言 的 朋友 小鹏 却 觉得 ， 生活 中 的 吴言 是 个 “ 蛮 无趣 的 宅男 ” 。
小鹏 和 吴言 在 一 个 大群 里 相识 ， 因为 两 人 都 是 积极 发言者 ， 很 快 就 熟络 起来 了 。
小鹏 觉得 吴言 跟 网络 上 判若 两 人 ， 言语 枯燥 ， 也 不 主动 发表 意见 ， 翻来覆去 就是 几 句 “ 呵呵 ， 好的 ， 是 吗 ” ， 要不 就 是 “ 这个 我 要 上网 查 一下 ” 。
在 有些 夜晚 ， 电离层 充满 自由 电子 ， 这 意味 着 ， 无线电 信号 可以 走得 更远 。
据 美国 《 大众 科学 》 月刊 网站 8月 11日 报道 ， 美国 空军 对 复制 这 一 效应 感兴趣 。
虽然 拥有 稳定 的 大量 自由 电子 的 电离层 可以 帮助 人们 在 某个 大学 广播 电台 的 播送 范围 边缘 收听 这个 电台 ， 但 这 或许 不是 美国 空军 的 兴趣 所在 。
充满 电子 的 电离层 意味 着 ， 军方 使用 的 无线电 有着 更 大 的 播送 范围 ， 并且 它 或许 会为 全球 定位 系统 （ GPS ） 信号 提供 一些 保护 ， 使之 免受 太阳 风暴 的 影响 。
最终 目标 可能 是 根据 需求 打造 一 系列 立方体 卫星 ， 它们 可以 在 需要 的 时候 加强 电离层 。
但 首先 ， 这些 同 空军 签订 合同 的 团队 必须 证明 有关 科学 原理 会 奏效 。
央行 对 支付 宝等 27 家 非银行 机构 支付 业务 许可证 续展 5 年
为 整合 业务 资源 ， 发挥 规模 效应 ， 提高 监管 效率 ， 本次 续展 对 拟 合并 《 支付 业务 许可证 》 的 支付 机构 ， 相应 调整 其 业务 范围 。
被 合并 支付 机构 应于 公告 之日起 6 个 月 内 完成 支付 业务 承接 工作 。
中国 人民 银行 将 在 业务 承接 工作 完成 后 ， 办理 相关 《 支付 业务 许可证 》 的 注销 、 换发 事宜 。
因 部分 支付 机构 存在 业务 严重 违规 、 业务 停滞 萎缩 或 主动 申请 终止 业务 类型 等 情形 ， 本次 续展 调减 其 业务 范围 。
相关 机构 应于 公告 之日起 6 个 月 内 按 要求 有序 停止 开展 相关 支付 业务 。
中国 人民 银行 将 继续 依法 、 审慎 开展 《 支付 业务 许可证 》 续展 工作 。
在 京 居住 6 个 月 以上 的 且 符合 在京 有 合法 稳定 就业 、 合法 稳定 住所 、 连续 就读 条件 之一 的 非 京 籍 市民 , 可以 申请 领取 居住证 。
近日 , 北京 《 居住证 暂行 条例 》 实施 细则 出台 , 这 意味 着 “ 暂住证 ” 将 升级 为 “ 居住证 ” 。
相关 部门 负责人 称 , 从 “ 暂住证 ” 到 “ 居住证 ” 的 转变 , 意味 着 北京 对 非京籍 常住 人口 将 从 “ 管理 ” 转为 多方位 服务 。
12日 看点 ： 田径 开赛 中国队 很 忙 女足 冲 四 自行车 盼 突破
自行车 有望 实现 奥运 金牌 “ 零 突破 ” ， 而 女足 姑娘 将 挑战 两 次 世界 冠军 得主 德国队 ， 期待 爆冷 冲进 四 强 。
王 镇 近两 个 赛季 状态 突出 ， 去年 北京 田径 世锦赛 收获 银牌 ， 今年 5月 团体 竞走 世锦赛 上 又 升级 个人 项目 冠军 。
统计局 表示 ， 新西兰 人口 增幅 此前 仅 在 １９７４年 和 上世纪 ５０年代 到 ６０年代 早期 的 “ 婴儿潮 ” 人口 出生 高峰 时期 超过 ２％ 。
截至 今年 ６月 ， 新西兰 １２ 个 月 内 移民 净 流入 数量 为 ６.９１万 人 ， 成为 新西兰 近年 来 人口 增长 的 主要 驱动力 。
另外 ， 在 相同 时间段 ， 新西兰 人口 自然 增长 数量 为 ２.８２万 人 。
数据 显示 ， 最近 １０ 年 里 ， 新西兰 年均 移民 净 流入 数量 为 ２.１８万 人 ， 年均 人口 自然 增长 数量 为 ３.２３万 人 。
从 人口 结构 上 看 ， 大量 移民 涌入 意味 着 １５ 岁 至 ３９ 岁 的 “ 劳动 年龄 人口 ” 比例 逐步 扩大 。
截至 ２０１６年 ６月 的 １２ 个 月 时间 里 ， 新西兰 劳动 年龄 人口 增长 ３.６％ ， 达到 １５８万 人 。
同时 ， ６５ 岁 以上 的 老龄 人口 增幅 同样 为 ３.６％ ， 达到 ７０万 人 。
现年 63 岁 的 流浪者 韩某 与 另 一 流浪汉 肖 某 酒后 发生 争执 ， 遂 持刀 将 其 扎死 。
韩 某 称 案发 前 他 和 流浪汉 肖 某 都 住在 东城区 一 胡同 内 的 地上 ， 两 人 相距 20 多米 。
韩 某 称 ， 案发 当天 ， 他 俩 被 朋友 叫 去 一起 喝酒 ， 两 人 在 吃饭 时 和 饭后 曾 两 次 发生 争执 。
韩 某 称 ， 他 怕 肖 某 打 他 ， 就 从 垃圾堆 捡来 一 把 水果刀 ， 将 其 扎死 。
庭上 ， 被害人 家属 要求 韩某 赔偿 丧葬费 、 死亡 赔偿金 等 共计 53万余 元 。
2016年 扬子 晚报 利群 阳光 助学 行动 自 5月 26日 启动 ， 经过 两 个 月 的 报名 ， 申请 助学金 的 贫困 学子 总 人数 达 800多 人 。
助学 过程 中 ， 已 收到 社会 捐款 超过 120万 元 ( 已 分 五 批 公示 ) ， 至少 可以 帮助 240 位 寒门 学子 圆梦 大学 。
目前 ， 捐款 仍在 继续 ， 本 报 吁请 社会 继续 伸出 援手 ， 让 更 多 家庭 困难 的 孩子 能够 得到 资助 ， 得到 社会 的 关怀 。
为 确保 助学 行动 公正 、 公开 、 透明 ， 本 报 今日 起 分批 公示 学子 基本 信息 ， 今天 公示 第1 — 100 名 ， 接受 读者 监督 。
利群 阳光 助学 行动 ， 是 中国 著名 慈善 品牌 ， 扬子 晚报 利群 阳光 助学 行动 2003年 起 在 江苏 开展 ， 资助 贫困 学子 累计 超过 4000 名 。
该 活动 资助 范围 是 高考 本科 录取 新生 , 不含 免 学费 专业 ； 品学 兼优 ， 家庭 贫困 。
2015年 4月 27日 ， 美国 和 日本 在 纽约 联合 发表 新版 《 美日 防卫 合作 指针 》 ， 允许 日本 武装 力量 在 全球 扮演 更 具 进攻性 的 角色 。
这 是 当日 美国 国防 部长 卡特 、 美国 国务卿 克里 、 日本 外务 大臣 岸 田 文 雄 和 日本 防卫 大臣 中 谷元 在 纽约 出席 新闻 发布会 。
这 是 中国 民间 智库 第五 次 发表 日本 军力 评估 报告 ， 也是 第四 次 推出 英文版 。
报告 分 9 章 ， 包括 总体 政策 调整 、 军事 实力 、 国防 预算 、 军事 部署 、 武器 装备 、 体制 编制 改革 、 军事 训演 、 对外 军事 安全 合作 、 对 华 军事 安全 关系 等 内容 。
报告 称 ， 2015年 是 安倍 政府 在 安全 领域 连续 数 年 推进 重大 政策 调整 的 阶段性 收官 之 年 。
此后 ， 日本 在 安全 领域 的 举措 将 主要 是 在 法制 运用 、 战略 贯彻 、 政策 落实 等 操作 层面 ， 而 不 是 框架 、 机制 和 政策 的 大幅 调整 和 变动 。
报告 强调 ， 安倍 内阁 试图 通过 以上 三点 突破 ， 达到 推动 日本 “ 正常 国家化 ” 、 自卫队 走 出去 介入 国际 安全 事务 、 强化 日美 同盟 、 防华制 华 的 多重 目的 。
此前 ， 中国 战略 文化 促进会 先 后于 2012年 6月 5日 、 2013年 7月 19日 、 2014年 7月 23日 、 2015年 6月 30日 发布 过 日本 军力 评估 报告 。
对于 番薯 在 何时 由 何人 引进 这 一 问题 ， 学界 的 说法 仍 纷繁 不一 。
在 目前 较为 主流 的 观点 中 ， 番薯 的 引进 主要 有 三 条 线路 。
番薯 引入 的 三 条 线路 中 影响 最大 、 传播 最 广 的 ， 就是 陈振龙 由 菲律宾 引入 福州 。
东北虎 ， 目前 被 世界 自然 保护 联盟 ( IUCN ) 濒危 物种 红色 名录 列为 濒危 ( EN ) 物种 。
据 吉林省 林业厅 介绍 ， 1998年 中美俄 等 国 联合 监测 的 数据 显示 ， 吉林省 仅有 野生 东北虎 4 到 6 只 、 东北 豹 3 到 5 只 。
据 吉林省 林业厅 保护 处处 长于 长春 介绍 ， 近年 来 吉林省 不断 加大 对 野生 动物 的 保护 ， 东北虎 、 东北 豹 在 中国 的 种群 数量 正 显著 增长 ， 分布 区域 不断 扩展 。
2015年 最新 监测 数据 显示 ， 仅 吉林省 境内 就 监测 到 野生 东北虎 27 只 、 东北 豹 42 只 。
作为 分布 在 中俄 交界 区域 的 世界 野生 动物 保护 旗舰 物种 ， 中 俄 两 国 间 的 合作 对于 野生 东北虎 、 豹 的 种群 恢复 和 繁衍 意义 重大 。
据 吉林省 林业厅 介绍 ， 此前 吉林省 已 与 俄罗斯 建立 了 长期 稳定 的 合作 交流 机制 。
在 11日 结束 的 2016 中国 珲春 虎 豹 保护 国际 论坛 上 ， 中 俄 两 国 林业 部门 和 动物 保护 组织 再次 达成 多 项 共识 。
吉林省 林业厅 表示 ， 加强 中 俄 两 国 虎 、 豹 保护 合作 ， 不仅 是 中国 东北虎 、 豹 保护 面临 的 十分 紧迫 的 任务 ， 也 是 维系 俄罗斯 虎 、 豹 种群 健康 的 当务之急 。
主办方 希望 通过 文物展 ， 让 当地 人民 更 多 地 了解 历史 悠久 的 中国 文化 ， 从而 增进 两 国 人民 之间 的 相互 理解 和 友谊 。
巴塞罗那 的 “ 明代 文物展 ” 是 欧洲 巡展 的 一 部分 ， 将 持续 到 10月 初 。
补齐 公共 体育 设施 短板
黑乎乎 的 煤场 仓库 ， 变成 “ 绿草如茵 ” 的 足球场 ； 红砖 尖顶 的 厂房 ， 变成 现代化 的 运动馆 。
在 全民 健身 日 ， 杭州 望江 门外 的 南落 马营 体育 文化 公园 ， 揭开 了 神秘 的 面纱 。
这里 曾 是 煤场 ， 十多 年 前 关闭 后 一直 闲置 ， 留下 了 大量 的 违法 建筑 和 生活 垃圾 。
这里 经过 整治 后 ， 成了 体育 文化 公园 ， 并 将 于 11月 正式 对外 开放 ， 向 市民 免费 提供 运动 场所 ， 也 无 疑为 全民 体育 开辟 了 全新 的 沃土 。
这 不禁 让 人 想起 杭州 陈 经纶 体校 ， 这 座 中国 泳坛 的 “ 黄埔 军校 ” 游 出 了 多名 世界 冠军 。
泳坛 名将 源源不断 地 产生 ， 生动 地 诠释 了 竞技 体育 与 全民 体育 之间 的 关系 —— 丰厚 的 群众 基础 为 选拔 专业 选手 提供 了 良好 的 条件 。
竞技 体育 的 水平 与 全民 体育 的 基础 密切 相关 ， 竞技 体育 在 一定 意义 上 取决于 全民 体育 ， 而 全民 体育 又 取决于 场地 条件 。
据 报道 ， 截至 2015年 ， 我国 的 人均 体育 场地 面积 虽然 已 是 新 中国 成立 时 的 150 倍 ， 但 仍 远远 落后于 体育 强国 。
今年 6月 ， 国务院 印发 了 《 全民 健身 计划 （ 2016-2020年 ） 》 ， 将 发展 群众 体育 作为 重点 内容 。
为了 补齐 这 块 短板 ， 一方面 ， 相关 部门 在 进行 城市 规划 时 要 充分 考虑 到 体育 场馆 的 布局 。
另一方面 ， 已 建成 的 公共 体育 场馆 ， 包括 学校 等 单位 里 的 体育 场馆 ， 应 尽量 扩大 开放 范围 ， 尽可能 地 提高 使用 效率 。
目前 正 如火如荼 进行 着 的 里约 奥运会 ， 激发 着 人们 的 运动 热情 ， 也 唤醒 了 大家 的 参与 意识 。
自 iPhoneSE 惊艳 亮相 之后 ， 手机 市场 也 迎来 了 小屏机 的 热潮 。
前不久 ， 努比亚 也 推出 了 其 Z11 系列 的 首 款 作品 ： nubiaZ 11 mini 。
nubiaZ 11 mini 延续 了 其 一贯 的 卓越 拍照 基因 ， 并 配备 了 单手 更易 握持 的 5.0 英寸 屏幕 、 便捷 易用 的 后置 指纹 识别 ， 成就 了 其 出众 的 使用 体验 。
nubia 旗下 刚刚 上市 的 小屏 拍照 手机 Z11 mini 降价 200 元 ， 即 从 原来 的 1499 元 降至 1299 元 。
在 外观 方面 ， nubiaZ 11 mini 采用 了 一 块 5 英寸 的 1080P 屏幕 ， 正面 下方 依旧 是 经典 的 “ 小 红 圈 ” 设计 。
中 框 为 金属 材质 ， 底部 采用 对称 式 设计 并 配置 了 Type-C 数据 接口 。
匹 克 将 始终 以 提升 消费者 的 运动 需求 为 导向 ， 构建 体育 产业 生态圈 ， 加速 由 单一 体育 用品 制造 企业 向 专业 体育 服务 企业 战略 升级 。
孙福坚 身为 党员 领导 干部 ， 理想 信念 丧失 ， 严重 违反 党的纪律 ， 且 党 的 十八 大 后仍 不 收敛 、 不 收 手 、 顶风 违纪 ， 性质 恶劣 、 情节 严重 。
Uber 进入 台湾 市场 4 年 ， 对 当地 传统 出租车 行业 产生 了 不小 的 冲击 。
台湾 《 联合报 》 8月 12日 消息 称 ， 12日 上午 逾 百 辆 出租车 绕行 台湾 “ 行政院 ” 以示 抗议 ， 导致 周边 出现 严重 交通 瘫痪 现象 。
台北市 司机 工会 理事长 郑力嘉 却 表示 ， Uber 来 台 4 年 ， 台 当局 这 月 底 才 召开 会议 ， 司机们 已 无法 再等 。
然而 政府 言而无信 ， 一拖再拖 。
属于 底层 劳工 的 守法 出租车 司机 ， 却 要 与 违法 却 不 受 限制 的 Uber 竞争 ， 感到 被 当局 欺骗 。
据 新华社 消息 澳大利亚 新南 威尔士 州政府 11日 宣布 ， 将 斥资 2亿 澳元 （ 约 合 1.54亿 美元 ） 对 著名 的 悉尼 歌剧院 进行 建成 以来 最大 规模 的 修缮 。
新南 威尔士州 政府 表示 ， 此 次 修缮 不 会 改变 歌剧院 贝壳状 的 外形 。
悉尼 歌剧院 是 悉尼 的 地标性 建筑 之一 ， 由 丹麦 建筑师 约恩·乌特松 设计 ， 1973年 建成 ， 每 年 接待 约 800万 参观者 。
悉尼 交响 乐团 总经理 罗里·杰夫 斯 认为 ， 悉尼 歌剧院 将 借 这 次 改造 打个 “ 翻身仗 ” ， 成为 “ 世界上 音响 效果 最 好 的 音乐厅 之一 ” 。
“ 排名 下降 的 原因 是 外资 对于 中期 内 巴西 GDP 发展 的 预期 恶化 。 ”
2015年 ， 巴西 在 全球 直接 投资 中的 参与 度为 3.7% ， 低于 2014年 的 5.7% 。
瑞信 银行 国际 投资 吸引力 指数 包括 4 个 分项 指数 ： 基础 设施 、 经济 前景 、 商业 环境 和 直接 投资量 。
2015年 ， 巴西 的 国际 直接 投资 为 646亿 美元 ， 低于 2014年 的 731亿 美元 。
去年 ， 在 巴西 的 “ 绿地 投资 ” ( 到 国外 投资 设厂 的 投资 模式 ) 为 179亿 美元 ， 同比 减少 了 2.1% 。
“ 在 巴西 共 有 288 个 ‘ 绿地 投资 ’ 项目 ， 而 2003年 至 2014年 的 年平均 量 为 314 个 ” 。
不过 ， 2016年 上半年 ， 在 巴西 的 国际 直接 投资 已 达到 338亿 美元 ， 和 去年 同 期 相比 几乎 增加 了 10% 。
根据 省 人大 常委会 今年 工作 要点 安排 ， 常委会 计划 听取 审议 专项 工作 报告 ， 并 开展 实施 银行业 监督 管理法 、 服务 地方 经济 发展 情况 专题 询问 。
8月 中旬 ， 常委会 将 组织 两 个 调研组 赴 部分 市 开展 调研 ， 为 专题 询问 作 准备 。
花建慧 指出 ， 省 人大 常委会 听取 和 审议 垂直 管理 部门 专项 工作 报告 并 开展 专题 询问 ， 在 我省 尚属 首次 ， 是 加强 和 拓展 人大 监督 工作 的 积极 探索 。
据 外媒 报道 ， 因 跳水池 池水 从 蓝 变 绿 ， 里约 奥运 “ 绿池 ” 事件 近日 备受 外界 关注 。
然而 ， 10日 早晨 ， 与 跳水池 相邻 的 水球 比赛 池 的 水 也 变成 了 绿色 。
澳大利亚 水球 选手 赛后 表示 他 的 眼睛 感到 刺痛 ， 想 流 眼泪 。
此前 ， 里约 奥运 官方 人员 确认 了 池水 变 绿 的 情况 ， 并 表示 池水 变色 是 由于 碱性 变弱 的 原因 ， 不 会 影响 运动员 身体 健康 。
但是 澳大利亚 运动员 在 与 日本 代表队 在 水球 池 进行 比赛 获得 胜利 之后 表示 ， 眼睛 感到 刺痛 。
最早 在 跳水池 池 水 变 绿 后 ， 比赛 主办方 在 9 日 晚 加班 处理 跳水池 的 问题 ， 但 在 10日 早晨 发现 水球 池 颜色 也 迅速 发生 变化 。
澳大利亚 队 与 日本队 比赛 期间 ， 水球 池 的 环境 条件 逐步 恶化 ， 但 官方 强调 他们 会在 11日 将 两 个 泳池 的 水质 恢复 到 原来 的 颜色 。
里约 奥运会 发言人 安德拉达 ( Mario Andrada ) 表示 ： “ 昨天 午后 ， 跳水池 中 的 水 碱性 程度 首先 变弱 。 ”
“ 我们 了解 了 一 系列 可能 会 引发 池水 变色 的 原因 以及 水质 的 含 碱度 。 ”
水上 运动 中心 对 水质 进行 了 一 系列 检测 ， 数百 名 潜水员 及 游泳者 使用 了 泳池 可以 确定 水质 条件 达到 标准 。 ”
“ 这些 天 我们 一直 走 正常 程序 ， 但 我们 可能 忽略 了 运动员 越多 可能 对 水质 的 带来 影响 。 ”
“ 但 水 颜色 发生 变化 肯定 对 身体 健康 ， 特别是 对 运动员 是 没有 影响 的 。 ”
“ 这个 独立 的 团队 确认 了 我们 的 评估 ， 也 肯定 了 我们 将 泳池 恢复 正常 颜色 及 正常 的 化学 状态 所 采取 的 措施 。 ”
“ 我们 本来 希望 早晨 泳池 就 能 恢复 正常 颜色 ， 但是 由于 下雨 所以 恢复 的 速度 受到 了 影响 。 ”
近日 ， 河北省 慈 孝 基金 将 16000 元 慰问金 送到 井陉县 小 作 、 台头 、 贵泉 等 村 6 户 失亲 家庭 手中 。
这 是 该 基金 向 社会 发出 寻找 “ 7.19 洪灾 中 失亲 少年 儿童 和 孤独 老 人 ” 启示 后 的 又 一 次 慰问 关爱 行动 。
7.19 强 降雨 致使 河北省 多 地 受灾 ， 造成 省内 部分 地区 出现 洪涝 灾害 ， 并 出现 人员 死亡 和 失踪 。
好人 “ 老铁 ” 因 帮助 小区 义务 排水 不幸 牺牲 ， 留下 2 岁 的 幼儿 和 身怀 六 甲 的 妻子 ， 好人 “ 老铁 ” 的 感人 事迹 感动 了 整个 省城 。
8月 4日 ， 河北省 慈 孝 基金 工作 人员 和 河北 品牌 会 志愿者 一起 来到 好人 “ 老铁 ” 家中 ， 把 3200 元 爱心 款 交到 “ 老铁 ” 的 家人 手里 。
当 品牌 会 副会长 叶莉 了解 到 “ 老铁 ” 家人 的 现状 后 ， 当即 决定 在 品牌 会的 企业 会员 里 开展 “ 爱心 义卖 ” 活动 ， 帮助 “ 老铁 ” 家人 共度 难关 。
河北省 慈 孝 基金 ， 全 称为 河北省 志愿 服务 基金会 · 慈孝 基金 ， 由 河北 品牌 会 筹委会 发起 ， 成立 于 2015年 8月 。
华夏 银行 、 浦发 银行 昨日 发布 2016年 半年报 ， 二 季度 中 证金 再度 出手 增持 其 股份 。
其中 ， 中证金 增持 华夏 银行 2929.31万 股 ， 至 6月 末 ， 中 证 金 持有 华夏 银行 股份 数 增至 3.87亿 股 ， 占 其 股份 比例 也 由 3.35% 增至 3.62% 。
另 据 招商 证券 测算 ， 扣除 转增 ， 中 证 金 二 季度 亦 增持 浦发 银行 3800万 股 ， 持有 其 股份 数 增至 近 6亿 股 ， 占 浦发 银行 股份 比例 为 2.77% 。
8月 11日 ， 首 届 锦州 湿地 旅游 文化节 在 锦州 东方华 地 城 “ 鹤泉湖 ” 畔 启幕 。
从 2014年 起 ， 旅游 产业 创造 的 收入 ， 占 锦州市 GDP 10% ； 2015年 更是 达到 了 11.3% 。
东方华 地 城 湿地 温泉 旅游区 ， 地处 锦州市 凌海 大有 经济区 滨海 公路 凌海 段 1 号 ， 距离 锦州 市区 70 公里 ， 距离 凌海 市区 50 公里 ， 距离 盘锦市 70 公里 。
景区 有 室内 温泉 占地 3000 平方米 ， 室外 温泉 占地 4600 平方米 。
国家 发展 改革 委 产业 协调 司 负责人 今天 在 此间 指出 ， 钢铁 产能 过剩 是 全球性 问题 。
我国 近年 产能 利用率 均 高于 全球 平均 水平 ， 也 高于 美欧 等 国家 和 地区 。
我国 已经 采取 坚决 有效 的 措施 化解 过剩 产能 ， 而且 成效 正在 逐步 显现 。
该 负责人 指出 ， 对 钢铁 产能 过剩 这 一 全球性 问题 ， 党 中央 国务院 高度 重视 。
各 部门 、 各地区 积极 贯彻 落实 国务院 部署 ， 认真 开展 工作 ， 今年 要 压减 粗 钢 产能 4500万 吨 左右 。
从 我 国 国情 出发 ， 我国 并不 鼓励 钢材 出口 ， 相反 ， 还 采取 一 系列 切实 措施 控制 钢材 出口 。
这 位 负责人 强调 ， 钢铁 产品 国际 贸易 本质 上 讲 是 市场 行为 ， 是 源于 进口国 需求 、 消费者 综合 考虑 产品 性价比 等 因素 后 的 自主 选择 。
实施 贸易 保护 措施 无助于 从 根本 上 解决 全球 钢铁 产业 的 发展 问题 ， 相反 ， 只 会 对 国际 贸易 秩序 造成 进一步 冲击 。
在 谈到 债务 时 ， 该 负责人 强调 ， 化解 债务 问题 是 化解 过剩 产能 过程 中 需要 妥善 处理 好 的 重要 问题 。
由于 钢铁 企业 资产 规模 大 ， 涉及 面广 ， 一些 企业 的 债务 关系 复杂 ， 如果 处置 不当 ， 有可能 引发 区域性 风险 。
据 该 负责人 介绍 ， 近年 来 ， 随着 经济 下行 压力 加大 ， 社会 总 需求 逐步 减弱 ， 部分 行业 产能 利用率 下降 ， 企业 生产 经营 困难 加大 。
一些 企业 不 适应 市场 环境 变化 ， 生产 经营 难以 为继 甚至 濒临 倒闭 ， 但 受 一些 体制 机制 因素 制约 ， 以 市场化 方式 退出 的 障碍 较 多 ， 成为 “ 僵尸 企业 ” 。
这 类 企业 的 存在 ， 扭曲 了 市场 信号 ， 降低 了 要素 资源 利用 效率 ， 增加 了 社会 管理 成本 ， 妨碍 了 公平 竞争 市场 环境 的 建立 。
导致 亏损 的 主要 原因 与 全球 钢铁 行业 面临 的 困境 一样 —— 市场 需求 不振 、 产能 利用率 低 。
我国 主要 采取 市场 机制 、 经济 手段 和 法治 办法 ， 政府 主要 是 做好 职工 兜底 和 社会 稳定 工作 ， 保证 公平 公正 的 市场 秩序 。
这 位 负责人 强调 ， 下 一 步 ， 要 坚定不移 继续 抓好 去 产能 工作 ， 确保 完成 5 年 化解 粗 钢 产能 1亿~1.5亿 吨 的 目标 任务 。
10日 下午 ， 中国 旅游 警察 在 莫斯科 红场 一 亮相 ， 就 立刻 引起 了 人们 的 注意 ， 中国 游客 怀着 惊喜 纷纷 挥手 致意 ， 当地 人和 外国 游客 不禁 驻足 回望 。
当天 ， 中国 首 支 专业 旅游 警察 队伍 —— 海南省 三亚市 公安局 旅游 警察 支队 的 成员 来到 莫斯科 红场 ， 和 当地 执勤 的 旅游 警察 交流 学习 。
莫斯科 旅游 警察 在 红场 、 尼科 利斯基 步行街 、 古 姆 百货 商场 等 地 分成 三 个 小组 执勤 巡逻 ， 中国 旅游 警察 一起 跟岗 学习 ， 整个 过程 持续 了 一 个 多 小时 。
女警官 柳希涅 今年 20多 岁 ， 通晓 英语 和 西班牙语 ， 她 去年 刚 加入 旅游 警察 队伍 。
他 一路上 仔细 观察 俄罗斯 同行 的 一言一行 ， 并 不时 地 与 她 进行 交流 。
当 遇到 西班牙 游客 前来 咨询 时 ， 莫斯科 旅游 警察 用 流利 的 西班牙语 为 对方 进行 了 耐心 讲解 ， 这 给 王冰 留下 深刻 印象 。
“ 莫斯科 旅游 警察 每个 人 都 掌握 外语 ， 有的 还 会 两 门 以上 ， 这 对 我们 触动 非常 大 。 ”
“ 海南 作为 国际 旅游 岛 ， 正在 逐步 重视 吸引 国际 游客 ， 我们 希望 提高 自身 能力 来 匹配 国际 旅游 岛 的 地位 。 ”
当天 在 跟岗 学习 前 ， 中国 旅游 警察 还到 莫斯科市 旅游 警察 大队 驻地 与 他们 的 俄罗斯 同行 进行 交流 。
“ 我 常常 与 中国 旅游者 打交道 ， 看到 他们 来到 俄罗斯 旅游 非常 高兴 。 ”
“ 他们 通常 求助 的 问题 是 ： 路 怎么 走 ， 某个 纪念碑 在 哪里 ， 怎么 打 出租 ， 怎么 回到 旅馆 。 ”
莫斯科市 旅游 警察 大队 大队长 雷萨科夫 说 ， 近年 来 莫斯科 的 城市 环境 和 旅游 氛围 变得 越来越 好 ， 对 外国 游客 的 吸引力 日益 增加 。
为 适应 旅游 发展 需要 ， 2014年 7月 成立 旅游 警察 队伍 ， 负责 在 各 大 景点 巡逻 保卫 ， 帮助 和 疏导 游客 。
目前 ， 所有 莫斯科 旅游 警察 都 熟练 掌握 英语 ， 部分 还 掌握 西班牙语 和 德语 。
警察 大队 根据 外语 水平 将 他们 分成 9 个 小组 ， 每 周 上 2 次 课 ， 学习 自卫 招式 、 法律 法规 和 外语 。
“ 目前 有 两 名 旅游 警察 开始 学习 汉语 ， 已经 说 得 不错 了 ， 我们 还要 继续 提高 他们 的 汉语 水平 ， ” 雷萨科夫 说 。
雷萨科夫 告诉 记者 ， 莫斯科 旅游 警察 自 组建 以来 ， 已经 积累 了 一定 的 经验 ， 希望 能 对 三亚 同行 有所 启发 。
他 认为 ， 俄 中 两 国 警察 部门 合作 将 提升 本国 公民 到 对方 国家 旅游 的 安全感 。
“ 莫斯科 旅游 警察 的 人员 招录 、 警务 模式 、 装备 配备 ， 以及 与 游客 的 良好 互动 给 我们 带来 了 很多 启发 ， ” 陈晓昆 说 。
英国 《 金融 时报 》 8月 12日 发布 了 一 组 美国 驻华 大使 官邸 的 图集 。
文章 称 ， 与 之 形成 对比 的 是 ， 美国 大使 官邸 从 外观 来看 ， 完全 可以 在下 一 部 改编 自 约翰 勒卡 雷 冷战 间谍 小说 的 电影 中 作为 安全 屋 。
官邸 是 灰色 的 ， 并 用 外围 防护栏 、 第二 层 内墙 、 带刺 铁丝网 以及 车辆 路障 层层 严密 防守 。
今日 19点35分 ， 在 中超 第 22 轮 率先 开打 的 一 场 比赛 中 ， 重庆 力 帆 客场 挑战 北京 国安 。
第29 分钟 ， 王栋 操刀 点球 破门 ， 第39 分钟 ， 新援 卡尔德 克 在 费尔南多 助 攻下 收获 中 超 首 球 ， 第81 分钟 ， 国安 扳回 一 球 。
比赛 进行 10 分钟 后 ， 力帆 连续 冲击 中 连 获 角球 机会 ， 费尔南多 小 角度 抽射 被 国安 防线 挡出 底线 。
第15 分钟 ， 张稀哲 中场 直线 挑传 ， 伊尔 马兹 已 直 冲 禁区 ， 单兵 防守 的 刘宇 抢先 出 脚 将 球 破坏 。
1 分钟 后 朴成 在 左路 前 插传 中 ， 于大宝 禁区 中路 扫射 未 踢 正 部位 ， 力帆 门 将 邓小飞 将 球 没收 。
费尔南多 右路 一 对 二 回 带后 突然 挑传 门前 ， 卡尔德 克前插 接应 时 被 雷 腾龙 飞扑 动作 放倒 ， 裁判 判定 点球 ， 并 向 雷 腾龙 出示 黄牌 。
国 安在 第37 分钟 就 进行 换人 调整 ， 张晓彬 下场 ， 张池明 登场 反戈 旧 主 。
卡尔德 克 禁区 前 摆脱 分 球 ， 费尔南多 禁区 左侧 低平 球传 中 ， 卡尔德 克 顺势 推射 破门 。
这 也 是 卡尔德 克 在 中超 首 发 的 赛事 中 就 取得 入球 ， 力帆 2:0 领先 。
下半场 刚刚 开场 费尔南多 就 以 强行 突破 赢得 右侧 任意球 ， 可惜 小 角度 攻门 打高 。
在 邓小飞 被 判定 拖延 时间 领到 黄牌 后 ， 替补 出场 的 彭欣力 因 禁区 前 犯规 也 领到 黄牌 。
第56 分钟 ， 张池明 左路 内切 中 与 张稀哲 传递 配合 ， 其 弧线球 攻门 被 邓小飞挡 出 。
刘宇 禁区 前 凶狠 铲抢 侵犯 克里 梅茨 ， 他 与 情绪 激动 的 王栋 相继 领到 黄牌 。
第63 分钟 ， 费尔南多 右路 奔袭 时 被 克里 梅茨 直接 撞翻 ， 费尔南多 对 克里 梅茨 的 动作 非常 不满 ， 克里 梅茨 领到 黄牌 。
1 分钟 后 费尔南多 再度 在 右路 展示 奔袭 能力 ， 于大宝 追防 犯规 也 领到 黄牌 。
伊尔 马兹 禁区 线 内 强行 突破 ， 在 郑 又 荣 伸腿 拦截 动作 下 倒地 ， 裁判 判定 点球 ， 伊尔 马兹 操刀 破门 ， 力帆 2:1 国 安 。
第 86 分钟 ， 周 挺 右路 送出 传中 ， 谢尔盖耶夫 在 禁区 中路 胸部 停球 后 顺势 施射 ， 邓小飞 再次 以 精彩 扑救 将 球 封出 。
4 分钟 补时 过后 ， 力帆 将 2-1 的 比分 保持 到 终场 ， 于 客场 战胜国 安 。
拿下 这 宝贵 的 3 分 之后 ， 目前 力帆 的 积分 达到 27 分 ， 暂居 积分榜 第 10 位 。
要 严密 户籍 档案 管理 ， 对 无 户口 人员 户口 登记 材料 逐一 建立 电子 和 纸质 档案 ， 确保 档案 资料 完整 有效 。
公安 机关 应当 将 办理 无 户口 人员 户口 登记 的 情况 ， 及时 通报 相关 部门 。
对 与 本 实施 意见 精神 不 一致 的 政策 措施 将 进行 一 次 集中 清理 ， 该 修改 的 认真 修改 ， 该 废止 的 坚决 废止 。
博格 巴 上 赛季 在 意大利 杯中 吃到 两 张 黄牌 ， 根据 规则 将 自动 禁赛 一 场 。
虽然 他 已经 转会 回到 了 英超 ， 但是 英足 总 仍然 将其 累计 禁赛 顺延 至 英超 赛场 。
如此 一 来 ， 在 8月 14日 客场 迎战 伯恩茅斯 的 比赛 中 ， 博格 巴 将 作 壁上观 ， 他 重返 曼联 的 首 秀 将 延至 20日 与 南安普顿 的 主场 比赛 。
自从 2014年 夏天 决定 重返 骑士队 以来 ， 詹姆斯 连续 签了 两 份 1+1 的 合同 。
随着 NBA 现今 这 份 劳资 协议 即将 进入 最后 一 年 ， 作为 NBA 球员 工会 的 副主席 ， 詹姆斯 将 会 身处 劳资 协议 谈判 的 最前线 。
鉴于 联盟 收入 的 大幅 提升 ， 这 得 感谢 新 的 电视 转播 协议 ， 以及 老板 和 球员 之间 关于 如何 处理 这 笔 钱 的 争斗 ， 外界 担心 NBA 将 会 在 明年 夏天 陷入 停摆 。
但是 对于 詹姆斯 来说 ， 他 在 明年 夏天 不用 担心 自己 会 成为 自由 球员 ， 因为 他 已经 与 骑士队 续约 了 一 份 3 年 期 合同 。
无论 2017-18 赛季 从 什么 时候 正式 开始 ， 詹姆斯 都 是 在 合同 之内 的 。
在 小生 命 来到 这个 世上 之后 ， 爸爸 妈妈们 就 要 对 这个 生命 负责 ， 这个 负责 不仅仅 在于 孩子 的 身体 健康 上 ， 还 在于 精神 的 发展 上 ， 也就是 教育 。
如果 在 子女 的 教育 上 失败 ， 那么 即使 事业 再 成功 ， 也 无法 弥补 生活 的 缺憾 、 家庭 的 失败 。
当 一 个 新 生命 降临 的 时候 ， 新 爸 新 妈们 就 需要 花费 时间 精力 来 照看 和 教育 孩子 ， 对 他 负责 。
而 负责任 ， 除了 体现 在 身体 的 护养 ， 让 他们 健康 ， 还 在于 精神 的 教育 ， 也就是 让 孩子 学习 如何 做人 ， 如何 成人 ， 如何 成功 。
良好 的 家庭 教育 意味 着 父母 需要 经常 的 陪伴 孩子 ， 给 孩子 关爱 ， 耐心 的 照顾 ， 另外 还 需要 教 孩子 养成 文明 的 言行 举止 ， 让 孩子 更 好 的 学习 知识 ， 提升 智力 。
父母 的 一言一行 都 会 影响 到 孩子 的 成长 ， 他们 会 模仿 自己 的 父母 ， 也就是 人们 常说 的 龙 生 龙 ， 凤 生 凤 ， 老鼠 的 儿子 会 打洞 ， 父母 什么样 孩子 就 什么样 。
所以 父母 在 孩子 面前 需要 做个 好 榜样 ， 规范 自己 的 言行 ， 培养 自己 优秀 品格 ， 这些 都 可以 间接 的 帮助 孩子 塑造 良好 的 心性 ， 让 他 更加 优秀 。
“ 这 5000 元 资助 ， 解了 我 的 燃眉之急 。 ”
花垣 县长 乐乡米 迫 村 贫困 建档 立卡 户 女孩 周芬 收到 了 南华 大学 录取 通知书 。
正当 她 为 入学 费用 犯愁 时 ， 8月 9日 ， 团 县委 及时 给 她 落实 了 5000 元 资助款 。
连日来 ， 县 有关 部门 还 为 690余 名 贫困 大学生 落实 283.8万 元 就学 资助 。
同时 ， 对于 家庭 经济 状况 特别 困难 的 ， 还 通过 组织 社会 捐资 助学 等 形式 ， 帮助 其 完成 学业 。
花垣 今年 整合 助学 资金 1850多万 元 ， 财政 自筹 250多万 元 ， 由 财政 部门 按 规定 时限 打入 贫困 学生 实名 银行卡 中 。
她 感激 地 说 ： “ 我 原 以为 爸爸 去世 了 ， 我 和 哥哥 都 上 不 成 大学 了 ， 没 想到 县里 及时 为 我们 解决 了 困难 。 ”
截至 8月 8日 ， 花垣 已为 13140 名 贫困 学生 落实 今年 上半年 各 种 救助 资金 2100多万 元 。
所有 本县 籍 贫困 学生 实现 了 应 助 尽助 、 该 补 则 补 。
北京市 社会 团体 管理 办公室 即日起 将 对 社会 团体 会费 统一 收据 使用 情况 开展 专项 检查 。
检查 分为 单位 自查 和 重点 抽查 两 种 。
市 社团办 相关 负责人 介绍 ， 本次 检查 范围 包括 2013 至 2015年 度 在 市 社团办 领用 社会 团体 会费 统一 收据 的 社会 团体 。
核心 提示 ： 日本 油企 尤其 对 被 称为 “ 茶壶 ” 的 中国 小型 独立 炼油厂 崛起 表示 警惕 。
参考消息 网 8月 12日 报道 日媒 称 ， 日本 最 大 的 石油 企业 JX 能源 认为 ， “ 中国 的 出口 扩大 是 行情 低迷 的 原因 之一 。
日本 油企 尤其 对 被 称为 “ 茶壶 ” 的 中国 小型 独立 炼油厂 崛起 表示 警惕 。
中国 的 石油 产品 品质 因 中国 政府 强化 环保 规定 正在 逐渐 接近 日本 的 油品 。
在 获得 原油 进口 许可 之前 ， “ 茶壶 炼油厂 ” 一般 从 俄罗斯 等 地 进口 硫磺 含量 较 高 的 重油 进行 提炼 。
生产 出来 的 石油 产品 硫磺 含量 较 高 ， 油品 不佳 ， 成为 造成 环境 污染 的 原因 之一 。
在 获得 原油 进口 许可 后 ， “ 茶壶 炼油厂 ” 能够 进口 硫磺 含量 较 低 的 阿曼 产 原油 和 俄罗斯 产 原油 ， 其 石油 产品 的 品质 也 出现 提升 。
东 燃 通用 石油 公司 表示 ， “ 随着 中国 国内 的 石油 产品 品质 标准 不断 提高 ， 炼油 设备 的 能力 也 出现 提升 。
结果 ， 中国 对外 出口 的 石油 产品 品质 逐渐 达到 与 （ 世界 最 高 品质 的 ） 日本 相同 的 水平 ” 。
JX 能源 表示 ， “ 2015年 底 之后 ， 中国 开始 向 澳大利亚 出口 高 品质 的 轻油 ” ， 在 亚洲 市场 上 与 日本 产品 形成 竞争 。
尽管 “ 日本 高品油 ” 正在 面临 危机 ， 但 日本 油企 采取 的 应对 策略 仅 为 “ 关注 市场 行情 的 同时 向 有 利润 可 图 的 地区 出口 ” 。
由于 中国 出口 的 石油 产品 对 亚洲 市场 行情 的 影响 巨大 ， 对 茶壶 炼油厂 的 关注 度 也 越来越 高 。
8月 11日 ， 武警 山东 总队 烟台 支队 组织 特战 狙击手 冒着 34 摄氏度 的 高温 来到 昆嵛山 开展 丛林 训练 。
莱曼 届时 将 作为 德 甲 亚洲 媒体 合作 伙伴 的 专家 ， 参加 当地 各 种 球迷 活动 。
据 介绍 ， 今年 秋季 ， 德 甲联赛 形象 大使 莱曼 和 马特乌斯 将 代表 德 甲 在 亚洲 和 美洲 陆续 展开 传奇 之 旅 ， 为 2016 / 17 赛季 德 甲 的 开幕 打响 前哨 。
本 次 活动 将 横跨 两 个 大洲 、 覆盖 四 座 顶级 城市 ， 他们 将 在 各地 和 球迷们 一起 为 新 赛季 预热 造势 。
德 甲 联赛 被 誉为 欧洲 五 大 联赛 ( 英超 、 西甲 、 意甲 、 德甲 、 法甲 ) 之一 ， 是 足球 王国 德国 体育界 当仁不让 的 旗舰 赛事 。
作为 全球 最 具 实力 的 联赛 之一 ， 德甲 仅 2014-2015 赛季 就 吸引 了 约 1330万 名 观众 来到 球场 观战 。
德甲 豪门 的 代表 拜仁 慕尼黑 、 多特蒙德 和 著名 球星 托马斯 · 穆勒 、 拉姆 、 格策 等 在 中国 可谓 家喻户晓 。
配合 此前 德 甲 已 上线 的 微博 、 优酷 和 微信 中文 平台 ， 德 甲 方面 寄望 为 中国 球迷 提供 更 广泛 和 及时 便捷 的 渠道 ， 获取 该 联赛 的 最新 消息 。
“ 环境 问题 表现 在 大气 、 水 、 土壤 污染 上 ， 但 根子 还是 在 生产 生活 方式 上 ” 。
例如 ， 2015年 江苏省 土地 开发 度 高达 21% ， 位列 全 国 省 、 自治区 最高 。
因此 ， 高 污染 、 大 能源 、 多 占地 的 问题 还 没有 从 生产 生活 方式 转变 上 得到 根本性 应对 。
一方面 ， 从 江苏省 各 级 各 类 生态 环境 创建 成效 来看 ， 以 绝对 优势 位居 全 国 首位 ； 但 另一方面 ， 资源 环境 承载 压力 大 。
扎实 推进 生态 环境 保护 和 治理 ， 需要 从 根本 上 推进 生产 生活 方式 转变 ， 以 生态 文明 建设 促 转型 惠民生 。
近日 ， 浙江省 桐乡市 正福村 狮子浜 的 荷 博 园 正式 对 村民 和 游客 开放 。
该 园 由 100多 个 圆形 小 池塘 组成 ， 种植 了 约 300 个 品种 的 观赏 荷花 、 睡莲 等 。
乡村 荷花 产业 兼具 观赏性 、 休闲性 和 经济 效益 ， 成为 当地 新 农村 发展 的 亮点 。
原 标题 ： “ 走廊 医生 ” 兰越峰诉 央视 主持人 王志安 名誉 侵权 一审 败诉
法制 晚报 讯因 央视 主持人 王志 安在 新浪 微 博上 发表 针对 “ 走廊 医生 ” 事件 的 言论 ， 兰越 峰 将 王志安 及 北京 微梦创科 网络 技术 有限 公司 诉至 法院 。
昨天 下午 ， 海淀 法院 对 该 案 进行 了 宣判 ， 判决 认定 王志安 及 微梦 公司 不 构成 侵权 ， 驳回 了 兰越 峰 的 全部 诉讼 请求 。
2014年 初 ， 央视 记者 王志安 调查 发现 ， 尽管 在 医院 走廊 里 坐了 600多 天 的 兰越 峰 被 媒体 塑造 为 被 体制 打压 的 悲情 英雄 ， 但 这些 报道 存在 大量 不实 信息 。
2014年 3月 29日 ， 央视 新闻 调查 制作 的 《 走廊 医生 》 节目 播出 。
兰越 峰 向 媒体 举报 的 各 种 所谓 过度 医疗 的 信息 ， 均 没有 证据 支持 。
王志安 也 在 实名 认证 的 微博中 ， 描述 “ 兰越 峰 之所以 走到 这 一 步 是 性格 使然 、 其 带有 明显 的 偏执 人格 等 ” 。
兰越 峰 提出 要求 王志安 删除 微博 、 向 其 致歉 并 赔偿 精神 损害 抚慰金 10万 元 。
在 当时 的 庭审 中 ， 双方 就 王志安 是否 侵犯 了 兰越 峰 的 名誉权 进行 了 激辩 。
乌鲁木齐 规范 旅游 散客 市场 经营 秩序 旅行社 必须 与 游客 签 合同
眼下 新疆 已 进入 旅游 旺季 ， 为 规范 旅游 散客 市场 经营 秩序 ， 乌鲁木齐市 旅游 执法 支队 联合 市 运管 局 执法 支队 昨天 对 散客 市场 存在 的 旅游 用 车 不 规范 ， 旅行社 与 游客 签订 合同 率 低等 问题 进行 查处 。
昨天 早上 八点 ， 在 凯宾斯基 酒店 周围 停了 约 10 辆 满载 游客 的 大巴车 ， 这些 车辆 大多 都 是 前往 天池 一 日 游 的 散客 团 。
“ 你 好 ， 我 是 乌鲁木齐市 旅游局 的 ， 你们 跟 这个 旅行社 签 合同 了 嘛 ？ ”
乌鲁木齐市 运管 局 执法 支队 工作 人员 余斌 介绍 ： “ 异地 旅游车 还 有 班 线 车 在 乌鲁木齐 市场 经营 旅游 客运 项目 ， 没有 从业 资格 。 ”
“ 超范围 经营 对 这个 处罚 三 到 十万 的 罚款 ， 驾驶员 没有 从业 资格证 是 2000 元 的 罚款 。 ”
据 了解 ， 此前 乌鲁木齐市 旅游 执法 部门 已 对 西 公园 、 红山 等 旅游 散客 集中 的 地方 进行 了 检查 。
综合 两 次 的 检查 情况 ， 乌鲁木齐市 旅游 执法 支队 副 支队 长 马琪说 ： “ 第一 是 安全 ， 第二 是 规范 ， 旅游 车辆 无 小事 ， 一旦 出 问题 都 是 群伤群死 。 ”
“ 我们 和 运管 联合 持续 的 对 市场 进行 检查 ， 规范 旅行社 用车 行为 保证 游客 安全 。 ”
艾米 是 一 个 聪明 漂亮 的 女孩 。
她 性格 外向 活泼 ， 能 与 朋友们 很 好 地 相处 ， 对 环境 的 适应 能力 也 不错 。
但 艾米 心里 有 一 个 小小 的 秘密 ： 她 不 能 长久 将 注意力 集中 在 她 要 做 的 学习 、 工作 任务 上 。
这个 秘密 陪伴 艾米 很 久 了 。 平时 问题 并不 严重 》
即便 通过 分散的 ， 模块化 的 时间 来 学习 和 工作 ， 她 也 基本上 都 可以 完成 任务 ， 并 取得 不错 的 成绩 。
但是 ， 当 任务 重 ， 时间 紧 的 时候 ， 艾米 就 感觉 到 非常 痛苦 和 折磨 。
个体 对于 自我 暴露 及其 情绪 体验 的 抵抗 ， 其 目的 在于 不使 个体 的 自我 认识 与 自尊 受到 威胁 。
也 有些 行为 主义 心理学家 把 阻抗 理解 为 个体 对于 其 行为 矫正 的 不服从 。
我 试着 让 艾米 做 了 一 个 练习 ， 让 她 通过 呼吸 放松 的 方式 让 自己 平静 下来 ， 去 感受 那 份 煎熬 。
而 一旦 离开 那个 被 困住 的 情境 ， 她 感觉 自己 放松 下来 ， 重新 获得 了 自由 。
刘赐贵 赴 三亚 调研 “ 双 修 、 双城 ” 要求 提升 城市 建管 水平
12日 上午 ， 刘赐贵 主持 召开 座谈会 ， 听取 了 三亚市 “ 双 修 ” “ 双城 ” 试点 工作 推进 情况 的 汇报 及 各 有关 部门 的 意见 建议 。
刘赐贵 对 试点 工作 中 取得 的 阶段性 成果 和 创造 出 的 好 经验 、 好 做法 给予 充分 肯定 。
刘赐贵 强调 ， 三亚 要 紧紧 抓住 历史 发展 机遇 ， 以 “ 双 修 ” “ 双城 ” 试点 工作 为 重要 抓手 ， 在 全 省 经济 社会 发展 中 充分 发挥 好 示范 带动 的 龙头 作用 。
要 在 提升 国际 旅游 岛 国际化 水平 中 发挥 好 带头 作用 ， 从 点滴 细节 入手 ， 丰富 国际 元素 、 打造 国际 精品 。
要 在 城乡 一体化 和 全域 旅游 中 发挥 好 带头 作用 ， 加快 特色 风情 小 镇 建设 ， 将 旅游 元素 融入 每 个 项目 ， 把 三亚 的 每个 乡村 、 城镇 都 建设 成 旅游 景区 。
要 在 “ 服务 社会 投资 百日 大 行动 ” 中 发挥 好 带头 作用 ， 推动 一 批 重大 项目 和 园区 建设 ， 确保 高 质量 项目 的 落地 ， 把 大 行动 的 各 项 要求 落实 好 。
省委 常委 、 三亚 市委 书记 张琦 ， 副省长 王路 ， 省政府 秘书长 陆志远 参加 调研 座谈 。
据 台湾 “ 中央社 ” 报道 ， 大 马尼拉 地区 偏郊 1 所 监狱 昨天 夜间 发生 爆炸 事件 ， 造成 典狱长 受伤 ， 10 名 囚犯 死亡 ， 据报 包括 2 名 华人 。
ABS-CBN 电视台 报道 ， 事件 于 昨晚 9 时 左右 发生 在 帕拉纳 圭市 ( Paranaque ) 监狱 ， 但 警方 直到 今天 凌晨 2时 才 提出 初步 说法 。
警方 说 ， 这 10 名 囚犯 求见 典狱长 ， 申诉 移监 事宜 ， 但 双方 话不投机 ， 有 囚犯 投掷 手榴弹 ， 酿成 爆炸 事件 。
狱方 尚 未 公布 死亡 囚犯 的 姓名 ， 但 GMA 电视台 报道 ， 其中 包括 2 名 华人 。
截至 上午 8 时 ， 狱方 尚 未 提出 详细 的 说明 ， 包括 囚犯 如何 取得 手榴弹 。
昨天 ， 菲国 中部 警方 进入 雷 伊 泰 省 ( Leyte ) 地区 监狱 ， 击毙 1 名 “ 企图 袭警 ” 的 受刑人 。
厦门 姑娘 张彬彬 ： “ 手型 漂亮 ” 开始 射击 之 路 职业 生涯 几 经 “ 逆转 ”
厦门 翔安区 东园村 的 张东红 前 几 天 刚 把 家 中 29 寸 的 老 电视 ， 换成 了 65 寸 的 大 电视 。
这 位 普通 农民 的 女儿 ， 就是 11日 晚 为 中国 斩获 里约 奥运会 女子 50 米 步枪 三 姿 决赛 银牌 的 张彬彬 。
11日 夜 ， 就 在 这部 新 电视 前 ， 张东红 夫妇 和 几十 位 亲戚 好友 ， 一 起 见证 了 女儿 一路 奋起 直追 ， 从 几乎 预赛 就 被 淘汰 到 差点 大 逆转 的 神奇 过程 。
在 当日 的 比赛 中 ， 张彬彬 一度 排名 中下游 ， 似乎 距离 决赛 十分 遥远 。
但 父母 和 亲朋好友 没有 放弃 ， 不停 地 刷着 文字 直播 ， 看到 随着 其他 选手 完赛 ， 张彬彬 名次 一路 提升 ， 最终 锁定 决赛 席位 ， 其家 中 顿时 爆发 从 一 阵 欢呼 。
决赛 中 ， 张彬彬 又 是 在 一度 排名 靠后 的 情况 下 ， 最后 几 枪 越 打 越 稳 ， 仅 以 落后 冠军 0.2 环 成绩 夺得 银牌 。
今年 已经 27 岁 的 张彬彬 ， 在 16 年 的 射击 生涯 中 ， 其实 有 几度 都 差点 与 这块 来之不易 的 银牌 擦身而过 。
其母 张小龙 告诉 记者 ， 就 在 他们 犹豫 时 ， 张彬彬 找来 了 同村 的 几 个 “ 小说客 ” 。
这些 “ 小说客 ” 是 当年 同时 被 推荐 参加 集训 的 同村 小孩 ， 其中 还有 张彬彬 的 表姐 。
就 在 进入 厦门队 后 不久 ， 张彬彬 又 一 度 因为 家庭 困难 等 原因 ， 主动 回到 翔安 的 学校 读书 。
但是 在 其 启蒙 教练 张亚杰 反复做 工作 后 ， 张彬彬 又 回到 了 厦门队 。
而 进入 省队 后 ， 张彬彬 又 曾 因为 迟迟 进 不 了 国家队 ， 一度 因为 看 不 到 希望 而 再度 回到 家里 。
这 次 ， 不仅 张亚杰 教练 ， 厦门 射击 射箭 运动 中心 和 福建 省队 的 领导 和 教练 都 来到 家里 ， 最终 劝说 张彬彬 回到 省队 。
就 如同 昨天 的 比赛 ， 这 位 厦门 姑娘 的 用 坚持 实现 了 射击 之 路 上 的 一 个个 逆转 。
“ 每 个 教练 挑选 队员 的 方法 不 一样 ， 当时 我 看到 彬彬 的 手长 得 很 漂亮 ， 就 一下子 相中 了 。 ”
张东红 也 回忆 ， 在 集训 测试 中 ， 女儿 虽然 成绩 不 是 最好 ， 但 打出 的 环数 很 稳定 ， 这 也 是 张彬彬 吸引 教练 的 重要 原因 。
在 训练 张彬彬 的 过程 中 ， 张亚杰 印象 最 深 的 ， 则 是 这 位 农家 女孩 的 投入 。
他 回忆 说 ， 张彬彬 进入 厦门 射击队 一 年 后 多 ， 队里 进行 立射 的 持久 举枪 训练 ， 要求 队员 半 个 小时 不 能 动 。
张小龙 告诉 记者 ， 女儿 一直 是 个 安静 乖巧 的 孩子 ， 从小 就 喜欢 画画 和 自制 手工 玩具 ，
“ 原来 我 会 在 家里 做做 衣服 、 缝缝 补补 ， 彬彬 就 会 捡 一些 边角料 自己 做 娃娃 。 ”
她 说 ， 女儿 常常 会 自己 缝制 手工 玩具 ， 加上 她 擅长 画画 ， 从 娃娃 的 五官 到 衣饰 ， 总 能 做得 栩栩如生 。
作为 运动员 ， 张彬彬 和 家人 聚少 离 多 ， 只有 节假日 才 能 回家 ， 平时 多 靠 电话 联系 。
父母 说 ， 无论是 见面 还 是 打 电话 ， 张彬彬 很 少说 自己 的 辛苦 ， 更 多 的 是 跟 父母 聊 些 开心 的 事 。
平时 见 不到 女儿 ， 父母 在 家中 将 女儿 小时候 的 画作 以及 历年 的 荣誉 都 细心 收存 着 。
张小龙 将 女儿 的 动漫 画作 展示 给 记者 ， “ 如果 没有 当 射击 运动员 ， 她 应该 还 会 继续 画画 ” 。
而 在 张彬彬 家 二 楼 客厅 ， 有 一 个 柜子 内放 满 了 她 所 获得 的 奖章 、 奖牌 和 证书 。
张东红 将 奖牌 和 奖章 整齐 摆放 ， 证书 则 统一 放进 了 文件夹 保存 ， “ 这些 都 是 彬彬 十几 年 心血 换来 的 荣誉 ， 我们 都 很 珍惜 。 ”
8月 11日 上午 8点 ， 齐鲁 晚报 记者 跟随 “ 健康 中国 行 ” 义诊 服务 小组 来到 东港区 西湖 镇 河沟 村 。
该 村 地处 偏僻 ， 距 市区 约 24 公里 ， 村里 居民 200多 户 ， 因 经济 、 交通 和 身体 等 方面 的 局限性 ， 给 很多 中老年 患者 出门 看病 带来 不便 。
此 次 义诊 的 项目 比较 全面 ， 内科 、 外科 、 呼吸科 、 精神科 、 皮肤科 、 儿科 。
很多 村民 听说 义诊 的 专家 要来 ， 早早 就 已经 在 村 里 的 小 广场 等待 。
67 岁 的 薛大娘 患有 先天性 脊柱侧弯 ， 而 最近 几 年 的 时间 她 又 深 受 “ 哮喘 ” 的 困扰 ， 以致 连 走着 上 个 坡 都 会 气喘吁吁 ， 喘 不 上 气 。
医生 告诉 薛大娘 ， 慢性 支气管炎 想要 根本 治愈 的 可能性 不 大 ， 平常 坚持 用药 可 有所 缓解 。
在 皮肤科 医生 问诊处 ， 一 名 60 多 岁 的 老人 带 着 她 的 小 孙子 前来 咨询 。
老人 的 小 孙子 今年 11 岁 ， 从 孩子 3 岁 开始 ， 左脚 一直 受 “ 脚气 ” 困扰 。
医生 查看 后 告诉 老人 ， 这 并不 是 “ 脚气 ” 而是 季节性 的 湿疹 ， 千万 不 要 随意 用药 耽误 了 治疗 。
“ 在 这个 村 我们 提供 了 看病 和 B 超 的 服务 ， 而 另 一 队 在 五莲县 户部 乡邱 家 店 子 村 的 义诊 服务队 还 提供 了 免费 体检 的 服务 。
此次 下乡 义诊 只是 ‘ 健康 中国 行 ’ 的 其中 一 个 部分 ， 在 以后 的 日子 里 ， 其他 活动 还 将 陆续 开展 。 ”
在 新疆 喀什 的 演习 导演 部 ， 随着 总 导演 的 一声令下 ， 武警 驻 喀什 、 和田 、 阿克苏 三 地 的 各 部队 迅速 按照 导调 指令 ， 实施 机动 集结 ， 开赴 演习 作 战地 。
行业 数据 显示 ， 2015年 煤炭 产能 总 规模 接近 60亿 吨 ， 全 国 煤炭 产能 过剩 18亿 吨 。
近 十 年 来 ， 国务院 前后 共 发布 过 5 次 淘汰 过剩 与 落后 产能 的 通知 。
虽然 前 4 次 没有 针对 煤炭 行业 ， 但 目标 行业 直接 与 煤炭 业 产生 关系 。
去年 11月 到 今年 1月 ， 秦皇岛 5500 大卡 动力 煤 价格 长期 在 370 元 / 吨 低位 徘徊 ， 90% 的 煤炭 企业 陷入 亏损 。
而 2月份 以来 ， 煤价 逐步 回升 ， 近期 秦皇岛 动力 煤 价格 更 是 连续 上涨 四周 ， 上升 到 16 个 月 来 的 高点 ， 一 度 攀 升到 每 吨 436 元 ， 比 年初 上涨 近 70 元 。
随着 价格 回升 ， 各界 担心 随之 产生 ： 一 批 小 煤矿 会 不 会 复工 复产 ？
对此 ， 中国 （ 海南 ） 改革 发展 研究院 经济所 所长 匡贤明 进行 了 分析 与 解读 。
匡贤明 ： 去 产能 引起 了 各方 的 高度 关注 ， 今天 公布 的 煤炭 行业 去 产能 的 成绩单 也 确实 让 大家 感到 比较 担心 。
这 三 个 表层 的 因素 还是 反映 出 了 过去 我们 的 增长 方式 转变 相对 滞后 的 原因 ， 就是 由 政府 主导 的 增长 方式 至今 还 没有 得到 根本性 的 转变 。
第二 ， 这 也 与 地方 政府 的 推进 力度 直接 相关 ， 在 去 产能 的 过程 中 ， 资金 和 相应 的 配套 措施 都 要 到位 ， 从 这个 方面 看来 ， 不同 地区 的 差异 确实 比较 大 。
第三 ， 如果 目前 进度 比较 慢 的 一些 省份 要 在 下半年 赶 进度 ， 它们 可能 会 面临 较 大 的 风险 。
在 这种 情况 下 ， 依靠 中央 奖 补 资金 来 推 进去 产能 的 进程 可能 会 产生 一定 负面 的 影响 。
首先 ， 去 产能 不 是 简单 的 进行 总量 控制 。
我们 的 目的 是 要 通过 淘汰 落后 的 产能 ， 推进 结构 的 优化 ， 重构 整个 煤炭 行业 的 新 业态 。
在 部署 去 产能 的 过程 中 ， 地方 政府 一定 要 把 去 产能 和 煤炭 产业 的 转型 升级 结合 起来 ， 大力 发展 相关 的 服务业 。
第二 ， 要 想 在 今年 年内 完成 今年 的 去 产能 任务 ， 我们 还是 要 充分 发挥 行政 监督 和 行政 监察 的 力量 。
最后 ， 我们 要 加强 社会 保障 的 兜底 作用 。
因为 市场 直接 涉及 到 就业 的 问题 ， 所以 我们 要 加强 对 员工 和 职工 的 就业 技能 培训 。
市民 在 日常 出 行中 ， 发现 爱车 被 陌生 车辆 阻碍 了 ， 在 联系 不 上 陌生 车辆 司机 的 情况 下 ， 可以 使用 “ 微 信 挪 车 ” 功能 解决 这 一 困扰 。
8月 11日 起 ， 西安 交警 微 信服 务 号 “ 西安 交警 ” 推出 “ 微信挪车 ” 服务 。
这 项 服务 推出 后 ， 日常 生活 中 ， 市民 如遇 陌生 车辆 在 驾驶人 不 在 现场 的 情况 下 阻碍 自己 车辆 行驶 时 ， 就 可 通过 使用 “ 微 信 挪 车 ” 功能 解决 此 类 问题 。
这个 新 服务 功能 一 是 快捷 ， 节省 行政 成本 ； 二 是 尊重 、 保护 公民 个人 隐私 ； 三 是 全天候 、 全 时段 服务 。
只要 市民 有 微信 ， 就 可以 非常 便捷 地 自行 操作 ， 这 种 方式 相对 能 使 移 车 双方 都 能 比较 友好 轻松地 “ 相遇 ” ， 缓解 停车 难 问题 ， 并 可 减少 涉车 的 治安 案件 发生 。
另一方面 ， 对于 拒 不 移 车 、 违法 停放 或 妨害 通行 的 车主 ， 西安 交管 部门 表示 ， 交警 届时 将 会 根据 实际 情况 采取 不同 的 处置 措施 ， 视 情况 给予 处理 。
该 片 预计 于 明年 初 在 中央 电视台 和乐 视 首播 ， 还 将 首次 推出 VR 全景 纪实版 。
纪录片 《 极地 》 是 一 部 聚焦 地球 第三 极 青藏 高原 的 大型 作品 ， 以 全新 视角 讲述 藏地 传统 与 现代 交融 以及 西藏 与 世界 互动 的 故事 。
VR 作品 的 最大 优势 是 令 观众 具有 独一无二 的 观影 “ 沉浸 ” 感 ， 而 这 也 对 拍摄 过程 提出 了 更高 要求 。
《 极地 》 全景 VR 特别 版 的 摄制 团队 表示 ， 他们 要 确保 每 一 个 方位 的 画面 都 无可挑剔 ， 让 观众 有 身临其境 之 感 。
传统 习俗 引入 新 亮点 “ 2016 盂兰 文化节 ” 香港 维园 开幕
敲锣 打鼓 的 音乐 、 传统 的 小食 、 花俏 的 装饰 、 人群 汹涌 的 现场 。
由 香港 潮属 社团 总会 主办 的 “ 2016 盂兰 文化节 ” 12日 至 14日 在 维多利亚 公园 举办 ， 这 是 香港 最 盛大 的 一 场 盂兰胜会 。
除了 延续 已 有的 “ 抢孤 竞赛 ” ， 还 增加 了 全 家 可以 参加 的 “ 亲子 盆 供 堆垒赛 ” 。
不仅 用 漫画 形式 介绍 盂兰 文化 历史 ， 现场 还 设有 盂兰 主题 3 D 自 拍区 、 传统 小食区 以及 传统 手艺 流动 教室 等 ， 吸引 不少 小朋友 和 海外 人士 来 体验 参观 。
一 对 来自 法国 的 夫妻 在 活动 现场 逗留 了 近 3 个 小时 ， 并且 在 迷你 花牌 流动 教室 体验 了 一 番 。
“ 在 网上 查到 这个 特别 的 节日 ， 所以 决定 来 看看 ， 感到 很 新鲜 。 ”
他们 表示 ， 虽然 法国 也 有 类似 纪念 先人 的 节日 ， 但 气氛 很 沉重 ， 不像 这里 ， 有 音乐 ， 有 食物 还 可以 学习 传统 手艺 。
她 说 ， “ 在 香港 这么 繁忙 的 金融 大都市 ， 还 能 看到 这么 有 规模 、 有 组织 的 祭拜 祖先 的 仪式 。 ”
“ 这 不仅 体现 了 中国 文化 的 多元性 ， 还 能 让 更 多 人 了解 这些 传统 手艺 并且 传承 下去 。 ”
本 次 活动 总统 筹 胡炎松 表示 ， “ 我们 不 想 把 盂兰 文化节 布置 得很 恐怖 ， 让 人 不 敢 接近 ， 特别是 小孩子 。 ”
“ 我们 希望 通过 现场 年轻化 的 活动 和 布置 ， 让 年轻 人 知道 盂兰节 文化 背后 想 表达 的 是 孝道 和 感恩 。 “
他 也 表示 ， 这 次 共 有 24 个 队伍 参加 “ 抢 孤 竞赛 ” ， 其中 不仅 有 社团 组织 ， 还 与 一些 学校 合作 ， 让 学生 参加 。
据 了解 ， 香港 潮 人 盂兰胜会 已 于 2011年 列入 “ 国家级 非物质 文化 遗产 名录 ” 。
云南省 首 届 青运会 13日 开赛 开幕式 打 民族 牌 展示 青春 活力
云南省 首 届 青少年 运动会 将 于 8月 13日 至 8月 22日 在 德宏州 芒市 举行 。
8月 12日 ， 在 德宏州 芒市 ， 组委会 召开 新闻 发布会 ， 介绍 大赛 的 组织 和 开幕式 筹备 情况 。
云南省 第一 届 青少年 运动会 由 云南省 体育局 主办 ， 芒市 人民 政府 承办 ， 运动会 将 于 13日 上午 举行 开幕式 。
比赛 共 设有 田径 、 足球 、 篮球 、 网球 、 排球 、 举重 、 自行车 、 摔跤 、 体操 、 武术 等 11 个 项目 ， 涉及 180 个 小项 的 比赛 。
云南省 第一 届 青运会 组委会 副主任 、 省 体育局 副局长 常林 介绍 ， 围绕 “ 政府 主导 、 市场 运作 、 节俭 办赛 ” 的 原则 ， 目前 ， 各 项 筹备 工作 已 全部 到位 。
德宏州 老 体协 举重 馆 和 武术馆 、 芒市 一 小 摔跤馆 、 银塔 景区 山地 自行车 赛道 等 修缮 工作 已 完成 。
在 赛事 保障 方面 ， 目前 大会 招募 了 580 名 志愿者 ， 在 比赛 期间 ， 这些 志愿者 们将 在 各个 赛场 为 运动员 和 观众 提供 热情 服务 。
同时 ， 从 德宏州 各 医院 抽调 70 名 医务 人员 和 11 辆 救护车 组成 了 11 个 医疗队 ， 负责 比赛 现场 和 运动员 住宿 的 医疗 保障 工作 。
涉及 开 闭幕式 的 问题 ， 本 届 青运会 的 点火 仪式 结合 了 云南 少数 民族 的 传统 运动 特点 ， 将 展示 丰富 的 云南 文化 内涵 。
目前 为 准备 开幕式 文艺 演出 ， 共 抽调 了 德宏 职业 学院 1500 名 学生 演员 以及 其他 专业 演员 共计 2000余 人 。
开 闭幕式 将 全面 融入 云南 元素 ， 德宏 特色 ， 展示 德宏州 芒市 的 地域 文化 和 民俗 风物 特点 。
目前 ， 开幕式 的 彩排 工作 已 结束 ， 明天 上午 将 举行 正式 演出 。
本 届 青运会 开幕式 文艺 演出 相对 以往 而言 规模 更 大 。
里约 奥组委 在 ２０１２年 制定 的 奥运 传播 战略 中就 曾 说 ： “ 奥运会 成功 与否 是 由 哪些 在 社交 媒体 分享 故事 的 人们 定义 的 。 ”
而 从 本 届 奥运会 的 报道 来看 ， 各 媒体 在 传播 方式 、 产品 形态 、 语言 风格 、 新闻 视角 等 诸多 方面 都 较 以往 做 了 很大 的 改变 。
国际 奥委会 和 世界 各 国 的 媒体 从业者 ， 看来 都 已经 要 迎接 这 一 轮 挑战 了 。
8月 11日 ， 光大 证券 H股 公开 发售 进入 最后 一 天 。 有 消息 指出 ， 招股 前 两 日 市场 反应 平淡 。 按照 计划 ， 其 将 于 8月 18日 在 港交所 挂牌 上市 。
国内 一 家 券商 分析师 表示 ， 东方 证券 在 港 基础 并不 算 好 ， 旗下 资管 业务 才 是 东证 所长 。 相比 中银 国际 、 中信 证券 等 银行 系 券商 ， 显得 先天不足 。
专家 指出 ， 今年 以来 随着 证券 市场 回归 平淡 ， 很多 券商 业绩 都 出现 了 下滑 ， 但 公司 上市 之后 情况 要 更 多 看 公司 本身 业务 的 发展 情况 ， 不 能 一概而论 。
中新网 记者 梳理 发现 ， 目前 至少 已 有 河北 、 吉林 、 天津 、 江西 、 四川 、 海南 、 甘肃 、 福建 、 北京 等 9 个 省 市 出台 了 居住证 实施 细则 。
对于 申领 居住证 的 条件 ， 上述 地区 普遍 提出 ， 需 居住 半 年 以上 ， 符合 有 合法 稳定 就业 、 合法 稳定 住所 、 连续 就读 条件 之一 。
中新网 记者 注意 到 ， 在 居住证 提供 的 待遇 方面 ， 各 地 “ 含金量 ” 不一 ， 与 国家 版 的 规定 相比 ， 一些 地区 提供 的 公共 服务 和 便利 的 范围 有所 扩大 。
这些 地区 均 增加 了 子女 在 满足 相关 条件 下 可 在 当地 参加 中高考 的 便利 。
此外 ， 北京 等多 地 还 明确 要求 ， 逐步 扩大 提供 公共 服务 和 便利 的 范围 ， 并 定期 向 社会 公布 。
如 ， 福建 提出 ， 至少 每 3 年 向 社会 公布 一 次 居住证 持有 人 享受 的 公共 服务 和 便利 的 范围 。
《 居住证 暂行 条例 》 规定 ， 对 符合 居住证 办理 条件 的 ， 公安 机关 应当 自 受理 之 日 起 15日 内 制作 发放 居住证 。
对于 发证 时限 ， 大部分 地区 跟 国家 版 的 意见 一致 ， 即在 15日 内 发放 。
河北 明确 ， 对 符合 申领 条件 、 材料 齐全 的 ， 居住地 公安 派出所 应 自 受理 之日起 3 个 工作日 内 发放 居住证 。
江西 规定 ， 符合 居住证 申领 条件 且 证明 材料 齐全 的 ， 公安 机关 应当 自 受理 之日起 5 个 工作日 内 制作 发放 居住证 。
按照 《 居住证 暂行 条例 》 规定 ， 上述 地区 均 明确 ， 首 次 申领 居住证 ， 免收 证件 工本费 。
如 ， 四川 要求 ， 各 地 公安 派出所 或者 受 委托 的 社区 服务 机构 要 严格 执行 核定 的 收费 项目 及 收费 标准 ， 坚决 禁止 超范围 、 超标准 收费 或 搭车 收费 。
根据 重庆市 气象局 门户 网 对 各 区 县 高温 天气 的 统计 ， 除 酉阳 外 ， 我 市 其余 各 地 都 能 领取 到 不同 程度 的 高温 津贴 。
目前 全 国 至少 已 有 28 个 省份 明确 了 津贴 发放 标准 ， 不过 各 省 市 发放 的 标准 并不 一样 ， 而 重庆 则 是 按 高温 工作日 津贴 的 方式 领取 高温 津贴 。
35 ℃ 以上 37 ℃ 以下 的 ， 按 每 人 每天 不低于 10 元 标准 发放 ； 37 ℃ 以上 的 ， 按 每 人 每天 不低于 15 元 标准 发放 。
40 ℃ 以上 高温 工作 人员 每 月 最多 可 领 20 元 / 天 的 津贴 （ 劳动者 已经 依法 享受 高温 作业 岗位 津贴 的 除外 ） 。
按照 这 一 标准 ， 上 个 月 高温 天气 天数 最 多 的 开州 能 领到 330 元 ， 天数 最 少 的 城口 则 是 80 元 ， 而 酉阳 最 高温 由于 没 达到 高温 标准 外 ， 所以 没有 高温 津贴 。
以往 不少 单位 会 以 清凉 饮品 冲抵 高温 津贴 ， 市 安监局 表示 这 种 行径 不 合乎 现行 办法 。
因 高温 天气 停止 工作 、 缩短 工作 时间 的 ， 用人 单位 不得 扣除 或 降低 劳动者 工资 。
市 人社 局 表示 ， 员工 遇到 高温 下 作业 却 没 收到 高温 津贴 的 ， 可 通过 企业 所在 的 劳动 争议 调解 机构 争取 合法 权益 ， 或 拨打 12333 投诉 。
有 用人 单位 拒不 发放 高温 津贴 的 ， 劳动者 可向 用工 所在 地县级 以上 人力 资源 社会 保障 主管 部门 投诉 。
同时 由于 高温 津贴 是 工资 的 一 部分 ， 不 是 福利 ， 要 纳入 工资 总额 、 扣减 个税 。
因此 高温 津贴 不 在 最 低 工资 范围 内 ， 必须 以 现金 形式 发放 ， 不 能 用 饮料 等 实物 代替 。
１１日 晚 ， 中国 国家 京剧院 携 名剧 《 白蛇传 》 穿越 千 里 来到 墨西哥城 ， 在 墨 国家 美术 宫为 当地 民众 呈现 了 一 场 原汁原味 的 京剧 盛宴 。
作为 “ 中 拉 文化 交流 年 ” 重点 演出 项目 ， ８月 ９日 至 ２３日 ， 中国 国家 京剧院 在 墨西哥 首都 墨西哥城 以及 科尔多瓦 、 华雷斯 等 ５ 座 城市 演出 ７ 场 京剧 。
观众们 跟着 《 白蛇传 》 情节 的 起承转合 、 演员 的 唱念 做 打 ， 时而 会心 微笑 ， 时而 热烈 鼓掌 。
１５ 年 前 曾 观看 过 京剧 演出 的 玛丽萨·希门 尼斯·卡乔 陪着 女儿 看完 演出 。
“ 这 是 一 场 精彩 绝伦 的 表演 ， 音乐 、 灯光 、 舞台 表演 都 让 我 印象 深刻 ， … … 我 觉得 很 有 必要 让 女儿 也 来 了解 中国 文化 和 中国 京剧 艺术 。 ”
墨西哥 观众 的 热情 给 白娘子 扮演者 、 青年 演员 付佳 留下 深刻 印象 。
“ 我 没有 想到 墨西哥 观众 这么 热情 ， 原本 我 对 他们 能否 理解 故事 还 有些 担心 ， 但是 今天 看到 他们 能 抓住 故事 情节 和 许多 笑点 ， 这 出乎 我 的 意料 。 ”
中国 驻 墨西哥 大使 邱小琪 说 ， 今年 “ 中 拉 文化 交流 年 ” 的 各 项 文化 交流 活动 对 推动 中 墨 两 国 人民 加深 了解 、 增进 友谊 具有 积极 作用 。
明年 是 中 墨 两 国 建交 ４５ 周年 ， 届时 将 会 有 更 多 文化 交流 活动 在 中 墨 两 国 举办 。
据 中国 之 声 《 新闻 晚 高峰 》 报道 ， 8月 下旬 ， 日本 首相 安倍晋三 将 赴 肯尼亚 出席 第六 届 非洲 开发 会议 。
非洲 开发 会议 由 日本 主导 ， 此前 的 五 次 会议 均 是 在 日本 东京 或者 横滨 举行 ， 因此 ， 本 次 会议 也 将 是 首次 移师 非洲 。
日本 外务省 官员 就 此 表示 ， 在 非洲 当地 召开 会议 有助于 引起 非洲 和 欧洲 各 国 对 日本 的 关注 。
为了 配合 安倍晋三 的 此次 出访 ， 据 共同社 消息 ， 日本 自民党 将 向 相关 各 国 派遣 议员团 。
日本 “ 入常 ” 之 路 始于 上世纪 90年代 初 ， 而 由 日本 发起 的 非洲 开发 会议 同样 始于 1993年 ， 这 不 是 巧合 ！
非洲 在 联合国 拥有 53 个 席位 ， 是 联合国 的 重要 票仓 ， 日本 要 想 “ 入常 ” ， 又 怎么 会 舍弃 非洲 ？
还 将 与 各 国 相关 人士 就 极端 组织 “ 伊斯兰国 ” 及 恐怖 活动 对策 交换 意见 。
“ 西部 组 ” 将 访问 塞拉利昂 、 利比里亚 、 几内亚 比绍 等 7 个 国家 。
日本 外相 岸 田 文 雄 近来 也 在 联合国 安理会 上 就 此 次 非洲 开发 会议 说明 了 意图 。
安倍 曾 在 此间 宣布 ， 为了 撒哈拉 沙漠 以南 非洲 国家 的 稳定 ， 将 在 5 年 内 提供 1000亿 日元 （ 约 合 人民币 61亿 元 ） 的 援助 。
观察 人士 普遍 认为 ， 一直 以来 ， 日本 对 非洲 的 慷慨 主要 有 两 个 目的 ： 一 是 增加 日本 在 非洲 的 存在 感 ； 二 是 争取 在 入常 问题 上 赢得 非洲 国家 的 支持 。
日本 问题 专家 杨伯江 分析 称 ， “ 从 政治 方面 ， 非洲 虽然 相对 发展 滞后 ， 但是 国家 数量 比较 多 ， 所以 日本 一向 把 它 视为 所谓 的 ‘ 大票田 ’ 。 ”
今后 日本 是 不 会 放弃 的 ， 对于 非洲 的 工作 也 不 会 就此 终止 ， 会 不断 加强 。
经济 方面 ， 因为 日本 的 生产 能力 比较 强 ， 但是 国内 市场 相对 有限 ， 特别是 目前 在 少子 老龄化 背景 下 ， 内需 相对 比较 低迷 。
不过 ， 从 10 年 前 的 小泉纯一郎 ， 到 10 年 后 的 安倍 ， 其间 ， 日本 曾 多 次 发起 的 入常 “ 冲刺 ” ， 却 均 铩羽而归 。
日本 问题 专家 杨伯江 认为 ， 日本 入常 意图 一目了然 ， 但 入常 之 路 势必 困难重重 。
日本 要 实现 自己 的 目标 ， 首先 要 和 周边 国家 搞好 关系 ， 其中 ， 无论 在 地缘 政治 争夺 还是 在 民族 争端 以及 历史 认识 问题 上 ， 日本 需要 有 一 个 正确 的 态度 。
9月 1日 起 ， 60 岁 至 64 岁 的 老年人 可以 半价 乘坐 城区 的 公交车 。
11日 上午 ， 济宁市 公交 公司 IC 卡 销售 中心 ， 办卡 窗口 前 几 位 老年人 正在 排队 办 卡 ， 62 岁 的 姚 大爷 拿到 老年 半价卡 。
此前 ， 济宁市 老龄委 、 市 财政局 、 市 交通局 下发 《 关于 60 — 64 周岁 老年人 半价 乘坐 城区 公交车 的 通知 》 ， 该 优惠 政策 从 今年 的 9月 1日 正式 实施 。
“ 符合 条件 的 老年人 ， 持 二 代 身份证 到 IC 销售 中心 办理 就 可以 ； 外地 户口 符合 这个 年龄 的 老年人 也 享受 这个 优惠 。 ”
济宁市 公交 公司 计算机 中心 副主任 刘霞 说 ， 从 8月 1日 开始 办理 以来 ， 已 办 了 200多 张 老年 半价卡 。
目前 ， 老年 卡 分为 两 种 ， 一 种 是 老年 免费 卡 ， 一 种 是 老年 半价卡 。
“ 为了 方便 老年人 ， 对 系统 进行 了 升级 ， 老年 免费 卡由 原来 一 年 审 两 次 减少 为 一 次 ， 持 卡 的 老年人 不用 跑 两 趟 了 。 ”
西藏 尼玛县 连发 4.4 、 4.5 级 地震 暂 未 造成 人员 伤亡
据 地方 民政 部门 报告 ， 目前 暂 未 造成 人员 伤亡 ， 具体 灾情 正在 进一步 统计 核查 中 。
据 俄罗斯 国防部 介绍 ， 为 协助 这 6 架 战略 轰炸机 对 叙利亚 境内 “ 伊斯兰国 ” 目标 实施 空中 打击 ， 多 架 俄军 战机 从 叙利亚 赫迈米姆 空军 基地 升空 提供 支持 。
今年 2月 22日 ， 美国 与 俄罗斯 就 叙利亚 冲突 各 方 停火 达成 协议 ， 停火 协议 自当月 27日 起 开始 执行 。
根据 协议 ， 停火 不 包括 对 “ 伊斯兰国 ” “ 支持 阵线 ” 等 联合国 安理会 认定 的 恐怖 组织 的 军事 打击 。
俄 将 在 该 基地 继续 建设 相关 军事 基础 设施 ， 俄军人 的 生活 条件 也 会 得到 相应 保障 。
他 还 说 ， 如果 不 对 极端 主义 势力 进行 打击 ， 这些 势力 会 扩展 到 俄罗斯 。
虽然 俄罗斯 与 西方 没有 在 共同 打击 叙 极端 主义 势力 方面 达成 协议 ， 但 俄 会 在 此 方面 加强 与 叙利亚 、 伊朗 、 伊拉克 等 方面 的 合作 。
2015年 9月 ， 俄罗斯 应 叙利亚 政府 邀请 开始 对 叙 极端 主义 势力 进行 军事 打击 。
今年 3月 15日 ， 俄 驻 叙 主要 军事 力量 开始 撤离 ， 但 俄方 承诺 会 继续 保留 驻 赫迈米姆 空军 基地 和 驻 塔尔图 斯 海军 基地 。
上海市 松江区 交管 部门 近日 使用 电子 警察 整治 驾驶员 开车 玩 手机 ， 一 个 星期 查获 30多 起 。
随着 智能 手机 的 普及 ， 手机 越来越 好玩 ， 刷微信 、 发微 博 乃至 玩游戏 、 逛 淘宝 都成 常态 ， 很多 人 似乎 须臾 离 不 开 手机 ， 连 开车 的 时候 都 停 不 下来 。
《 道路 交通 安全法 》 明令 禁止 开车 玩 手机 ， 并 将 它 定义 为 “ 妨碍 安全 驾驶 行为 ” 。
遗憾 的 是 ， 因 违法者 众 、 取证 难 等 原因 ， 这 种 现象 并没有 受到 应有 惩处 ， 法律 规定 几乎 成 了 摆设 。
如果 交管 部门 都 能 下定 决心 向 开车 玩 手机 行为 “ 宣战 ” ， 将 这 一 措施 常态化 ， 这 种 违法 行为 就 一定 能 受到 遏制 。
青岛 是 全 国 第12 个 也 是 山东省 首 个 排污权 有偿 使用 和 交易 试点 城市 。
11日 , 多 家 企业 分别 来到 青岛市 排污 权 交易 中心 提交 排污 权 申购 , 申购 受理 后 将 缴纳 有偿 使用费 。
此 次 即将 完成 的 交易 首 单 也 预示 着 青岛 排污 权 交易 试点 工作 正式 拉开 序幕 , 这 也 将 是 全 省 排污 权 交易 首 单 和 全 国 城市 级 排污权 交易 首 单 。
11日 上午 , 青岛 双 桃 精细 化工 ( 集团 ) 有限 公司 总经理 赵秀平 来到 青岛市 排污 权 交易 中心 提交 排污 权 申购 。
该 企业 位于 青岛 老 城区 的 厂区 去年 年底 全面 停产 , 环保 搬迁 至 平度 的 新 厂区 。
赵秀平 提交 了 申请表 、 建设 项目 环境 影响 报告书 等 材料 后 , 青岛市 排污权 储备 和 交易 服务 中心 开始 对 申请 材料 进行 初审 。
根据 青岛市 物价 、 财政 等 部门 确定 的 征收 标准 , 目前 预估 算 的 初始 排污 权 使用费 约 为 64.12万 元 , 工作 人员 将 在 7 个 工作日 内 完成 核定 。
此 次 即将 完成 的 交易 首 单 也 预示 着 青岛 排污 权 交易 试点 工作 正式 拉开 序幕 , 也 将 是 全 省 排污 权 交易 首 单 和 全 国 城市 级 排污权 交易 首 单 。
赵秀平 说 , 目前 企业 环保 已 投资 达 4 个 亿 , 表面上 数额 巨大 , 但 对 企业 经营 管理 理念 、 社会 效益 都 有 很大 影响 , 对 企业 创新 管理 也 开辟 了 空间 。
当天 , 青岛 四 方 新诚 志卓 客车 配件 有限 公司 也 来 为 年 产 4200 件 高铁 及 动 车组 内饰 配件 项目 申购 排污权 。
该 项目 属于 机械 加工 企业 , 申请 的 初始 排污 权 为 化学 需氧量 ( COD ) 0.514 吨 / 年 、 氨 氮 ( NOX ) 0.052 吨 / 年 。
大气 污染物 排污权 有偿 使用 和 交易 为 全市 电力 、 热力 生产 供应 重点 工业 企业 。
2016年 1月 1日 前 已 取得 环评 的 现有 排污 单位 , 暂不 征收 有偿 使用费 。
“ 有偿 获得 排污 权 并不 等于 获得 了 违法 排污 的 权力 , 并不 能 随意 地 排放 污染物 。 ”
青岛市 环保局 副局长 汉红燕 介绍 , 如果 违法 排污 、 超标 排污 仍然 要 按照 相关 的 法规 予以 处罚 , 不可能 允许 违法 企业 通过 购买 排污 权 的 方式 来 规避 处罚 。
也就是说 , 通过 法律 手段 严厉 打击 环境 违法 行为 , 严惩 企业 的 超标 排污 行为 , 从而 保护 环境 , 保障 公众 健康 。
现在 企业 为了 自身 的 利益 , 提高 了 治污 的 积极性 , 珍惜 有限 的 排污权 , 减少 了 污染物 排放 。
有 了 经济 利益 的 驱动 , 减少 污染物 的 排放 就 从 政府 的 强制 行为 变为 企业 自觉 的 市场 行为 , 从而 真正 达到 保护 环境 、 保护 自然 、 保障 公众 健康 的 目的 。
排污 权 又 称 “ 排放权 ” , 是 排放 污染物 的 权利 , 指 排放者 在 政府 分配 的 额度 内 , 依法 享有 的 向 环境 排放 污染物 的 权利 。
这 种 权利 实质上 是 排污者 对 环境 容量 资源 占有 、 使用 和 收益 的 权利 。
下 一 步 , 在 污染物 排放 总量 不 超过 允许 排放量 的 前提 下 , 内部 各 污染源 之间 通过 货币 交换 的 方式 相互 调剂 排污量 。
排污 权 交易 自 1968年 由 美国 经济 学家 戴尔斯 提出 以来 , 20世纪 70年代 开始 美国 将 其 应用于 大气 及 河流 污染源 的 管理 。
我国 从 2007年 开始 进行 试点 , 目前 已 有 浙江 、 江苏 等 14 个 省 ( 区 、 市 ) 在 全面 推行 。
宁泽涛 在 100 米 自由泳 半决赛 中 的 表现 ， 已经 让 很多 中国 观众 无语 。
可就 在 50 米 自由泳 预赛 中 ， 宁泽涛 再 一 次 刷新 了 人们 的 “ 底线 ” 。
其实 50 米 自由泳 并非 宁泽涛 主项 ， 他 在 喀山 世锦赛 上 的 表现 和 最好 成绩 ， 也 决定 了 他 在 这个 项目 取得 突破 的 可能性 不 大 。
果然 ， 香港 权威 媒体 《 大公报 》 透露 ， 宁泽涛 失利 的 最大 原因 ， 就在于 他 已经 失去 了 对 游泳 的 兴趣 。
场外 的 许多 因素 ， 可能 对 他 对 未来 的 想法 产生 了 很大 影响 ， 他 现在 对 进军 娱乐 圈 可能 更 感 兴趣 。
喀山 世锦赛 后 ， 宁泽涛 凭借 其 超高 颜值 和好 成绩 ， 瞬间 成为 网 红 。
于是 ， “ 国民 老公 ” 、 “ 小 鲜肉 ” 、 “ 花样 美 男 ” 等 称呼 也 不断 成为 他 身上 的 标签 。
各 种 商业 活动 找 上门来 ， 美好 的 钱 途 ， 成为 一 条 金光 闪烁 的 大道 。
在 这种 情况 下 ， 宁泽涛 即使 选择 在 此时 退役 加入 娱乐 圈 ， 不仅 是 他 的 自由 ， 也 是 一 条 看似 可行 的 道路 。
毕竟 他 只有 23 岁 ， 经过 一定 的 学习 ， 完全 可以 凭借 其 人气 出演 一 两 部 电视剧 。
但 宁泽涛 需要 看看 ， 自己 和 这些 前辈 相比 ， 是 不 是 具备 了 足够 的 资格 呢 ？
2000年 悉尼 奥运会 ， 已经 21 岁 的 刘璇 已经 来到 了 运动员 生涯 的 末期 。
刘璇 靓丽 的 外表 让 她 迅速 被 人们 记住 ， 也 奠定 了 她 今后 进军 娱乐圈 的 基础 。
退役 后 ， 刘璇 出演 了 多 部 电视剧 ， 并 在 2013年 成立 了 自己 的 工作室 。
田亮 参加 了 两 次 奥运会 的 单 双 人 十 米 台 比赛 ， 并 获得 了 2 金 2 银 。
但 在 2004年 奥运会 单人 十 米 台 比赛 中 输给 队友 胡佳 后 ， 田亮 的 竞技 状态 出现 下滑 ， 并 被 爆出 被 跳水队 开除 。
而 他 和 女儿 参加 “ 爸爸 去 哪 ” 等 综艺 节目 ， 更 是 让 他 赚足 了 眼球 。
曾经 的 体操 黄金 一 代 杨威 、 李小鹏 以及 陈一冰 都 高调 参加 各 种 综艺 节目 。
值得 一 提 的 是 ， 杨威 李小鹏 当时 带领 中国 获得 了 2008年 奥运会 男团 冠军 ， 杨威 更 是 两 次 拿到 个人 全能 金牌 ， 被 称为 全能 王 。
而 陈一冰 则 在 率领 中国 拿到 2012年 奥运 团体 冠军 的 同时 ， 也 成为 了 吊环 王 。
而 在 伦敦 奥运会 上 遭遇 误判 痛失 金牌 的 后 ， 陈一冰 大度 的 举动 ， 也 让 他 圈粉 无数 。
但 这些 运动员 目前 的 主要 精力 依旧 在 赛场 ， 对于 综艺 节目 也 只 是 如 蜻蜓点水 般 —— 碰下 就 走 。
但 无论是 退役 还是 现役 运动员 ， 能够 得到 娱乐 圈 的 青睐 都 需要 有 拿得 出手 的 成绩 做 保障 。
毕竟 运动员 踏入 一 个 新 的 领域 ， 无论是 能力 还是 人脉 ， 均 是 一 个 空白 状态 。
即使 是 田亮 、 刘璇 这样 混迹 娱乐 圈 多 年 的 “ 老人 ” ， 普通 观众 提起 他们 ， 更 多 的 还是 想到 他们 在 奥运会 上 的 表现 。
而 杨威 、 李小鹏 等 新人 ， 在 综艺 节目 出场 时 的 介绍 ， 无一例外 都 是 “ 奥运 冠军 ” 。
相比 于 以上 几 个 人 ， 宁泽涛 一 个 游泳 世锦赛 冠军 的 名头 还是 略显 单薄 。
更何况 ， 相比 于 田亮 、 刘璇 、 杨威 等人 的 功成身退 ， 宁泽涛 若 在 23 岁 、 运动 生涯 稍 遇 挫折 就 急流勇退 ， 对 其 形象 造成 的 负面 影响 大概 也 是 不可估量 。
毕竟 ， 提起 运动员 ， 人们 的 要求 都 是 “ 不求 百战百胜 ， 但 求 不 畏 艰险 ” ， 宁泽涛 距离 这 一 点 还 差 了 不少 。
退 一万 步 说 ， 宁泽涛 长得 帅 ， 完全 可以 依靠 颜 值 获得 万千 脑 残粉 的 支持 。
没 点 功力 ， 只 靠 外表 ， 想 在 娱乐 圈 混好 ， 这 难度 不 比 好好 训练 找回 应 有的 状态 难 吧 。
人生 之 路 选择 全 凭 个人 意愿 ， 但 到底 如何 选择 ， 宁泽涛 心里 应该 有数 。
格陵兰 鲨又 称 小头 睡鲨 ， 广泛 分布 于 格陵兰岛 与 冰岛 周围 的 北大西洋 海域 ， 其 在 成年 时 所 达到 的 身长 为 4 至 5 米 。
但 它们 的 生长 速度 极其 缓慢 ， 有时 1 年 只 长 约 1 厘米 ， 这 提示 格陵兰鲨 可能 有 着 格外 长的 寿命 。
传统 的 测 年 方法 通常 使用 动物 的 钙化 组织 ， 一些 鲨鱼 中 可以 使用 鳍脊 ， 但 这 种 钙化 组织 在 格陵兰 鲨中 十分 稀少 。
由 丹麦 哥本哈根 大学 的 尤利乌斯·尼尔森 领导 的 新 研究 转而 使用 格陵兰 鲨的 眼部 晶状体 进行 放射性 碳测年 。
这 种 方法 此前 曾用于 测定 鲸鱼 的 年龄 ， 但 用来 确定 鲨鱼 等 鱼类 的 年龄 还是 第一 次 。
他们 的 分析 显示 ， 这 头 最 大 的 鲨鱼 寿命 估计 为 392 岁 ， 误差 为 120 岁 。
这就是说 ， 这 条 鲨鱼 年龄 至少 是 272 岁 ， 最大 可能 达到 512 岁 。
此外 ， 雌性 的 格陵兰 鲨据称 要 到 身长 约 4 米 时 才 能 性 成熟 ， 换算 成 年龄 也就是 至少 要到 156 岁 才 成年 。
研究 人员 因此 在 论文 中 写道 ， 格陵兰 鲨是 地球 上 已知 的 、 最 长寿 的 脊椎 动物 ， 超过 了 以前 的 长寿 冠军 露脊鲸 （ 211 岁 ） 。
北京 时间 8月 12日 消息 ， 2016年 里约 奥运会 女子 50 米 步枪 三 种 姿势 决赛 战罢 ， 中国 老将 杜丽 获得 铜牌 。
杜丽 成为 奥运 四 朝 元老 ， 4 次 奥运 共 拿下 2 金 1 银 1 铜 四 块 奖牌 。
1998年 ， 进入 山东省 射击队 ， 跟随 王 德文 教练 进行 专业 的 射击 训练 。
2003年 6月 ， 参加 射击 世界杯 克罗地亚 站 女子 10 米 气步枪 金牌 并以 504.9 环 打破 世界 纪录 。
2004年 8月 ， 获得 女子 10 米 气步枪 金牌 ， 为 中国 代表队 在 雅典 奥运会 夺得 首 金 。
2008年 8月 ， 在 50 米 运动 步枪 三 姿 的 比赛 中 以 总 成绩 690.3 环 破 奥运会 纪录 夺得 金牌 。
2012年 8月 ， 折戟 伦敦 奥运会 后 ， 杜丽向 国际 射联 申报 了 暂时 退役 申请 。
2015年 1月 ， 杜丽 宣布 重回 国家队 开始 训练 ， 备战 里约 奥运 。
2016年 3月 ， 里约 奥运 选拔赛 结束 ， 时隔 8 年 再次 获得 女子 10 米 气步枪 奥运会 参赛 资格 。
2016年 8月 6日 ， 在 里约 奥运会 女子 十米 气步枪 赛事 中 ， 杜丽以 207 环 的 成绩 获得 银牌 。
2016年 8月 12日 ， 在 里约 奥运会 女子 50 米 步枪 三 种 姿势 比赛 中 ， 获得 铜牌 。
记者 在 现场 看到 ， 一 辆 大型 的 货柜车 车头 在 交警 指挥 下移 靠在 快车道 上 ， 货柜 箱 掉落 在 绿化道 ， 路边 被 砸出 一 条 2 厘米 深 的 坑 。
8月 9日 ， 在 丹凤 县 棣花 古镇 文化 旅游 景区 ， 商洛 供电 公司 10 余 名 青年 职工 来到 这里 开展 “ 相约 古镇 情满 电力 ” 暨 我们 的 节日 · 七夕 主题 活动 。
商洛 供电 公司 丹凤 县 公司 结合 精神 文明 建设 工作 ， 积极 组织 开展 “ 相约 古镇 情满 电力 ” 暨 我们 的 节日 · 七夕 主题 活动 。
参加 活动 的 公司 职工 表示 ： “ 自己 平时 主要 精力 都 用在 工作 和 学习 上 ， 缺少 时间 和平 台 去 和 同事 、 朋友 交流 。 ”
“ 这 次 公司 为 我们 提供 了 这样 一 个 轻松 、 快乐 、 和谐 的 平台 ， 我 非常 喜欢 ， 有 意义 又 不失 趣味 。 ”
七夕 活动 受到 了 现场 青年 职工们 的 广泛 好评 ， 纷纷 希望 该 公司 以后 多 举办 这样 的 活动 ， 与 更 多 其他 的 青年 加强 沟通 与 交流 。
据 了解 ， 海外 会展 成为 推动 浙江省 “ 一 带 一 路 ” 建设 的 重要 平台 。
这些 海外 展会 的 成功 举办 为 继续 开拓 “ 一带 一 路 ” 沿线 新兴 市场 ， 打造 海外 会展 综合 平台 积累 了 宝贵 经验 和 良好 基础 。
8月 12日 上午 ， 国务院 新闻办 就 2016年 7月份 国民 经济 运行 情况 举行 新闻 发布会 。
国家 统计局 新闻 发言人 、 国民 经济 综合 统计司 司长 盛 来 运 表示 ， 7 月份 ， 国民 经济 部分 指标 增速 有所 放缓 ， 但 仍 运行 在 合理 区间 。
国家 统计局 发布 的 数据 显示 ， 7月份 固定 资产 投资 增速 、 进口 总额 等 数据 有所 回落 。
盛 来 运 说 ， 关于 7月份 的 国民 经济 运行 情况 ， 我 想 借用 总理 曾经 讲 过 的 一 句 话 “ 形 有 波动 ， 势 仍 向好 ” ， 这 能够 比较 好 地 概括 7月份 的 经济 运行 的 特征 。
他 解释 “ 形 有 波动 ” 是 指 7月份 部分 经济 指标 增速 确实 是 有所 回落 。
因为 7月份 国内外 经济 仍 处 在 深度 调整 之中 ， 国际 形势 复杂 多变 ， 世界 经济 的 复苏 不及 预期 ， 所以 出口 压力 还是 比较 大 。
从 国内 情况 看 ， 整个 经济 还 处在 调整 的 关键 阶段 ， 调整 的 阵痛 在 释放 ， 经济 面临 不 小 的 下行 压力 ， 所以 有些 指标 有些 波动 。
盛 来 运 指出 ， 7 月份 还 有 一 个 特殊 情况 ， 洪涝 灾害 比较 严重 ， 高温 酷暑 天气 对 一些 地区 的 生产 经营 带来 了 一些 影响 。
根据 民政部 最近 发布 的 情况 ， 全国 6000多万 人 受灾 ， 直接 经济 损失 超过 2000亿 元 。
从 工业 、 投资 、 交通 运输 相关 指标 看 ， 这些 地区 不同 程度 受到 影响 。
7月份 的 货物 周转 运量 增速 比 上 月 回落 3.6 个 百分点 ， 洪涝 灾害 对 这些 地区 的 交通 有 一定 的 影响 。
从 这些 因素 来看 ， 7月份 部分 指标 出现 波动 也 是 很 正常 ， 也是 在 预期 之中 。
他 表示 ， “ 势 仍 向好 ” 指 的 是 尽管 经济 增速 有所 回落 ， 但是 经济 运行 总体 平稳 ， 稳中有进 、 稳 中 向好 的 大势 没有 变 。
7月份 CPI 上涨 1.8% ， 环比 上涨 0.2% ; 1-7 月份 CPI 上涨 2.1% ， 所以 物价 形势 总体 稳定 。
虽说 现在 已经 立秋 ， 可是 “ 秋老虎 ” 的 威力 似乎 一点 不 比 夏天 差 。
紫外线 不仅 让 同学们 的 皮肤 变黑 ， 更加 会 晒 伤 肌肤 ， 如何 让 肌肤 能 顺利 度过 军训 ， 不 被 晒伤 ？
防晒霜 包装 上 一般 都 标有 SPF 和 PA ， SPF 是指 防晒 指数 ， 是 针对 UVB 紫外线 的 ， 我们 常见 的 SPF 指数 有 15 、 30 、 50 等 。
标有 PA 的 产品 是 针对 UVA 的 ， 这样 防晒 品会 发挥 更加 有效 的 作用 ， 通常 情况 下 ， PA 的 强度 用 + 来 表示 ， 多 一 个 + 表示 有效 防护 时间 延长 。
油性 肌肤 应 选择 渗 透力 较 强 的 水性 防晒 用品 ， 防晒 喷雾 也 是 不错 的 选择 。
干性 肌肤 应 选择 霜状 的 防晒 用品 ; 中性 皮肤 一般 无 严格 规定 ， 敏感性 肌肤 擦上 任何 保养品 都 是 一 种 负担 ， 建议 选 纯 物 理性 防晒 产品 。
切记 提前 半小时 涂 防晒霜 ， 因为 防晒 产品 需要 时间 才 能 完全 渗入 到 皮肤 。
军训 日晒 时间 较长 ， 防晒霜 每 隔 两 小时 擦 一 次 才 能 有 持久 效果 ， 千万 不 要 偷懒 。
由于 皮肤 刚 受到 日晒 刺激 的 缘故 ， 军训 回来 不 要 立刻 用 美白 产品 。
军训 暴晒 后 ， 如 有 条件 可 用 毛巾 包着 冰块 来 冰镇 被 灼伤 的 皮肤 以 减缓 局部 燥热 。
冷战 期间 ， 苏联 把 导弹 运进 古巴 ， 差点 导致 美苏 发生 核战争 。
这 一 事件 被 看做 冷战 的 顶峰 ， 史 称 “ 古巴 导弹 危机 ” 。
但 鲜为人知 的 是 ， 同样 是 冷战 期间 ， 一 场 强烈 的 太阳 风暴 也 曾 险些 导致 美国 对 苏联 发动 核 战争 ， 这 一 事件 直到 8月 9日 才 首 次 由 研究 人员 对外 公布 。
1967年 5月 23日 ， 一 场 强烈 的 太阳 风暴 对 美国 军方 位于 北极 的 雷达 与 无线电 通信 造成 强烈 干扰 。
这些 雷达 是 美国 弹道 导弹 预警 系统 的 一 部分 ， 用于 监测 苏联 的 导弹 。
这 篇 由 美国 科罗拉多 大学 研究 人员 完成 的 论文 采访 了 当时 参与 预报 与 分析 太阳 活动 的 美 军方 人员 ， 并 查阅 了 非保密 文献 。
论文 写道 ， 上世纪 60年代 ， 为 防止 苏联 突然 发动 核 战争 ， 美国 空军 始终 有 一 部分 载有 核弹头 的 战机 飞 在 天上 。
美军 军方 指挥官 不知道 这 次 干扰 的 罪魁祸首 是 太阳 风暴 而非 苏联 ， 于是 下令 使 战机 进入 战斗 准备 状态 。
幸运 的 是 ， 美国 军方 从上 世纪 50年代 末 就 开始 的 太阳 活动 及其 对地 球 电磁 干扰 的 研究 ， 最终 阻止 了 这 场 潜在 的 军事 冲突 。
稍后 ， 他 汇总 美国 空军 航空 气象 处 提供 的 信息 ， 提交 了 一 份 详细 报告 。
这 场 太阳 风暴 的 直接 后 果是 ， 美国 军方 从此 把 空间 天气 视为 一 项 作战 关切 ， 并 建立 了 一 个 更 强大 的 空间 天气 预报 系统 。
记者 今天 从 国家 税务 总局 了解 到 , 截至 今年 6月 底 , 各 级 税务 机关 已 公布 税收 违法 “ 黑名单 ” 案件 2470 件 。
据 了解 , 2014年 7月 , 国家 税务 总局 在 中央 政府 职能 部门 中 先行 一 步 , 与 《 纳税 信用 管理 办法 》 联袂 发布 了 《 重大 税收 违法 案件 信息 公布 办法 》 。
不但 这些 案件 的 违法 事实 、 法律 依据 、 处理 处罚 情况 会 被 公布 , 而且 违法 当事人 的 基本 信息 以及 相关 中介 机构 责任人 也会 被 列入 “ 黑名单 ” 一并 曝光 。
质检 、 财政 、 海关 等 政府 部门 也 对 “ 黑名单 ” 当事人 采取 了 相关 惩戒 措施 。
“ 信用 修复 机制 是 税收 信用 体系 建设 乃至 全 社会 信用 体系 建设 的 一 个 重要 的 里程碑 , 标志 着 我 国 社会 信用 体系 建设 在 不断 发展 完善 , 日趋 成熟 。 ”
升级 改造 后 的 京杭 大 运河 支线 航道 老 万福河 、 北大溜 航道 9月 1日 起 收取 通行费 。
这 两 条 支流 航道 采取 社会 融资 方式 进行 改造 建设 , 收费 已 获 省 政府 相关 部门 批准 。
老 万福河 航道 流经 金乡 、 鱼台 , 经 南阳湖 进入 京杭 大 运河 主 航道 , 全长 32.5 公里 。
根据 通航 需要 , 老 万福河 航道 采取 养护 改造 的 方式 , 对 局部 水深 进行 了 浚深 , 局部 急弯 进行 裁弯 取直 等 , 通航 条件 得以 改善 。
该 航道 流经 金乡县 、 任 城区 , 经南 阳湖 进入 京杭 大 运河 主 航道 , 全长 19 公里 。
两 条 航道 的 改造 工程 于 2011年 2月 开工 建设 , 2015年 1月 完成 交工 验收 , 投资 建设 和 运营 主体 为 济宁市 安平 运河 物流 服务 中心 。
按照 “ 贷款 建设 、 收费 还贷 ” 的 原则 , 济宁市 安平 运河 物流 服务 中心 依据 山东省 物价局 批复 的 收费 标准 征收 航道 通行费 。
其中 , 基础 通行费 按 1.75 元 / 载重 吨 计收 , 里程 通行费 按 0.05 元 / 公里 载重 吨 计收 。
通行费 征收 时间 自 2016年 6月 15日 起 至 2019年 6月 14日 止 。
记者 从 济宁市 港航局 了解 到 , 目前 济宁 境内 共 有 4 条 收费 航道 , 分别 为 洙水河 航道 、 白马 河 航道 、 北大溜 航道 、 老 万福河 航道 。
4 条 航道 为 京杭 大 运河 的 支流 航道 , 均 采取 社会 融资 的 方式 进行 升级 改造 。
洙水河 航道 升级 改造 工程 是 第一 个 采用 “ 政府 + 市场 ” 的 模式 , 用于 山东省 内河 港航 基础 设施 建设 的 项目 , 政府 占 主体 投资 , 社会 资金 补充 资金 缺口 。
白马河 、 老万福河 、 北大溜 河 等 支线 航道 采取 的 是 纯 市场化 运作 的 方式 。
国家 财政 拨付 的 资金 不 能 满足 工程 建设 的 需要 , 制约 着 航道 升级 的 进度 。
社会 资金 用于 公共 基础 设施 的 建设 符合 国家 政策 的 要求 , 也 成为 破解 资金 瓶颈 的 途径 。
南湖 公园 水域 管理科 科长 郑建军 介绍 ， 南湖 水 底 最深处 超过 10 米 ， 不 了解 情况 下 水 者 ， 很可能 发生 危险 。
“ 虽说 南湖 救援队 非常 专业 ， 但 仍 希望 广大 划船 的 游客 能 穿上 救生衣 ， 在 湖上 不 要 做 违规 行动 ， 安全 游玩 。 ” 郑建军 说 。
印度 一 名 大叔 上 周刚 在 迪拜 国际 机场 经历 飞机 机腹 着陆 惊魂 ， 本 周 就 在 同 一 座 机场 中 了 100万 美元 大奖 。
久 居 阿联酋 迪拜 的 印度人 穆罕默德·巴希尔 · 阿卜杜勒·赫达尔 每次 回国 都 有 买 彩票 的 习惯 。
他 21 岁 的 儿子 在 出生 13 天时 因 意外 坠落 导致 瘫痪 ， 他 一直 辛苦 工作 偿还 儿子 的 医疗 费用 贷款 。
“ 从 空难 中 逃脱 是 神 给 了 我 二 次 生命 ， 而 又 给 了 我 这 笔 钱 让 我 行善 ， ” 赫达尔 说 。
原 标题 ： 加拿大 警方 击毙 IS 支持者 ： 自制 炸弹 袭击 闹市 准备 工作 近 尾声
出租车 公司 表示 ， 这 辆 出租车 在 警方 到达 前 被 调度 到 德赖弗 家中 。
加拿大 警方 在 周三 的 新闻 发布会 中 表示 ， 警方 收到 的 信息 包括 美国 联邦 调查局 提供 的 有关 这 名 青年 将 要 实施 袭击 的 " 殉道 视频 " 。
据 德国 之 声 报道 ， 视屏 中 ， 一 名 头戴 黑色 巴拉克 拉法帽 的 男子 正在 朗读 《 古兰经 》 ， 提到 针对 穆斯林 的 罪行 ， 并 发誓 将 很 快 对 加拿大 的 一 座 城市 发动 袭击 。
他 在 视频 中 表示 ， 袭击 将 在 72 小时 内 发生 ， 而且 是 在 高峰 时间 。
此次 事件 是 加拿大 总理 贾斯廷·特鲁多 （ Justin Trudeau ） 去年 上台 后 ， 警方 首次 在 事发 前 击毙 恐怖 嫌疑人 。
连续 熬夜 看 奥运 赛事 容易 损伤 心脏
巴西 奥运会 赛事 正 如火如荼 地 进行 ， 即便 赛事 播出 时 在 国内 是 半夜时分 ， 很多 市民 也 会 熬夜 观看 。
对此 ， 医生 特别 提醒 ， 熬夜 看 赛事 存在 健康 隐患 ， 有可能 引发 心血管 疾病 。
如果 长 时间 熬夜 ， 该 激素 仍会 大量 分泌 ， 人 体会 持续 处于 紧张 兴奋 的 状态 ， 无法 得到 正常 的 恢复 ， 容易 引起 血管 收缩 、 血压 升高 ， 从而 引起 心血管 疾病 。
韩志 远 特别 提醒 ， 有 高血压 、 高 血糖 、 高 血脂 、 吸烟 习惯 、 家族 病史 等 心血管 危险 因素 的 群体 ， 如果 熬夜 ， 会 更 容易 引发 心血管 疾病 。
如果 长期 熬夜 ， 不仅 心血管 功能 受 影响 ， 而且 胃肠 功能 、 免疫 系统 、 神经 内分泌 系统 都会 受 影响 ， 甚至 罹患 肿瘤 的 风险 也 会 增大 。
对于 老年 朋友 ， 韩志 远 建议 ， 尽量 不 要 为了 看 奥运 比赛 而 熬夜 ， 特别是 有 心血管 疾病 史 的 群体 。
在 上届 “ 世界杯 ” 足球赛 期间 ， 韩志 远 曾 接诊 过 一 名 60 多 岁 的 患者 ， 其 心肌梗塞 的 引发 或 与 熬夜 看 比赛 有关 。
韩志 远 介绍 ， 今年 以来 ， 其 科室 已 接诊 了 一些 25 岁 左右 的 心肌梗塞 或者脑 中风患者 ， 这 很 大 程度 上 是 患者 长期 熬夜 的 生活 方式 造成 的 。
1 . 不要 每天 都 熬夜 ， 偶尔 熬夜 观看 最 喜欢 的 体育 项目 ， 其他 项目 不妨 等 第二 天 看 赛事 重播 。
2 . 熬夜 时 适时 补充 水分 ， 多 吃 水果 ， 可 预防 血管 堵塞 、 增强 机体 免疫力 。
据 台湾 媒体 报道 ， 台 “ 行政 院长 ” 林 全 昨天 上午 宣布 ， “ 政党 及其 附随 组织 不当 取得 财产 处理 条例 ” 自 今天 起 生效 。
国民党 副主席 詹启贤 则 表示 ， “ 一 个 一百多 年 历史 的 国民党 ， 有 社会 的 承诺 跟 责任 ， 不 会 这样 就 倒闭 ” 。
林 全 强调 ， 如果 政党 、 附随 组织 或 受托 管理人 等 违反 条例 所定 禁止 处分 的 规定 ， 委员会 将 依 职权 调查 并 “ 依法 ” 处分 、 裁罚 。
林 全 也 宣布 不当 党产 委员会 的 副主委 人选 ， 将 由 台 “ 廉政署 副署长 ” 洪 培根 担任 。
他 说 ， 由 顾立雄 担任 不当 党产 委员会 主委 是 不二 人选 ， 借用 洪 培根 过去 查察 相关 重大 案件 的 经验 ， 将 作为 委员会 清查 相关 不当 党产 案件 的 基础 。
詹启贤 认为 ， 今天 只要 还 有 党产 ， 没有 人 会 给 你 社会 捐款 ， 若 党 产 统统 被 充公 收走 ， 国民党 刚好 可 请求 社会 支持 与 赞助 ， “ 今天 真的 没有 了 才 有 机会 去 要 ” 。
詹启贤 也 强调 ， 就算 不当 党产 条例 上路 后 ， 国民党 党产 没 被 完全 充公 、 没收 ， 剩下 的 仍会 依 承诺 捐 出去 ， 让 党 产准归零 ， 党 要 一切 从零开始 。
此 案件 发生 后 ， 经 多 家 媒体 报道 后 ， 成为 焦点 案件 ， 社会 影响 极 坏 。
案件 发生 后 ， 海口市 公安局 刑警 支队 领导 高度 重视 ， 立即 组织 支队 一 大 队 精干 警力 主动 出击 展开 侦查 。
警方 立即 将 该 嫌疑人 执行 上网 追逃 ， 采取 多 种 措施 布控 ， 并 通过 联系 外地 警方 协查 王 某国 的 下落 。
由于 该 嫌疑人 系 盗窃 惯犯 ， 屡次 被 公安 机关 打击 处理 过 ， 具有 较 强 的 反侦察 能力 ， 加上 他 长期 吸毒 ， 讯问 中 毒瘾 时常 发作 ， 审讯 工作 非常 困难 。
近日 ， 由 中国 文联 、 青海省 政府 主办 的 第十 届 中国 国际 民间 艺术节 在 青海 西宁 拉开 帷幕 。
来自 五大洲 13 个 国家 和 地区 的 艺术团 约 300 余 名 艺术家 同聚 一堂 ， 为 观众 带来 了 极 具 国际性 与 民族 民间 特色 的 精彩 演出 。
一 年 以来 ， 汇改 成果 显著 ， 人民币 汇率 保持 基本 稳定 ， 同时 也 为 推动 人民币 国际化 奠定 了 基础 。
从 市场 表现 来看 ， 一 年 来 ， 人民币 汇率 双向 浮动 特征 明显 ， 汇率 弹性 增强 ， 汇率 预期 总体 平稳 。
汇改 至今 ， 人民币 对 美元 中间 价超 百 点 的 上下 波动 屡屡 出现 ， 但 过程 升 贬 交替 。
去年 “ 8·11 ” 汇改 之前 的 最后 一 次 汇改 措施 实施 于 2005年 ， 十 年 间 人民币 对 美元 显著 升值 。
新 汇改 实施 以来 ， 人民币 改变 了 之前 升值 状态 ， 一 年 间 人民币 汇率 中间 价 贬值 约 8％ 。
今年 10月 1日 ， 国际 货币 基金 组织 将 正式 接纳 人民币 ， 成为 ＳＤＲ （ 特别 提款权 ） 权重 货币 。
本 周 ， 中国 海关 总署 公布 的 统计 数据 显示 ， 今年 前 7 个 月 ， 中国 进出口 总值 13.21万亿 元 人民币 ， 比 去年 同 期 下降 3％ 。
而 在 7月 当月 ， 中国 进出口 总值 同比 仅 下降 0.9％ ， 特别是 出口 同比 增长 了 2.9％ 。
相关 专家 认为 ， 尽管 7月 进出口 有 企稳 迹象 ， 但 不 应 有 过高 预期 。
7月 ， 中国 进出口 总值 2.09万亿 元 人民币 ， 同比 下降 0.9％ 。
其中 ， 出口 1.22万亿 元 人民币 ， 增长 2.9％ ； 进口 8730亿 元 人民币 ， 下降 5.7％ ； 贸易 顺差 3428亿 元 ， 扩大 34％ 。
尽管 进出口 总值 同比 依然 下降 ， 但 出口 数据 出现 了 增长 ， 这 也 是 自 今年 3月 以来 ， 出口 实现 连续 第五 个 月 增长 。
哈 米尔 又 说 ， 另 有 34 人 受伤 送医 ， 包括 3 名 消防 人员 受 了 轻伤 ， 他们 已经 出院 。
由于 有些 住户 仍 下落不明 ， 他 也 呼吁 起火 公寓 的 居民 与 当局 联络 。
据悉 ， 在 这 栋 公寓 住 了 30 年 的 杜雷 女士 ( Mariana Turay ) 表示 ： “ 好像 有 炸弹 掉 下来 。 ”
据悉 ， 当地 消防队 花费 了 1 小时 45 分钟 才 扑灭 大火 ， 附近 建筑 的 居民 在 几 小时 后 获准 返回 住处 。
美国 红十字会 人员 估计 ， 大约 有 100 人 无家可归 ， 其中 60 至 70 人 暂留 附近 小区 中心 的 收容所 ， 他们 大都 是 西裔 居民 。
“ 一定 要 把 从 国内 学到 的 才艺 在 俄罗斯 发扬 开来 ” 。
当地 时间 12日 ， 莫斯科 华侨 华人 联合会 主席 黄静 在 看到 中新网 记者 时 激动 的 说道 。
前不久 ， 她 在 国内 参加 了 由 中国 国务院 侨务 办公室 主办 、 暨南 大学 承办 的 “ 海外 华人 文化 社团 中华 才艺 ( 书法 、 绘画 ) 培训班 ” 。
刚刚 参加 培训班 时 ， 自己 对于 书画 完全 不 知道 从 哪里 下手 ， 结果 在 培训班 结束 后 ， 已经 能 画出 和 写出 自己 的 作品 。
自己 回 莫斯科 后 ， 一定 要 用 所 学到 的 知识 和 技能 ， 为 中华 文化 的 传播 和 弘扬 作出 自己 的 贡献 。
同时 参加 这一 培训班 的 俄罗斯 中华 文化 促进会 秘书长 那延伟 也 有 相同 感觉 。
她 说 ， 自己 在 培训班 老师 的 帮助 下 进步 非常 大 ， 同时 也 感受 到 了 作为 “ 中华 文化 海外 传播者 ” 的 重任 。
那 延伟 说 ， 自己 回 俄 后 定要 把 中华 传统 文化 在 华人 和 热爱 中国 文化 的 俄罗斯人 中间 传播 和 弘扬 下去 。
海口 海事 法院 凌晨 立案 确保 临高 渔船 沉没 事件 当事人 权益
3 名 身亡 船员 的 亲属于 8月 7日 凌晨 4点 赶赴 海口 海事 法院 ， 提起 诉前 财产 保全 扣押 涉嫌 肇事 货轮 的 申请 。
4 日 事发后 ， 涉嫌 肇事 货轮 被 海事局 扣押 于 海口 秀英港 协助 调查 。
鉴于 海事局 72 小时 扣押 期限 于 8月 7日 上午 9点 届满 ， 遇难者 亲属于 7 日 凌晨 向 法院 提起 财产 保全 申请 。
凌晨 4点20 分 ， 申请人 提起 诉前 财产 保全 ， 值班 法警 耐心 接待 。
8月 11日 ， 记者 电话 采访 已 回到 四川 绵阳 家中 的 黄伊琳 时 ， 她 说 ： “ 当时 情况 太紧 急了 ， 我 心里 只 有 一 个 念头 就是 救人 ! ”
黄伊琳 是 中南林 科大 风景 园林 学院 2015 级 的 学生 。
就读 城乡 规划 专业 的 黄伊琳 想 去 四川 阆中 参观 学习 当地 的 建筑 设计 ， 于是 一 家 人 便 前往 旅游 。
8月 8日 上午 10点 左右 ， 黄伊琳 的 父亲 在 酒店 休息 ， 母女 俩 出来 准备 逛逛 阆中 古城 。
刚 走 了 没 多 远 ， 突然 看到 一 群 人 在 大呼小叫 ， 出于 好奇 便 走上 前去 。
眼看 着 “ 小 男孩 已 不 见 了 踪影 ， 小 女孩 在 水 里 拼命 扑腾 ， 江面 上 只 露出 她 的 小 脑袋 ， 不时 往下 沉 ” ， 小时候 学过 游泳 的 黄伊琳 急急忙忙 地 跳 下去 救人 。
下水 后 ， 身高 165 厘米 的 黄伊琳 发现 竟 踩 不 到底 !
